<?xml version="1.0" encoding="UTF-8"?>
<coverage generated="1785295912665" clover="3.2.0">
  <project timestamp="1785295912665" name="All files">
    <metrics statements="265" coveredstatements="240" conditionals="91" coveredconditionals="90" methods="74" coveredmethods="61" elements="430" coveredelements="391" complexity="0" loc="265" ncloc="265" packages="8" files="30" classes="30"/>
    <package name="execution.engine">
      <metrics statements="65" coveredstatements="65" conditionals="10" coveredconditionals="10" methods="6" coveredmethods="6"/>
      <file name="executeFlow.ts" path="/Users/naufalazhar/Documents/PROJECT/QA-WORKSPACE/flowtest-studio/src/features/execution/engine/executeFlow.ts">
        <metrics statements="48" coveredstatements="48" conditionals="6" coveredconditionals="6" methods="5" coveredmethods="5"/>
        <line num="20" count="5" type="stmt"/>
        <line num="26" count="5" type="stmt"/>
        <line num="27" count="5" type="stmt"/>
        <line num="29" count="5" type="stmt"/>
        <line num="34" count="5" type="stmt"/>
        <line num="36" count="5" type="stmt"/>
        <line num="42" count="5" type="stmt"/>
        <line num="46" count="5" type="stmt"/>
        <line num="52" count="5" type="stmt"/>
        <line num="54" count="5" type="cond" truecount="2" falsecount="0"/>
        <line num="55" count="1" type="stmt"/>
        <line num="56" count="1" type="stmt"/>
        <line num="58" count="1" type="stmt"/>
        <line num="62" count="1" type="stmt"/>
        <line num="64" count="1" type="stmt"/>
        <line num="65" count="1" type="stmt"/>
        <line num="69" count="1" type="stmt"/>
        <line num="70" count="1" type="stmt"/>
        <line num="73" count="1" type="stmt"/>
        <line num="76" count="1" type="stmt"/>
        <line num="78" count="1" type="stmt"/>
        <line num="79" count="1" type="stmt"/>
        <line num="83" count="1" type="stmt"/>
        <line num="84" count="1" type="stmt"/>
        <line num="87" count="1" type="stmt"/>
        <line num="89" count="1" type="stmt"/>
        <line num="91" count="1" type="stmt"/>
        <line num="96" count="4" type="stmt"/>
        <line num="102" count="4" type="stmt"/>
        <line num="104" count="4" type="stmt"/>
        <line num="106" count="4" type="stmt"/>
        <line num="108" count="4" type="stmt"/>
        <line num="112" count="4" type="cond" truecount="2" falsecount="0"/>
        <line num="116" count="1" type="stmt"/>
        <line num="120" count="1" type="stmt"/>
        <line num="122" count="1" type="stmt"/>
        <line num="126" count="4" type="stmt"/>
        <line num="132" count="3" type="cond" truecount="2" falsecount="0"/>
        <line num="134" count="4" type="stmt"/>
        <line num="145" count="3" type="stmt"/>
        <line num="146" count="3" type="stmt"/>
        <line num="149" count="3" type="stmt"/>
        <line num="151" count="3" type="stmt"/>
        <line num="155" count="1" type="stmt"/>
        <line num="158" count="1" type="stmt"/>
        <line num="160" count="1" type="stmt"/>
        <line num="164" count="1" type="stmt"/>
        <line num="166" count="4" type="stmt"/>
      </file>
      <file name="executeNode.ts" path="/Users/naufalazhar/Documents/PROJECT/QA-WORKSPACE/flowtest-studio/src/features/execution/engine/executeNode.ts">
        <metrics statements="17" coveredstatements="17" conditionals="4" coveredconditionals="4" methods="1" coveredmethods="1"/>
        <line num="13" count="4" type="stmt"/>
        <line num="14" count="4" type="stmt"/>
        <line num="16" count="4" type="stmt"/>
        <line num="18" count="4" type="stmt"/>
        <line num="20" count="4" type="stmt"/>
        <line num="22" count="4" type="cond" truecount="2" falsecount="0"/>
        <line num="23" count="1" type="stmt"/>
        <line num="26" count="4" type="stmt"/>
        <line num="32" count="4" type="stmt"/>
        <line num="37" count="3" type="stmt"/>
        <line num="39" count="3" type="stmt"/>
        <line num="41" count="3" type="stmt"/>
        <line num="48" count="3" type="cond" truecount="2" falsecount="0"/>
        <line num="53" count="1" type="stmt"/>
        <line num="55" count="1" type="stmt"/>
        <line num="57" count="1" type="stmt"/>
        <line num="64" count="1" type="stmt"/>
      </file>
    </package>
    <package name="execution.graph">
      <metrics statements="20" coveredstatements="20" conditionals="11" coveredconditionals="11" methods="15" coveredmethods="15"/>
      <file name="GraphNavigator.ts" path="/Users/naufalazhar/Documents/PROJECT/QA-WORKSPACE/flowtest-studio/src/features/execution/graph/GraphNavigator.ts">
        <metrics statements="6" coveredstatements="6" conditionals="1" coveredconditionals="1" methods="5" coveredmethods="5"/>
        <line num="17" count="7" type="stmt"/>
        <line num="18" count="7" type="stmt"/>
        <line num="22" count="6" type="stmt"/>
        <line num="31" count="1" type="stmt"/>
        <line num="40" count="1" type="stmt"/>
        <line num="50" count="6" type="stmt"/>
      </file>
      <file name="findIncomingEdges.ts" path="/Users/naufalazhar/Documents/PROJECT/QA-WORKSPACE/flowtest-studio/src/features/execution/graph/findIncomingEdges.ts">
        <metrics statements="2" coveredstatements="2" conditionals="0" coveredconditionals="0" methods="2" coveredmethods="2"/>
        <line num="7" count="3" type="stmt"/>
        <line num="8" count="8" type="stmt"/>
      </file>
      <file name="findNextNode.ts" path="/Users/naufalazhar/Documents/PROJECT/QA-WORKSPACE/flowtest-studio/src/features/execution/graph/findNextNode.ts">
        <metrics statements="6" coveredstatements="6" conditionals="8" coveredconditionals="8" methods="3" coveredmethods="3"/>
        <line num="12" count="12" type="stmt"/>
        <line num="14" count="18" type="cond" truecount="2" falsecount="0"/>
        <line num="20" count="12" type="cond" truecount="2" falsecount="0"/>
        <line num="21" count="6" type="stmt"/>
        <line num="24" count="6" type="stmt"/>
        <line num="26" count="15" type="stmt"/>
      </file>
      <file name="findOutgoingEdges.ts" path="/Users/naufalazhar/Documents/PROJECT/QA-WORKSPACE/flowtest-studio/src/features/execution/graph/findOutgoingEdges.ts">
        <metrics statements="2" coveredstatements="2" conditionals="0" coveredconditionals="0" methods="2" coveredmethods="2"/>
        <line num="8" count="3" type="stmt"/>
        <line num="9" count="8" type="stmt"/>
      </file>
      <file name="findStartNode.ts" path="/Users/naufalazhar/Documents/PROJECT/QA-WORKSPACE/flowtest-studio/src/features/execution/graph/findStartNode.ts">
        <metrics statements="4" coveredstatements="4" conditionals="2" coveredconditionals="2" methods="3" coveredmethods="3"/>
        <line num="10" count="11" type="stmt"/>
        <line num="11" count="9" type="stmt"/>
        <line num="14" count="11" type="stmt"/>
        <line num="16" count="12" type="stmt"/>
      </file>
    </package>
    <package name="execution.runners">
      <metrics statements="58" coveredstatements="58" conditionals="14" coveredconditionals="14" methods="15" coveredmethods="15"/>
      <file name="AssertRunner.ts" path="/Users/naufalazhar/Documents/PROJECT/QA-WORKSPACE/flowtest-studio/src/features/execution/runners/AssertRunner.ts">
        <metrics statements="5" coveredstatements="5" conditionals="2" coveredconditionals="2" methods="1" coveredmethods="1"/>
        <line num="5" count="2" type="stmt"/>
        <line num="7" count="2" type="cond" truecount="2" falsecount="0"/>
        <line num="8" count="1" type="stmt"/>
        <line num="12" count="1" type="stmt"/>
        <line num="16" count="1" type="stmt"/>
      </file>
      <file name="BackRunner.ts" path="/Users/naufalazhar/Documents/PROJECT/QA-WORKSPACE/flowtest-studio/src/features/execution/runners/BackRunner.ts">
        <metrics statements="2" coveredstatements="2" conditionals="0" coveredconditionals="0" methods="1" coveredmethods="1"/>
        <line num="5" count="2" type="stmt"/>
        <line num="7" count="1" type="stmt"/>
      </file>
      <file name="CloseAppRunner.ts" path="/Users/naufalazhar/Documents/PROJECT/QA-WORKSPACE/flowtest-studio/src/features/execution/runners/CloseAppRunner.ts">
        <metrics statements="3" coveredstatements="3" conditionals="0" coveredconditionals="0" methods="1" coveredmethods="1"/>
        <line num="6" count="2" type="stmt"/>
        <line num="8" count="1" type="stmt"/>
        <line num="10" count="1" type="stmt"/>
      </file>
      <file name="DelayRunner.ts" path="/Users/naufalazhar/Documents/PROJECT/QA-WORKSPACE/flowtest-studio/src/features/execution/runners/DelayRunner.ts">
        <metrics statements="9" coveredstatements="9" conditionals="2" coveredconditionals="2" methods="2" coveredmethods="2"/>
        <line num="3" count="2" type="stmt"/>
        <line num="5" count="2" type="stmt"/>
        <line num="7" count="2" type="cond" truecount="2" falsecount="0"/>
        <line num="8" count="1" type="stmt"/>
        <line num="11" count="1" type="stmt"/>
        <line num="13" count="1" type="stmt"/>
        <line num="15" count="1" type="stmt"/>
        <line num="16" count="1" type="stmt"/>
        <line num="19" count="1" type="stmt"/>
      </file>
      <file name="HomeRunner.ts" path="/Users/naufalazhar/Documents/PROJECT/QA-WORKSPACE/flowtest-studio/src/features/execution/runners/HomeRunner.ts">
        <metrics statements="2" coveredstatements="2" conditionals="0" coveredconditionals="0" methods="1" coveredmethods="1"/>
        <line num="5" count="2" type="stmt"/>
        <line num="7" count="1" type="stmt"/>
      </file>
      <file name="IfRunner.ts" path="/Users/naufalazhar/Documents/PROJECT/QA-WORKSPACE/flowtest-studio/src/features/execution/runners/IfRunner.ts">
        <metrics statements="5" coveredstatements="5" conditionals="4" coveredconditionals="4" methods="1" coveredmethods="1"/>
        <line num="6" count="2" type="stmt"/>
        <line num="8" count="4" type="cond" truecount="2" falsecount="0"/>
        <line num="9" count="1" type="stmt"/>
        <line num="12" count="3" type="stmt"/>
        <line num="16" count="3" type="stmt"/>
      </file>
      <file name="InputRunner.ts" path="/Users/naufalazhar/Documents/PROJECT/QA-WORKSPACE/flowtest-studio/src/features/execution/runners/InputRunner.ts">
        <metrics statements="6" coveredstatements="6" conditionals="2" coveredconditionals="2" methods="1" coveredmethods="1"/>
        <line num="5" count="2" type="stmt"/>
        <line num="7" count="2" type="cond" truecount="2" falsecount="0"/>
        <line num="8" count="1" type="stmt"/>
        <line num="11" count="1" type="stmt"/>
        <line num="15" count="1" type="stmt"/>
        <line num="19" count="1" type="stmt"/>
      </file>
      <file name="LaunchAppRunner.ts" path="/Users/naufalazhar/Documents/PROJECT/QA-WORKSPACE/flowtest-studio/src/features/execution/runners/LaunchAppRunner.ts">
        <metrics statements="3" coveredstatements="3" conditionals="0" coveredconditionals="0" methods="1" coveredmethods="1"/>
        <line num="6" count="2" type="stmt"/>
        <line num="8" count="1" type="stmt"/>
        <line num="10" count="1" type="stmt"/>
      </file>
      <file name="ScreenshotRunner.ts" path="/Users/naufalazhar/Documents/PROJECT/QA-WORKSPACE/flowtest-studio/src/features/execution/runners/ScreenshotRunner.ts">
        <metrics statements="3" coveredstatements="3" conditionals="0" coveredconditionals="0" methods="1" coveredmethods="1"/>
        <line num="6" count="2" type="stmt"/>
        <line num="9" count="1" type="stmt"/>
        <line num="11" count="1" type="stmt"/>
      </file>
      <file name="ScrollRunner.ts" path="/Users/naufalazhar/Documents/PROJECT/QA-WORKSPACE/flowtest-studio/src/features/execution/runners/ScrollRunner.ts">
        <metrics statements="4" coveredstatements="4" conditionals="0" coveredconditionals="0" methods="1" coveredmethods="1"/>
        <line num="6" count="2" type="stmt"/>
        <line num="8" count="1" type="stmt"/>
        <line num="10" count="1" type="stmt"/>
        <line num="12" count="1" type="stmt"/>
      </file>
      <file name="SetVariableRunner.ts" path="/Users/naufalazhar/Documents/PROJECT/QA-WORKSPACE/flowtest-studio/src/features/execution/runners/SetVariableRunner.ts">
        <metrics statements="4" coveredstatements="4" conditionals="2" coveredconditionals="2" methods="1" coveredmethods="1"/>
        <line num="6" count="2" type="stmt"/>
        <line num="8" count="2" type="cond" truecount="2" falsecount="0"/>
        <line num="9" count="1" type="stmt"/>
        <line num="12" count="1" type="stmt"/>
      </file>
      <file name="SwipeRunner.ts" path="/Users/naufalazhar/Documents/PROJECT/QA-WORKSPACE/flowtest-studio/src/features/execution/runners/SwipeRunner.ts">
        <metrics statements="4" coveredstatements="4" conditionals="0" coveredconditionals="0" methods="1" coveredmethods="1"/>
        <line num="6" count="2" type="stmt"/>
        <line num="8" count="1" type="stmt"/>
        <line num="10" count="1" type="stmt"/>
        <line num="12" count="1" type="stmt"/>
      </file>
      <file name="TapRunner.ts" path="/Users/naufalazhar/Documents/PROJECT/QA-WORKSPACE/flowtest-studio/src/features/execution/runners/TapRunner.ts">
        <metrics statements="4" coveredstatements="4" conditionals="2" coveredconditionals="2" methods="1" coveredmethods="1"/>
        <line num="4" count="2" type="stmt"/>
        <line num="6" count="2" type="cond" truecount="2" falsecount="0"/>
        <line num="7" count="1" type="stmt"/>
        <line num="10" count="1" type="stmt"/>
      </file>
      <file name="WaitRunner.ts" path="/Users/naufalazhar/Documents/PROJECT/QA-WORKSPACE/flowtest-studio/src/features/execution/runners/WaitRunner.ts">
        <metrics statements="4" coveredstatements="4" conditionals="0" coveredconditionals="0" methods="1" coveredmethods="1"/>
        <line num="6" count="2" type="stmt"/>
        <line num="8" count="1" type="stmt"/>
        <line num="10" count="1" type="stmt"/>
        <line num="12" count="1" type="stmt"/>
      </file>
    </package>
    <package name="execution.services">
      <metrics statements="30" coveredstatements="6" conditionals="2" coveredconditionals="2" methods="14" coveredmethods="1"/>
      <file name="AppiumClient.ts" path="/Users/naufalazhar/Documents/PROJECT/QA-WORKSPACE/flowtest-studio/src/features/execution/services/AppiumClient.ts">
        <metrics statements="25" coveredstatements="1" conditionals="0" coveredconditionals="0" methods="13" coveredmethods="0"/>
        <line num="8" count="0" type="stmt"/>
        <line num="15" count="0" type="stmt"/>
        <line num="23" count="0" type="stmt"/>
        <line num="30" count="0" type="stmt"/>
        <line num="38" count="0" type="stmt"/>
        <line num="45" count="0" type="stmt"/>
        <line num="53" count="0" type="stmt"/>
        <line num="60" count="0" type="stmt"/>
        <line num="67" count="0" type="stmt"/>
        <line num="74" count="0" type="stmt"/>
        <line num="83" count="0" type="stmt"/>
        <line num="90" count="0" type="stmt"/>
        <line num="98" count="0" type="stmt"/>
        <line num="105" count="0" type="stmt"/>
        <line num="111" count="0" type="stmt"/>
        <line num="118" count="0" type="stmt"/>
        <line num="122" count="0" type="stmt"/>
        <line num="129" count="0" type="stmt"/>
        <line num="133" count="0" type="stmt"/>
        <line num="140" count="0" type="stmt"/>
        <line num="146" count="0" type="stmt"/>
        <line num="153" count="0" type="stmt"/>
        <line num="157" count="0" type="stmt"/>
        <line num="158" count="0" type="stmt"/>
        <line num="167" count="1" type="stmt"/>
      </file>
      <file name="runnerRegistry.ts" path="/Users/naufalazhar/Documents/PROJECT/QA-WORKSPACE/flowtest-studio/src/features/execution/services/runnerRegistry.ts">
        <metrics statements="5" coveredstatements="5" conditionals="2" coveredconditionals="2" methods="1" coveredmethods="1"/>
        <line num="20" count="1" type="stmt"/>
        <line num="43" count="15" type="stmt"/>
        <line num="45" count="15" type="cond" truecount="2" falsecount="0"/>
        <line num="46" count="1" type="stmt"/>
        <line num="51" count="14" type="stmt"/>
      </file>
    </package>
    <package name="execution.store">
      <metrics statements="4" coveredstatements="4" conditionals="0" coveredconditionals="0" methods="5" coveredmethods="5"/>
      <file name="useExecutionLogStore.ts" path="/Users/naufalazhar/Documents/PROJECT/QA-WORKSPACE/flowtest-studio/src/features/execution/store/useExecutionLogStore.ts">
        <metrics statements="4" coveredstatements="4" conditionals="0" coveredconditionals="0" methods="5" coveredmethods="5"/>
        <line num="49" count="2" type="stmt"/>
        <line num="61" count="2" type="stmt"/>
        <line num="81" count="1" type="stmt"/>
        <line num="87" count="1" type="stmt"/>
      </file>
    </package>
    <package name="execution.utils">
      <metrics statements="3" coveredstatements="3" conditionals="2" coveredconditionals="2" methods="1" coveredmethods="1"/>
      <file name="formatDuration.ts" path="/Users/naufalazhar/Documents/PROJECT/QA-WORKSPACE/flowtest-studio/src/features/execution/utils/formatDuration.ts">
        <metrics statements="3" coveredstatements="3" conditionals="2" coveredconditionals="2" methods="1" coveredmethods="1"/>
        <line num="4" count="10" type="cond" truecount="2" falsecount="0"/>
        <line num="5" count="6" type="stmt"/>
        <line num="8" count="4" type="stmt"/>
      </file>
    </package>
    <package name="execution.variables">
      <metrics statements="54" coveredstatements="53" conditionals="29" coveredconditionals="28" methods="15" coveredmethods="15"/>
      <file name="VariableStore.ts" path="/Users/naufalazhar/Documents/PROJECT/QA-WORKSPACE/flowtest-studio/src/features/execution/variables/VariableStore.ts">
        <metrics statements="17" coveredstatements="17" conditionals="9" coveredconditionals="9" methods="7" coveredmethods="7"/>
        <line num="6" count="4" type="stmt"/>
        <line num="14" count="17" type="cond" truecount="2" falsecount="0"/>
        <line num="15" count="1" type="stmt"/>
        <line num="18" count="16" type="cond" truecount="2" falsecount="0"/>
        <line num="19" count="1" type="stmt"/>
        <line num="22" count="15" type="cond" truecount="5" falsecount="0"/>
        <line num="24" count="7" type="stmt"/>
        <line num="27" count="4" type="stmt"/>
        <line num="30" count="1" type="stmt"/>
        <line num="33" count="2" type="stmt"/>
        <line num="36" count="1" type="stmt"/>
        <line num="44" count="17" type="stmt"/>
        <line num="55" count="13" type="stmt"/>
        <line num="63" count="7" type="stmt"/>
        <line num="67" count="1" type="stmt"/>
        <line num="73" count="1" type="stmt"/>
        <line num="77" count="24" type="stmt"/>
      </file>
      <file name="evaluateExpression.ts" path="/Users/naufalazhar/Documents/PROJECT/QA-WORKSPACE/flowtest-studio/src/features/execution/variables/evaluateExpression.ts">
        <metrics statements="18" coveredstatements="17" conditionals="8" coveredconditionals="7" methods="4" coveredmethods="4"/>
        <line num="3" count="3" type="stmt"/>
        <line num="9" count="9" type="cond" truecount="2" falsecount="0"/>
        <line num="10" count="7" type="stmt"/>
        <line num="13" count="2" type="stmt"/>
        <line num="16" count="3" type="cond" truecount="2" falsecount="0"/>
        <line num="20" count="2" type="stmt"/>
        <line num="23" count="1" type="stmt"/>
        <line num="30" count="11" type="stmt"/>
        <line num="33" count="9" type="stmt"/>
        <line num="35" count="9" type="stmt"/>
        <line num="37" count="9" type="cond" truecount="1" falsecount="1"/>
        <line num="38" count="0" type="stmt"/>
        <line num="41" count="9" type="stmt"/>
        <line num="43" count="9" type="stmt"/>
        <line num="48" count="9" type="stmt"/>
        <line num="52" count="11" type="stmt"/>
        <line num="53" count="11" type="stmt"/>
        <line num="59" count="3" type="stmt"/>
      </file>
      <file name="resolveVariable.ts" path="/Users/naufalazhar/Documents/PROJECT/QA-WORKSPACE/flowtest-studio/src/features/execution/variables/resolveVariable.ts">
        <metrics statements="19" coveredstatements="19" conditionals="12" coveredconditionals="12" methods="4" coveredmethods="4"/>
        <line num="3" count="2" type="stmt"/>
        <line num="9" count="9" type="cond" truecount="2" falsecount="0"/>
        <line num="10" count="5" type="stmt"/>
        <line num="13" count="4" type="stmt"/>
        <line num="16" count="7" type="cond" truecount="2" falsecount="0"/>
        <line num="20" count="6" type="stmt"/>
        <line num="23" count="1" type="stmt"/>
        <line num="30" count="11" type="stmt"/>
        <line num="33" count="11" type="stmt"/>
        <line num="35" count="11" type="stmt"/>
        <line num="37" count="11" type="cond" truecount="2" falsecount="0"/>
        <line num="38" count="1" type="stmt"/>
        <line num="41" count="10" type="stmt"/>
        <line num="43" count="10" type="cond" truecount="2" falsecount="0"/>
        <line num="44" count="1" type="stmt"/>
        <line num="47" count="9" type="stmt"/>
        <line num="52" count="9" type="cond" truecount="2" falsecount="0"/>
        <line num="53" count="2" type="stmt"/>
        <line num="56" count="7" type="stmt"/>
      </file>
    </package>
    <package name="flow.validation">
      <metrics statements="31" coveredstatements="31" conditionals="23" coveredconditionals="23" methods="3" coveredmethods="3"/>
      <file name="validateFlow.ts" path="/Users/naufalazhar/Documents/PROJECT/QA-WORKSPACE/flowtest-studio/src/features/flow/validation/validateFlow.ts">
        <metrics statements="6" coveredstatements="6" conditionals="2" coveredconditionals="2" methods="1" coveredmethods="1"/>
        <line num="18" count="4" type="stmt"/>
        <line num="20" count="4" type="stmt"/>
        <line num="21" count="6" type="stmt"/>
        <line num="23" count="6" type="cond" truecount="2" falsecount="0"/>
        <line num="24" count="3" type="stmt"/>
        <line num="32" count="4" type="stmt"/>
      </file>
      <file name="validateNode.ts" path="/Users/naufalazhar/Documents/PROJECT/QA-WORKSPACE/flowtest-studio/src/features/flow/validation/validateNode.ts">
        <metrics statements="25" coveredstatements="25" conditionals="21" coveredconditionals="21" methods="2" coveredmethods="2"/>
        <line num="12" count="13" type="cond" truecount="2" falsecount="0"/>
        <line num="13" count="4" type="stmt"/>
        <line num="16" count="13" type="cond" truecount="2" falsecount="0"/>
        <line num="17" count="1" type="stmt"/>
        <line num="24" count="18" type="stmt"/>
        <line num="26" count="18" type="cond" truecount="5" falsecount="0"/>
        <line num="28" count="9" type="stmt"/>
        <line num="29" count="9" type="stmt"/>
        <line num="32" count="2" type="stmt"/>
        <line num="34" count="2" type="cond" truecount="2" falsecount="0"/>
        <line num="35" count="1" type="stmt"/>
        <line num="38" count="2" type="stmt"/>
        <line num="41" count="2" type="stmt"/>
        <line num="43" count="2" type="cond" truecount="2" falsecount="0"/>
        <line num="44" count="1" type="stmt"/>
        <line num="47" count="2" type="stmt"/>
        <line num="50" count="2" type="cond" truecount="2" falsecount="0"/>
        <line num="51" count="1" type="stmt"/>
        <line num="54" count="2" type="cond" truecount="2" falsecount="0"/>
        <line num="55" count="1" type="stmt"/>
        <line num="58" count="2" type="stmt"/>
        <line num="61" count="3" type="cond" truecount="2" falsecount="0"/>
        <line num="65" count="2" type="stmt"/>
        <line num="70" count="3" type="stmt"/>
        <line num="73" count="18" type="stmt"/>
      </file>
    </package>
  </project>
</coverage>
