{"/Users/naufalazhar/Documents/PROJECT/QA-WORKSPACE/flowtest-studio/src/features/execution/engine/executeFlow.ts": {"path":"/Users/naufalazhar/Documents/PROJECT/QA-WORKSPACE/flowtest-studio/src/features/execution/engine/executeFlow.ts","statementMap":{"0":{"start":{"line":20,"column":22},"end":{"line":20,"column":null}},"1":{"start":{"line":26,"column":4},"end":{"line":26,"column":null}},"2":{"start":{"line":27,"column":4},"end":{"line":27,"column":null}},"3":{"start":{"line":29,"column":18},"end":{"line":32,"column":null}},"4":{"start":{"line":34,"column":4},"end":{"line":34,"column":null}},"5":{"start":{"line":36,"column":4},"end":{"line":38,"column":null}},"6":{"start":{"line":42,"column":4},"end":{"line":44,"column":null}},"7":{"start":{"line":46,"column":22},"end":{"line":46,"column":null}},"8":{"start":{"line":52,"column":23},"end":{"line":52,"column":null}},"9":{"start":{"line":54,"column":4},"end":{"line":82,"column":null}},"10":{"start":{"line":55,"column":8},"end":{"line":55,"column":null}},"11":{"start":{"line":56,"column":8},"end":{"line":56,"column":null}},"12":{"start":{"line":58,"column":8},"end":{"line":60,"column":null}},"13":{"start":{"line":62,"column":8},"end":{"line":62,"column":null}},"14":{"start":{"line":64,"column":8},"end":{"line":74,"column":null}},"15":{"start":{"line":65,"column":12},"end":{"line":67,"column":null}},"16":{"start":{"line":69,"column":12},"end":{"line":71,"column":null}},"17":{"start":{"line":70,"column":16},"end":{"line":70,"column":null}},"18":{"start":{"line":73,"column":12},"end":{"line":73,"column":null}},"19":{"start":{"line":79,"column":8},"end":{"line":81,"column":null}},"20":{"start":{"line":84,"column":4},"end":{"line":187,"column":null}},"21":{"start":{"line":90,"column":12},"end":{"line":90,"column":null}},"22":{"start":{"line":93,"column":32},"end":{"line":93,"column":null}},"23":{"start":{"line":95,"column":8},"end":{"line":100,"column":null}},"24":{"start":{"line":96,"column":12},"end":{"line":99,"column":null}},"25":{"start":{"line":101,"column":42},"end":{"line":101,"column":null}},"26":{"start":{"line":103,"column":8},"end":{"line":160,"column":null}},"27":{"start":{"line":104,"column":25},"end":{"line":104,"column":null}},"28":{"start":{"line":106,"column":12},"end":{"line":106,"column":null}},"29":{"start":{"line":108,"column":12},"end":{"line":108,"column":null}},"30":{"start":{"line":110,"column":12},"end":{"line":118,"column":null}},"31":{"start":{"line":111,"column":16},"end":{"line":113,"column":null}},"32":{"start":{"line":115,"column":16},"end":{"line":115,"column":null}},"33":{"start":{"line":117,"column":16},"end":{"line":117,"column":null}},"34":{"start":{"line":120,"column":27},"end":{"line":123,"column":null}},"35":{"start":{"line":128,"column":12},"end":{"line":135,"column":null}},"36":{"start":{"line":129,"column":16},"end":{"line":132,"column":null}},"37":{"start":{"line":134,"column":16},"end":{"line":134,"column":null}},"38":{"start":{"line":138,"column":16},"end":{"line":138,"column":null}},"39":{"start":{"line":141,"column":16},"end":{"line":144,"column":null}},"40":{"start":{"line":146,"column":12},"end":{"line":159,"column":null}},"41":{"start":{"line":147,"column":16},"end":{"line":150,"column":null}},"42":{"start":{"line":153,"column":16},"end":{"line":153,"column":null}},"43":{"start":{"line":156,"column":16},"end":{"line":156,"column":null}},"44":{"start":{"line":158,"column":16},"end":{"line":158,"column":null}},"45":{"start":{"line":165,"column":8},"end":{"line":165,"column":null}},"46":{"start":{"line":166,"column":8},"end":{"line":166,"column":null}},"47":{"start":{"line":169,"column":12},"end":{"line":169,"column":null}},"48":{"start":{"line":171,"column":8},"end":{"line":173,"column":null}},"49":{"start":{"line":175,"column":8},"end":{"line":175,"column":null}},"50":{"start":{"line":178,"column":12},"end":{"line":178,"column":null}},"51":{"start":{"line":180,"column":8},"end":{"line":182,"column":null}},"52":{"start":{"line":184,"column":8},"end":{"line":184,"column":null}},"53":{"start":{"line":186,"column":8},"end":{"line":186,"column":null}}},"fnMap":{"0":{"name":"executeFlow","decl":{"start":{"line":16,"column":22},"end":{"line":16,"column":null}},"loc":{"start":{"line":19,"column":2},"end":{"line":188,"column":null}},"line":19},"1":{"name":"(anonymous_1)","decl":{"start":{"line":64,"column":26},"end":{"line":64,"column":35}},"loc":{"start":{"line":64,"column":56},"end":{"line":74,"column":9}},"line":64},"2":{"name":"(anonymous_2)","decl":{"start":{"line":69,"column":29},"end":{"line":69,"column":38}},"loc":{"start":{"line":69,"column":48},"end":{"line":71,"column":13}},"line":69}},"branchMap":{"0":{"loc":{"start":{"line":54,"column":4},"end":{"line":82,"column":null}},"type":"if","locations":[{"start":{"line":54,"column":4},"end":{"line":82,"column":null}},{"start":{},"end":{}}],"line":54},"1":{"loc":{"start":{"line":110,"column":12},"end":{"line":118,"column":null}},"type":"if","locations":[{"start":{"line":110,"column":12},"end":{"line":118,"column":null}},{"start":{},"end":{}}],"line":110},"2":{"loc":{"start":{"line":128,"column":12},"end":{"line":135,"column":null}},"type":"if","locations":[{"start":{"line":128,"column":12},"end":{"line":135,"column":null}},{"start":{},"end":{}}],"line":128},"3":{"loc":{"start":{"line":138,"column":16},"end":{"line":138,"column":null}},"type":"binary-expr","locations":[{"start":{"line":138,"column":16},"end":{"line":138,"column":37}},{"start":{"line":138,"column":37},"end":{"line":138,"column":null}}],"line":138},"4":{"loc":{"start":{"line":146,"column":12},"end":{"line":159,"column":null}},"type":"if","locations":[{"start":{"line":146,"column":12},"end":{"line":159,"column":null}},{"start":{"line":157,"column":19},"end":{"line":159,"column":null}}],"line":146}},"s":{"0":7,"1":7,"2":7,"3":7,"4":7,"5":7,"6":7,"7":7,"8":7,"9":7,"10":1,"11":1,"12":1,"13":1,"14":1,"15":1,"16":1,"17":1,"18":1,"19":1,"20":6,"21":6,"22":6,"23":6,"24":2,"25":6,"26":6,"27":8,"28":8,"29":8,"30":8,"31":1,"32":1,"33":1,"34":8,"35":6,"36":1,"37":1,"38":6,"39":8,"40":8,"41":2,"42":2,"43":2,"44":4,"45":4,"46":4,"47":4,"48":4,"49":2,"50":2,"51":2,"52":2,"53":6},"f":{"0":7,"1":1,"2":1},"b":{"0":[1,6],"1":[1,7],"2":[1,5],"3":[6,1],"4":[2,4]},"meta":{"lastBranch":5,"lastFunction":3,"lastStatement":54,"seen":{"f:16:22:16:Infinity":0,"s:20:22:20:Infinity":0,"s:26:4:26:Infinity":1,"s:27:4:27:Infinity":2,"s:29:18:32:Infinity":3,"s:34:4:34:Infinity":4,"s:36:4:38:Infinity":5,"s:42:4:44:Infinity":6,"s:46:22:46:Infinity":7,"s:52:23:52:Infinity":8,"b:54:4:82:Infinity:undefined:undefined:undefined:undefined":0,"s:54:4:82:Infinity":9,"s:55:8:55:Infinity":10,"s:56:8:56:Infinity":11,"s:58:8:60:Infinity":12,"s:62:8:62:Infinity":13,"s:64:8:74:Infinity":14,"f:64:26:64:35":1,"s:65:12:67:Infinity":15,"s:69:12:71:Infinity":16,"f:69:29:69:38":2,"s:70:16:70:Infinity":17,"s:73:12:73:Infinity":18,"s:79:8:81:Infinity":19,"s:84:4:187:Infinity":20,"s:90:12:90:Infinity":21,"s:93:32:93:Infinity":22,"s:95:8:100:Infinity":23,"s:96:12:99:Infinity":24,"s:101:42:101:Infinity":25,"s:103:8:160:Infinity":26,"s:104:25:104:Infinity":27,"s:106:12:106:Infinity":28,"s:108:12:108:Infinity":29,"b:110:12:118:Infinity:undefined:undefined:undefined:undefined":1,"s:110:12:118:Infinity":30,"s:111:16:113:Infinity":31,"s:115:16:115:Infinity":32,"s:117:16:117:Infinity":33,"s:120:27:123:Infinity":34,"b:128:12:135:Infinity:undefined:undefined:undefined:undefined":2,"s:128:12:135:Infinity":35,"s:129:16:132:Infinity":36,"s:134:16:134:Infinity":37,"s:138:16:138:Infinity":38,"b:138:16:138:37:138:37:138:Infinity":3,"s:141:16:144:Infinity":39,"b:146:12:159:Infinity:157:19:159:Infinity":4,"s:146:12:159:Infinity":40,"s:147:16:150:Infinity":41,"s:153:16:153:Infinity":42,"s:156:16:156:Infinity":43,"s:158:16:158:Infinity":44,"s:165:8:165:Infinity":45,"s:166:8:166:Infinity":46,"s:169:12:169:Infinity":47,"s:171:8:173:Infinity":48,"s:175:8:175:Infinity":49,"s:178:12:178:Infinity":50,"s:180:8:182:Infinity":51,"s:184:8:184:Infinity":52,"s:186:8:186:Infinity":53},"fnNames":{}}}
,"/Users/naufalazhar/Documents/PROJECT/QA-WORKSPACE/flowtest-studio/src/features/execution/engine/executeNode.ts": {"path":"/Users/naufalazhar/Documents/PROJECT/QA-WORKSPACE/flowtest-studio/src/features/execution/engine/executeNode.ts","statementMap":{"0":{"start":{"line":13,"column":20},"end":{"line":13,"column":null}},"1":{"start":{"line":14,"column":17},"end":{"line":14,"column":null}},"2":{"start":{"line":16,"column":20},"end":{"line":16,"column":null}},"3":{"start":{"line":18,"column":2},"end":{"line":18,"column":null}},"4":{"start":{"line":20,"column":2},"end":{"line":23,"column":null}},"5":{"start":{"line":25,"column":2},"end":{"line":84,"column":null}},"6":{"start":{"line":26,"column":18},"end":{"line":26,"column":null}},"7":{"start":{"line":28,"column":4},"end":{"line":30,"column":null}},"8":{"start":{"line":29,"column":6},"end":{"line":29,"column":null}},"9":{"start":{"line":32,"column":4},"end":{"line":36,"column":null}},"10":{"start":{"line":38,"column":19},"end":{"line":41,"column":null}},"11":{"start":{"line":44,"column":6},"end":{"line":44,"column":null}},"12":{"start":{"line":46,"column":4},"end":{"line":49,"column":null}},"13":{"start":{"line":51,"column":4},"end":{"line":51,"column":null}},"14":{"start":{"line":53,"column":4},"end":{"line":58,"column":null}},"15":{"start":{"line":60,"column":4},"end":{"line":62,"column":null}},"16":{"start":{"line":65,"column":6},"end":{"line":65,"column":null}},"17":{"start":{"line":67,"column":4},"end":{"line":70,"column":null}},"18":{"start":{"line":72,"column":4},"end":{"line":72,"column":null}},"19":{"start":{"line":74,"column":4},"end":{"line":79,"column":null}},"20":{"start":{"line":81,"column":4},"end":{"line":81,"column":null}},"21":{"start":{"line":83,"column":4},"end":{"line":83,"column":null}}},"fnMap":{"0":{"name":"executeNode","decl":{"start":{"line":9,"column":22},"end":{"line":9,"column":null}},"loc":{"start":{"line":12,"column":25},"end":{"line":85,"column":null}},"line":12}},"branchMap":{"0":{"loc":{"start":{"line":28,"column":4},"end":{"line":30,"column":null}},"type":"if","locations":[{"start":{"line":28,"column":4},"end":{"line":30,"column":null}},{"start":{},"end":{}}],"line":28},"1":{"loc":{"start":{"line":60,"column":11},"end":{"line":62,"column":null}},"type":"binary-expr","locations":[{"start":{"line":60,"column":11},"end":{"line":60,"column":21}},{"start":{"line":60,"column":21},"end":{"line":62,"column":null}}],"line":60}},"s":{"0":4,"1":4,"2":4,"3":4,"4":4,"5":4,"6":4,"7":4,"8":1,"9":4,"10":4,"11":3,"12":3,"13":3,"14":3,"15":3,"16":1,"17":1,"18":1,"19":1,"20":1,"21":4},"f":{"0":4},"b":{"0":[1,3],"1":[3,1]},"meta":{"lastBranch":2,"lastFunction":1,"lastStatement":22,"seen":{"f:9:22:9:Infinity":0,"s:13:20:13:Infinity":0,"s:14:17:14:Infinity":1,"s:16:20:16:Infinity":2,"s:18:2:18:Infinity":3,"s:20:2:23:Infinity":4,"s:25:2:84:Infinity":5,"s:26:18:26:Infinity":6,"b:28:4:30:Infinity:undefined:undefined:undefined:undefined":0,"s:28:4:30:Infinity":7,"s:29:6:29:Infinity":8,"s:32:4:36:Infinity":9,"s:38:19:41:Infinity":10,"s:44:6:44:Infinity":11,"s:46:4:49:Infinity":12,"s:51:4:51:Infinity":13,"s:53:4:58:Infinity":14,"s:60:4:62:Infinity":15,"b:60:11:60:21:60:21:62:Infinity":1,"s:65:6:65:Infinity":16,"s:67:4:70:Infinity":17,"s:72:4:72:Infinity":18,"s:74:4:79:Infinity":19,"s:81:4:81:Infinity":20,"s:83:4:83:Infinity":21},"fnNames":{}}}
,"/Users/naufalazhar/Documents/PROJECT/QA-WORKSPACE/flowtest-studio/src/features/execution/graph/GraphNavigator.ts": {"path":"/Users/naufalazhar/Documents/PROJECT/QA-WORKSPACE/flowtest-studio/src/features/execution/graph/GraphNavigator.ts","statementMap":{"0":{"start":{"line":18,"column":8},"end":{"line":18,"column":null}},"1":{"start":{"line":19,"column":8},"end":{"line":19,"column":null}},"2":{"start":{"line":23,"column":8},"end":{"line":26,"column":null}},"3":{"start":{"line":32,"column":8},"end":{"line":35,"column":null}},"4":{"start":{"line":41,"column":8},"end":{"line":44,"column":null}},"5":{"start":{"line":51,"column":8},"end":{"line":56,"column":null}},"6":{"start":{"line":64,"column":21},"end":{"line":68,"column":null}},"7":{"start":{"line":66,"column":16},"end":{"line":67,"column":null}},"8":{"start":{"line":70,"column":8},"end":{"line":72,"column":null}},"9":{"start":{"line":71,"column":12},"end":{"line":71,"column":null}},"10":{"start":{"line":75,"column":12},"end":{"line":78,"column":null}},"11":{"start":{"line":77,"column":20},"end":{"line":77,"column":null}},"12":{"start":{"line":80,"column":8},"end":{"line":82,"column":null}},"13":{"start":{"line":81,"column":12},"end":{"line":81,"column":null}},"14":{"start":{"line":84,"column":8},"end":{"line":87,"column":null}}},"fnMap":{"0":{"name":"constructor","decl":{"start":{"line":14,"column":4},"end":{"line":14,"column":null}},"loc":{"start":{"line":17,"column":6},"end":{"line":20,"column":null}},"line":17},"1":{"name":"getStartNode","decl":{"start":{"line":22,"column":4},"end":{"line":22,"column":36}},"loc":{"start":{"line":22,"column":36},"end":{"line":27,"column":null}},"line":22},"2":{"name":"getOutgoingEdges","decl":{"start":{"line":29,"column":4},"end":{"line":29,"column":null}},"loc":{"start":{"line":31,"column":14},"end":{"line":36,"column":null}},"line":31},"3":{"name":"getIncomingEdges","decl":{"start":{"line":38,"column":4},"end":{"line":38,"column":null}},"loc":{"start":{"line":40,"column":14},"end":{"line":45,"column":null}},"line":40},"4":{"name":"getNextNode","decl":{"start":{"line":47,"column":4},"end":{"line":47,"column":null}},"loc":{"start":{"line":50,"column":23},"end":{"line":57,"column":null}},"line":50},"5":{"name":"getTransition","decl":{"start":{"line":59,"column":4},"end":{"line":59,"column":null}},"loc":{"start":{"line":62,"column":30},"end":{"line":88,"column":null}},"line":62},"6":{"name":"(anonymous_6)","decl":{"start":{"line":64,"column":32},"end":{"line":64,"column":null}},"loc":{"start":{"line":66,"column":16},"end":{"line":67,"column":null}},"line":66},"7":{"name":"(anonymous_7)","decl":{"start":{"line":75,"column":23},"end":{"line":75,"column":null}},"loc":{"start":{"line":77,"column":20},"end":{"line":77,"column":null}},"line":77}},"branchMap":{"0":{"loc":{"start":{"line":49,"column":8},"end":{"line":49,"column":null}},"type":"default-arg","locations":[{"start":{"line":49,"column":25},"end":{"line":49,"column":null}}],"line":49},"1":{"loc":{"start":{"line":61,"column":8},"end":{"line":61,"column":null}},"type":"default-arg","locations":[{"start":{"line":61,"column":25},"end":{"line":61,"column":null}}],"line":61},"2":{"loc":{"start":{"line":66,"column":16},"end":{"line":67,"column":null}},"type":"binary-expr","locations":[{"start":{"line":66,"column":16},"end":{"line":66,"column":null}},{"start":{"line":66,"column":32},"end":{"line":67,"column":null}}],"line":66},"3":{"loc":{"start":{"line":67,"column":17},"end":{"line":67,"column":50}},"type":"binary-expr","locations":[{"start":{"line":67,"column":17},"end":{"line":67,"column":38}},{"start":{"line":67,"column":38},"end":{"line":67,"column":50}}],"line":67},"4":{"loc":{"start":{"line":70,"column":8},"end":{"line":72,"column":null}},"type":"if","locations":[{"start":{"line":70,"column":8},"end":{"line":72,"column":null}},{"start":{},"end":{}}],"line":70},"5":{"loc":{"start":{"line":80,"column":8},"end":{"line":82,"column":null}},"type":"if","locations":[{"start":{"line":80,"column":8},"end":{"line":82,"column":null}},{"start":{},"end":{}}],"line":80}},"s":{"0":10,"1":10,"2":8,"3":1,"4":1,"5":3,"6":10,"7":9,"8":10,"9":5,"10":5,"11":10,"12":5,"13":1,"14":4},"f":{"0":10,"1":8,"2":1,"3":1,"4":3,"5":10,"6":9,"7":10},"b":{"0":[3],"1":[10],"2":[9,6],"3":[6,4],"4":[5,5],"5":[1,4]},"meta":{"lastBranch":6,"lastFunction":8,"lastStatement":15,"seen":{"f:14:4:14:Infinity":0,"s:18:8:18:Infinity":0,"s:19:8:19:Infinity":1,"f:22:4:22:36":1,"s:23:8:26:Infinity":2,"f:29:4:29:Infinity":2,"s:32:8:35:Infinity":3,"f:38:4:38:Infinity":3,"s:41:8:44:Infinity":4,"f:47:4:47:Infinity":4,"b:49:25:49:Infinity":0,"s:51:8:56:Infinity":5,"f:59:4:59:Infinity":5,"b:61:25:61:Infinity":1,"s:64:21:68:Infinity":6,"f:64:32:64:Infinity":6,"s:66:16:67:Infinity":7,"b:66:16:66:Infinity:66:32:67:Infinity":2,"b:67:17:67:38:67:38:67:50":3,"b:70:8:72:Infinity:undefined:undefined:undefined:undefined":4,"s:70:8:72:Infinity":8,"s:71:12:71:Infinity":9,"s:75:12:78:Infinity":10,"f:75:23:75:Infinity":7,"s:77:20:77:Infinity":11,"b:80:8:82:Infinity:undefined:undefined:undefined:undefined":5,"s:80:8:82:Infinity":12,"s:81:12:81:Infinity":13,"s:84:8:87:Infinity":14},"fnNames":{}}}
,"/Users/naufalazhar/Documents/PROJECT/QA-WORKSPACE/flowtest-studio/src/features/execution/graph/findIncomingEdges.ts": {"path":"/Users/naufalazhar/Documents/PROJECT/QA-WORKSPACE/flowtest-studio/src/features/execution/graph/findIncomingEdges.ts","statementMap":{"0":{"start":{"line":7,"column":2},"end":{"line":9,"column":null}},"1":{"start":{"line":8,"column":14},"end":{"line":8,"column":null}}},"fnMap":{"0":{"name":"findIncomingEdges","decl":{"start":{"line":3,"column":16},"end":{"line":3,"column":null}},"loc":{"start":{"line":6,"column":10},"end":{"line":10,"column":null}},"line":6},"1":{"name":"(anonymous_1)","decl":{"start":{"line":7,"column":15},"end":{"line":7,"column":null}},"loc":{"start":{"line":8,"column":14},"end":{"line":8,"column":null}},"line":8}},"branchMap":{},"s":{"0":3,"1":8},"f":{"0":3,"1":8},"b":{},"meta":{"lastBranch":0,"lastFunction":2,"lastStatement":2,"seen":{"f:3:16:3:Infinity":0,"s:7:2:9:Infinity":0,"f:7:15:7:Infinity":1,"s:8:14:8:Infinity":1},"fnNames":{}}}
,"/Users/naufalazhar/Documents/PROJECT/QA-WORKSPACE/flowtest-studio/src/features/execution/graph/findNextNode.ts": {"path":"/Users/naufalazhar/Documents/PROJECT/QA-WORKSPACE/flowtest-studio/src/features/execution/graph/findNextNode.ts","statementMap":{"0":{"start":{"line":12,"column":17},"end":{"line":18,"column":null}},"1":{"start":{"line":14,"column":8},"end":{"line":16,"column":null}},"2":{"start":{"line":20,"column":4},"end":{"line":22,"column":null}},"3":{"start":{"line":21,"column":8},"end":{"line":21,"column":null}},"4":{"start":{"line":24,"column":4},"end":{"line":27,"column":null}},"5":{"start":{"line":26,"column":20},"end":{"line":26,"column":null}}},"fnMap":{"0":{"name":"findNextNode","decl":{"start":{"line":5,"column":16},"end":{"line":5,"column":null}},"loc":{"start":{"line":10,"column":19},"end":{"line":29,"column":null}},"line":10},"1":{"name":"(anonymous_1)","decl":{"start":{"line":12,"column":23},"end":{"line":12,"column":28}},"loc":{"start":{"line":14,"column":8},"end":{"line":16,"column":null}},"line":14},"2":{"name":"(anonymous_2)","decl":{"start":{"line":25,"column":14},"end":{"line":25,"column":null}},"loc":{"start":{"line":26,"column":20},"end":{"line":26,"column":null}},"line":26}},"branchMap":{"0":{"loc":{"start":{"line":14,"column":8},"end":{"line":16,"column":null}},"type":"binary-expr","locations":[{"start":{"line":14,"column":8},"end":{"line":14,"column":null}},{"start":{"line":14,"column":24},"end":{"line":16,"column":null}}],"line":14},"1":{"loc":{"start":{"line":16,"column":9},"end":{"line":16,"column":42}},"type":"binary-expr","locations":[{"start":{"line":16,"column":9},"end":{"line":16,"column":30}},{"start":{"line":16,"column":30},"end":{"line":16,"column":42}}],"line":16},"2":{"loc":{"start":{"line":20,"column":4},"end":{"line":22,"column":null}},"type":"if","locations":[{"start":{"line":20,"column":4},"end":{"line":22,"column":null}},{"start":{},"end":{}}],"line":20},"3":{"loc":{"start":{"line":25,"column":8},"end":{"line":27,"column":null}},"type":"binary-expr","locations":[{"start":{"line":25,"column":8},"end":{"line":27,"column":13}},{"start":{"line":27,"column":13},"end":{"line":27,"column":null}}],"line":25}},"s":{"0":9,"1":18,"2":9,"3":3,"4":6,"5":15},"f":{"0":9,"1":18,"2":15},"b":{"0":[18,13],"1":[13,6],"2":[3,6],"3":[6,1]},"meta":{"lastBranch":4,"lastFunction":3,"lastStatement":6,"seen":{"f:5:16:5:Infinity":0,"s:12:17:18:Infinity":0,"f:12:23:12:28":1,"s:14:8:16:Infinity":1,"b:14:8:14:Infinity:14:24:16:Infinity":0,"b:16:9:16:30:16:30:16:42":1,"b:20:4:22:Infinity:undefined:undefined:undefined:undefined":2,"s:20:4:22:Infinity":2,"s:21:8:21:Infinity":3,"s:24:4:27:Infinity":4,"b:25:8:27:13:27:13:27:Infinity":3,"f:25:14:25:Infinity":2,"s:26:20:26:Infinity":5},"fnNames":{}}}
,"/Users/naufalazhar/Documents/PROJECT/QA-WORKSPACE/flowtest-studio/src/features/execution/graph/findOutgoingEdges.ts": {"path":"/Users/naufalazhar/Documents/PROJECT/QA-WORKSPACE/flowtest-studio/src/features/execution/graph/findOutgoingEdges.ts","statementMap":{"0":{"start":{"line":8,"column":4},"end":{"line":10,"column":null}},"1":{"start":{"line":9,"column":16},"end":{"line":9,"column":null}}},"fnMap":{"0":{"name":"findOutgoingEdges","decl":{"start":{"line":3,"column":16},"end":{"line":3,"column":null}},"loc":{"start":{"line":6,"column":10},"end":{"line":11,"column":null}},"line":6},"1":{"name":"(anonymous_1)","decl":{"start":{"line":8,"column":17},"end":{"line":8,"column":null}},"loc":{"start":{"line":9,"column":16},"end":{"line":9,"column":null}},"line":9}},"branchMap":{},"s":{"0":3,"1":8},"f":{"0":3,"1":8},"b":{},"meta":{"lastBranch":0,"lastFunction":2,"lastStatement":2,"seen":{"f:3:16:3:Infinity":0,"s:8:4:10:Infinity":0,"f:8:17:8:Infinity":1,"s:9:16:9:Infinity":1},"fnNames":{}}}
,"/Users/naufalazhar/Documents/PROJECT/QA-WORKSPACE/flowtest-studio/src/features/execution/graph/findStartNode.ts": {"path":"/Users/naufalazhar/Documents/PROJECT/QA-WORKSPACE/flowtest-studio/src/features/execution/graph/findStartNode.ts","statementMap":{"0":{"start":{"line":10,"column":20},"end":{"line":12,"column":null}},"1":{"start":{"line":11,"column":26},"end":{"line":11,"column":37}},"2":{"start":{"line":14,"column":4},"end":{"line":17,"column":null}},"3":{"start":{"line":16,"column":20},"end":{"line":16,"column":null}}},"fnMap":{"0":{"name":"findStartNode","decl":{"start":{"line":5,"column":16},"end":{"line":5,"column":null}},"loc":{"start":{"line":8,"column":19},"end":{"line":19,"column":null}},"line":8},"1":{"name":"(anonymous_1)","decl":{"start":{"line":11,"column":14},"end":{"line":11,"column":18}},"loc":{"start":{"line":11,"column":26},"end":{"line":11,"column":37}},"line":11},"2":{"name":"(anonymous_2)","decl":{"start":{"line":15,"column":14},"end":{"line":15,"column":null}},"loc":{"start":{"line":16,"column":20},"end":{"line":16,"column":null}},"line":16}},"branchMap":{"0":{"loc":{"start":{"line":15,"column":8},"end":{"line":17,"column":null}},"type":"binary-expr","locations":[{"start":{"line":15,"column":8},"end":{"line":17,"column":13}},{"start":{"line":17,"column":13},"end":{"line":17,"column":null}}],"line":15}},"s":{"0":13,"1":11,"2":13,"3":14},"f":{"0":13,"1":11,"2":14},"b":{"0":[13,3]},"meta":{"lastBranch":1,"lastFunction":3,"lastStatement":4,"seen":{"f:5:16:5:Infinity":0,"s:10:20:12:Infinity":0,"f:11:14:11:18":1,"s:11:26:11:37":1,"s:14:4:17:Infinity":2,"b:15:8:17:13:17:13:17:Infinity":0,"f:15:14:15:Infinity":2,"s:16:20:16:Infinity":3},"fnNames":{}}}
,"/Users/naufalazhar/Documents/PROJECT/QA-WORKSPACE/flowtest-studio/src/features/execution/runners/AssertRunner.ts": {"path":"/Users/naufalazhar/Documents/PROJECT/QA-WORKSPACE/flowtest-studio/src/features/execution/runners/AssertRunner.ts","statementMap":{"0":{"start":{"line":6,"column":40},"end":{"line":26,"column":null}},"1":{"start":{"line":8,"column":4},"end":{"line":10,"column":null}},"2":{"start":{"line":9,"column":6},"end":{"line":9,"column":null}},"3":{"start":{"line":12,"column":20},"end":{"line":14,"column":null}},"4":{"start":{"line":16,"column":21},"end":{"line":18,"column":null}},"5":{"start":{"line":20,"column":4},"end":{"line":24,"column":null}}},"fnMap":{"0":{"name":"run","decl":{"start":{"line":7,"column":8},"end":{"line":7,"column":12}},"loc":{"start":{"line":7,"column":18},"end":{"line":25,"column":null}},"line":7}},"branchMap":{"0":{"loc":{"start":{"line":8,"column":4},"end":{"line":10,"column":null}},"type":"if","locations":[{"start":{"line":8,"column":4},"end":{"line":10,"column":null}},{"start":{},"end":{}}],"line":8}},"s":{"0":2,"1":2,"2":1,"3":1,"4":1,"5":1},"f":{"0":2},"b":{"0":[1,1]},"meta":{"lastBranch":1,"lastFunction":1,"lastStatement":6,"seen":{"s:6:40:26:Infinity":0,"f:7:8:7:12":0,"b:8:4:10:Infinity:undefined:undefined:undefined:undefined":0,"s:8:4:10:Infinity":1,"s:9:6:9:Infinity":2,"s:12:20:14:Infinity":3,"s:16:21:18:Infinity":4,"s:20:4:24:Infinity":5},"fnNames":{}}}
,"/Users/naufalazhar/Documents/PROJECT/QA-WORKSPACE/flowtest-studio/src/features/execution/runners/BackRunner.ts": {"path":"/Users/naufalazhar/Documents/PROJECT/QA-WORKSPACE/flowtest-studio/src/features/execution/runners/BackRunner.ts","statementMap":{"0":{"start":{"line":5,"column":38},"end":{"line":9,"column":null}},"1":{"start":{"line":7,"column":4},"end":{"line":7,"column":null}}},"fnMap":{"0":{"name":"run","decl":{"start":{"line":6,"column":8},"end":{"line":6,"column":14}},"loc":{"start":{"line":6,"column":14},"end":{"line":8,"column":null}},"line":6}},"branchMap":{},"s":{"0":2,"1":1},"f":{"0":1},"b":{},"meta":{"lastBranch":0,"lastFunction":1,"lastStatement":2,"seen":{"s:5:38:9:Infinity":0,"f:6:8:6:14":0,"s:7:4:7:Infinity":1},"fnNames":{}}}
,"/Users/naufalazhar/Documents/PROJECT/QA-WORKSPACE/flowtest-studio/src/features/execution/runners/CloseAppRunner.ts": {"path":"/Users/naufalazhar/Documents/PROJECT/QA-WORKSPACE/flowtest-studio/src/features/execution/runners/CloseAppRunner.ts","statementMap":{"0":{"start":{"line":6,"column":42},"end":{"line":14,"column":null}},"1":{"start":{"line":8,"column":17},"end":{"line":8,"column":null}},"2":{"start":{"line":10,"column":4},"end":{"line":12,"column":null}}},"fnMap":{"0":{"name":"run","decl":{"start":{"line":7,"column":8},"end":{"line":7,"column":12}},"loc":{"start":{"line":7,"column":18},"end":{"line":13,"column":null}},"line":7}},"branchMap":{},"s":{"0":2,"1":1,"2":1},"f":{"0":1},"b":{},"meta":{"lastBranch":0,"lastFunction":1,"lastStatement":3,"seen":{"s:6:42:14:Infinity":0,"f:7:8:7:12":0,"s:8:17:8:Infinity":1,"s:10:4:12:Infinity":2},"fnNames":{}}}
,"/Users/naufalazhar/Documents/PROJECT/QA-WORKSPACE/flowtest-studio/src/features/execution/runners/DelayRunner.ts": {"path":"/Users/naufalazhar/Documents/PROJECT/QA-WORKSPACE/flowtest-studio/src/features/execution/runners/DelayRunner.ts","statementMap":{"0":{"start":{"line":3,"column":39},"end":{"line":21,"column":null}},"1":{"start":{"line":5,"column":8},"end":{"line":5,"column":null}},"2":{"start":{"line":7,"column":8},"end":{"line":9,"column":null}},"3":{"start":{"line":8,"column":12},"end":{"line":8,"column":null}},"4":{"start":{"line":11,"column":25},"end":{"line":11,"column":null}},"5":{"start":{"line":13,"column":8},"end":{"line":13,"column":null}},"6":{"start":{"line":15,"column":8},"end":{"line":17,"column":null}},"7":{"start":{"line":16,"column":12},"end":{"line":16,"column":null}},"8":{"start":{"line":19,"column":8},"end":{"line":19,"column":null}}},"fnMap":{"0":{"name":"run","decl":{"start":{"line":4,"column":10},"end":{"line":4,"column":14}},"loc":{"start":{"line":4,"column":20},"end":{"line":20,"column":null}},"line":4},"1":{"name":"(anonymous_1)","decl":{"start":{"line":15,"column":18},"end":{"line":15,"column":33}},"loc":{"start":{"line":16,"column":12},"end":{"line":16,"column":null}},"line":16}},"branchMap":{"0":{"loc":{"start":{"line":7,"column":8},"end":{"line":9,"column":null}},"type":"if","locations":[{"start":{"line":7,"column":8},"end":{"line":9,"column":null}},{"start":{},"end":{}}],"line":7}},"s":{"0":2,"1":2,"2":2,"3":1,"4":1,"5":1,"6":1,"7":1,"8":1},"f":{"0":2,"1":1},"b":{"0":[1,1]},"meta":{"lastBranch":1,"lastFunction":2,"lastStatement":9,"seen":{"s:3:39:21:Infinity":0,"f:4:10:4:14":0,"s:5:8:5:Infinity":1,"b:7:8:9:Infinity:undefined:undefined:undefined:undefined":0,"s:7:8:9:Infinity":2,"s:8:12:8:Infinity":3,"s:11:25:11:Infinity":4,"s:13:8:13:Infinity":5,"s:15:8:17:Infinity":6,"f:15:18:15:33":1,"s:16:12:16:Infinity":7,"s:19:8:19:Infinity":8},"fnNames":{}}}
,"/Users/naufalazhar/Documents/PROJECT/QA-WORKSPACE/flowtest-studio/src/features/execution/runners/ElementExistsRunner.ts": {"path":"/Users/naufalazhar/Documents/PROJECT/QA-WORKSPACE/flowtest-studio/src/features/execution/runners/ElementExistsRunner.ts","statementMap":{"0":{"start":{"line":5,"column":47},"end":{"line":26,"column":null}},"1":{"start":{"line":7,"column":8},"end":{"line":9,"column":null}},"2":{"start":{"line":8,"column":12},"end":{"line":8,"column":null}},"3":{"start":{"line":11,"column":23},"end":{"line":14,"column":null}},"4":{"start":{"line":16,"column":8},"end":{"line":19,"column":null}},"5":{"start":{"line":22,"column":8},"end":{"line":24,"column":null}}},"fnMap":{"0":{"name":"run","decl":{"start":{"line":6,"column":10},"end":{"line":6,"column":14}},"loc":{"start":{"line":6,"column":20},"end":{"line":25,"column":null}},"line":6}},"branchMap":{"0":{"loc":{"start":{"line":7,"column":8},"end":{"line":9,"column":null}},"type":"if","locations":[{"start":{"line":7,"column":8},"end":{"line":9,"column":null}},{"start":{},"end":{}}],"line":7}},"s":{"0":2,"1":4,"2":1,"3":3,"4":3,"5":3},"f":{"0":4},"b":{"0":[1,3]},"meta":{"lastBranch":1,"lastFunction":1,"lastStatement":6,"seen":{"s:5:47:26:Infinity":0,"f:6:10:6:14":0,"b:7:8:9:Infinity:undefined:undefined:undefined:undefined":0,"s:7:8:9:Infinity":1,"s:8:12:8:Infinity":2,"s:11:23:14:Infinity":3,"s:16:8:19:Infinity":4,"s:22:8:24:Infinity":5},"fnNames":{}}}
,"/Users/naufalazhar/Documents/PROJECT/QA-WORKSPACE/flowtest-studio/src/features/execution/runners/GetAttributeRunner.ts": {"path":"/Users/naufalazhar/Documents/PROJECT/QA-WORKSPACE/flowtest-studio/src/features/execution/runners/GetAttributeRunner.ts","statementMap":{"0":{"start":{"line":6,"column":46},"end":{"line":31,"column":null}},"1":{"start":{"line":8,"column":8},"end":{"line":10,"column":null}},"2":{"start":{"line":9,"column":12},"end":{"line":9,"column":null}},"3":{"start":{"line":12,"column":24},"end":{"line":12,"column":null}},"4":{"start":{"line":14,"column":26},"end":{"line":14,"column":null}},"5":{"start":{"line":16,"column":22},"end":{"line":20,"column":null}},"6":{"start":{"line":22,"column":8},"end":{"line":25,"column":null}},"7":{"start":{"line":27,"column":8},"end":{"line":29,"column":null}}},"fnMap":{"0":{"name":"run","decl":{"start":{"line":7,"column":10},"end":{"line":7,"column":14}},"loc":{"start":{"line":7,"column":20},"end":{"line":30,"column":null}},"line":7}},"branchMap":{"0":{"loc":{"start":{"line":8,"column":8},"end":{"line":10,"column":null}},"type":"if","locations":[{"start":{"line":8,"column":8},"end":{"line":10,"column":null}},{"start":{},"end":{}}],"line":8}},"s":{"0":2,"1":4,"2":1,"3":3,"4":3,"5":3,"6":3,"7":3},"f":{"0":4},"b":{"0":[1,3]},"meta":{"lastBranch":1,"lastFunction":1,"lastStatement":8,"seen":{"s:6:46:31:Infinity":0,"f:7:10:7:14":0,"b:8:8:10:Infinity:undefined:undefined:undefined:undefined":0,"s:8:8:10:Infinity":1,"s:9:12:9:Infinity":2,"s:12:24:12:Infinity":3,"s:14:26:14:Infinity":4,"s:16:22:20:Infinity":5,"s:22:8:25:Infinity":6,"s:27:8:29:Infinity":7},"fnNames":{}}}
,"/Users/naufalazhar/Documents/PROJECT/QA-WORKSPACE/flowtest-studio/src/features/execution/runners/GetCurrentActivityRunner.ts": {"path":"/Users/naufalazhar/Documents/PROJECT/QA-WORKSPACE/flowtest-studio/src/features/execution/runners/GetCurrentActivityRunner.ts","statementMap":{"0":{"start":{"line":5,"column":52},"end":{"line":19,"column":null}},"1":{"start":{"line":7,"column":8},"end":{"line":9,"column":null}},"2":{"start":{"line":8,"column":12},"end":{"line":8,"column":null}},"3":{"start":{"line":11,"column":8},"end":{"line":17,"column":null}},"4":{"start":{"line":12,"column":18},"end":{"line":12,"column":null}}},"fnMap":{"0":{"name":"run","decl":{"start":{"line":6,"column":10},"end":{"line":6,"column":14}},"loc":{"start":{"line":6,"column":20},"end":{"line":18,"column":null}},"line":6},"1":{"name":"(anonymous_1)","decl":{"start":{"line":11,"column":15},"end":{"line":11,"column":null}},"loc":{"start":{"line":12,"column":18},"end":{"line":12,"column":null}},"line":12}},"branchMap":{"0":{"loc":{"start":{"line":7,"column":8},"end":{"line":9,"column":null}},"type":"if","locations":[{"start":{"line":7,"column":8},"end":{"line":9,"column":null}},{"start":{},"end":{}}],"line":7}},"s":{"0":2,"1":4,"2":1,"3":3,"4":3},"f":{"0":4,"1":3},"b":{"0":[1,3]},"meta":{"lastBranch":1,"lastFunction":2,"lastStatement":5,"seen":{"s:5:52:19:Infinity":0,"f:6:10:6:14":0,"b:7:8:9:Infinity:undefined:undefined:undefined:undefined":0,"s:7:8:9:Infinity":1,"s:8:12:8:Infinity":2,"s:11:8:17:Infinity":3,"f:11:15:11:Infinity":1,"s:12:18:12:Infinity":4},"fnNames":{}}}
,"/Users/naufalazhar/Documents/PROJECT/QA-WORKSPACE/flowtest-studio/src/features/execution/runners/GetCurrentPackageRunner.ts": {"path":"/Users/naufalazhar/Documents/PROJECT/QA-WORKSPACE/flowtest-studio/src/features/execution/runners/GetCurrentPackageRunner.ts","statementMap":{"0":{"start":{"line":5,"column":51},"end":{"line":19,"column":null}},"1":{"start":{"line":7,"column":8},"end":{"line":9,"column":null}},"2":{"start":{"line":8,"column":12},"end":{"line":8,"column":null}},"3":{"start":{"line":11,"column":8},"end":{"line":17,"column":null}},"4":{"start":{"line":12,"column":18},"end":{"line":12,"column":null}}},"fnMap":{"0":{"name":"run","decl":{"start":{"line":6,"column":10},"end":{"line":6,"column":14}},"loc":{"start":{"line":6,"column":20},"end":{"line":18,"column":null}},"line":6},"1":{"name":"(anonymous_1)","decl":{"start":{"line":11,"column":15},"end":{"line":11,"column":null}},"loc":{"start":{"line":12,"column":18},"end":{"line":12,"column":null}},"line":12}},"branchMap":{"0":{"loc":{"start":{"line":7,"column":8},"end":{"line":9,"column":null}},"type":"if","locations":[{"start":{"line":7,"column":8},"end":{"line":9,"column":null}},{"start":{},"end":{}}],"line":7}},"s":{"0":2,"1":4,"2":1,"3":3,"4":3},"f":{"0":4,"1":3},"b":{"0":[1,3]},"meta":{"lastBranch":1,"lastFunction":2,"lastStatement":5,"seen":{"s:5:51:19:Infinity":0,"f:6:10:6:14":0,"b:7:8:9:Infinity:undefined:undefined:undefined:undefined":0,"s:7:8:9:Infinity":1,"s:8:12:8:Infinity":2,"s:11:8:17:Infinity":3,"f:11:15:11:Infinity":1,"s:12:18:12:Infinity":4},"fnNames":{}}}
,"/Users/naufalazhar/Documents/PROJECT/QA-WORKSPACE/flowtest-studio/src/features/execution/runners/GetDeviceNameRunner.ts": {"path":"/Users/naufalazhar/Documents/PROJECT/QA-WORKSPACE/flowtest-studio/src/features/execution/runners/GetDeviceNameRunner.ts","statementMap":{"0":{"start":{"line":5,"column":47},"end":{"line":19,"column":null}},"1":{"start":{"line":7,"column":8},"end":{"line":9,"column":null}},"2":{"start":{"line":8,"column":12},"end":{"line":8,"column":null}},"3":{"start":{"line":11,"column":8},"end":{"line":17,"column":null}},"4":{"start":{"line":12,"column":18},"end":{"line":12,"column":null}}},"fnMap":{"0":{"name":"run","decl":{"start":{"line":6,"column":10},"end":{"line":6,"column":14}},"loc":{"start":{"line":6,"column":20},"end":{"line":18,"column":null}},"line":6},"1":{"name":"(anonymous_1)","decl":{"start":{"line":11,"column":15},"end":{"line":11,"column":null}},"loc":{"start":{"line":12,"column":18},"end":{"line":12,"column":null}},"line":12}},"branchMap":{"0":{"loc":{"start":{"line":7,"column":8},"end":{"line":9,"column":null}},"type":"if","locations":[{"start":{"line":7,"column":8},"end":{"line":9,"column":null}},{"start":{},"end":{}}],"line":7}},"s":{"0":2,"1":4,"2":1,"3":3,"4":3},"f":{"0":4,"1":3},"b":{"0":[1,3]},"meta":{"lastBranch":1,"lastFunction":2,"lastStatement":5,"seen":{"s:5:47:19:Infinity":0,"f:6:10:6:14":0,"b:7:8:9:Infinity:undefined:undefined:undefined:undefined":0,"s:7:8:9:Infinity":1,"s:8:12:8:Infinity":2,"s:11:8:17:Infinity":3,"f:11:15:11:Infinity":1,"s:12:18:12:Infinity":4},"fnNames":{}}}
,"/Users/naufalazhar/Documents/PROJECT/QA-WORKSPACE/flowtest-studio/src/features/execution/runners/GetDeviceTimeRunner.ts": {"path":"/Users/naufalazhar/Documents/PROJECT/QA-WORKSPACE/flowtest-studio/src/features/execution/runners/GetDeviceTimeRunner.ts","statementMap":{"0":{"start":{"line":5,"column":47},"end":{"line":19,"column":null}},"1":{"start":{"line":7,"column":8},"end":{"line":9,"column":null}},"2":{"start":{"line":8,"column":12},"end":{"line":8,"column":null}},"3":{"start":{"line":11,"column":8},"end":{"line":17,"column":null}},"4":{"start":{"line":12,"column":18},"end":{"line":12,"column":null}}},"fnMap":{"0":{"name":"run","decl":{"start":{"line":6,"column":10},"end":{"line":6,"column":14}},"loc":{"start":{"line":6,"column":20},"end":{"line":18,"column":null}},"line":6},"1":{"name":"(anonymous_1)","decl":{"start":{"line":11,"column":15},"end":{"line":11,"column":null}},"loc":{"start":{"line":12,"column":18},"end":{"line":12,"column":null}},"line":12}},"branchMap":{"0":{"loc":{"start":{"line":7,"column":8},"end":{"line":9,"column":null}},"type":"if","locations":[{"start":{"line":7,"column":8},"end":{"line":9,"column":null}},{"start":{},"end":{}}],"line":7}},"s":{"0":2,"1":4,"2":1,"3":3,"4":3},"f":{"0":4,"1":3},"b":{"0":[1,3]},"meta":{"lastBranch":1,"lastFunction":2,"lastStatement":5,"seen":{"s:5:47:19:Infinity":0,"f:6:10:6:14":0,"b:7:8:9:Infinity:undefined:undefined:undefined:undefined":0,"s:7:8:9:Infinity":1,"s:8:12:8:Infinity":2,"s:11:8:17:Infinity":3,"f:11:15:11:Infinity":1,"s:12:18:12:Infinity":4},"fnNames":{}}}
,"/Users/naufalazhar/Documents/PROJECT/QA-WORKSPACE/flowtest-studio/src/features/execution/runners/GetDisplayedRunner.ts": {"path":"/Users/naufalazhar/Documents/PROJECT/QA-WORKSPACE/flowtest-studio/src/features/execution/runners/GetDisplayedRunner.ts","statementMap":{"0":{"start":{"line":6,"column":68},"end":{"line":20,"column":null}},"1":{"start":{"line":8,"column":8},"end":{"line":18,"column":null}},"2":{"start":{"line":10,"column":16},"end":{"line":13,"column":null}}},"fnMap":{"0":{"name":"run","decl":{"start":{"line":7,"column":10},"end":{"line":7,"column":14}},"loc":{"start":{"line":7,"column":20},"end":{"line":19,"column":null}},"line":7},"1":{"name":"(anonymous_1)","decl":{"start":{"line":8,"column":15},"end":{"line":8,"column":null}},"loc":{"start":{"line":10,"column":16},"end":{"line":13,"column":null}},"line":10}},"branchMap":{},"s":{"0":2,"1":3,"2":1},"f":{"0":3,"1":1},"b":{},"meta":{"lastBranch":0,"lastFunction":2,"lastStatement":3,"seen":{"s:6:68:20:Infinity":0,"f:7:10:7:14":0,"s:8:8:18:Infinity":1,"f:8:15:8:Infinity":1,"s:10:16:13:Infinity":2},"fnNames":{}}}
,"/Users/naufalazhar/Documents/PROJECT/QA-WORKSPACE/flowtest-studio/src/features/execution/runners/GetEnabledRunner.ts": {"path":"/Users/naufalazhar/Documents/PROJECT/QA-WORKSPACE/flowtest-studio/src/features/execution/runners/GetEnabledRunner.ts","statementMap":{"0":{"start":{"line":7,"column":44},"end":{"line":27,"column":null}},"1":{"start":{"line":9,"column":8},"end":{"line":11,"column":null}},"2":{"start":{"line":10,"column":12},"end":{"line":10,"column":null}},"3":{"start":{"line":13,"column":21},"end":{"line":13,"column":null}},"4":{"start":{"line":15,"column":8},"end":{"line":25,"column":null}},"5":{"start":{"line":17,"column":16},"end":{"line":20,"column":null}}},"fnMap":{"0":{"name":"run","decl":{"start":{"line":8,"column":10},"end":{"line":8,"column":14}},"loc":{"start":{"line":8,"column":20},"end":{"line":26,"column":null}},"line":8},"1":{"name":"(anonymous_1)","decl":{"start":{"line":15,"column":15},"end":{"line":15,"column":null}},"loc":{"start":{"line":17,"column":16},"end":{"line":20,"column":null}},"line":17}},"branchMap":{"0":{"loc":{"start":{"line":9,"column":8},"end":{"line":11,"column":null}},"type":"if","locations":[{"start":{"line":9,"column":8},"end":{"line":11,"column":null}},{"start":{},"end":{}}],"line":9}},"s":{"0":2,"1":4,"2":1,"3":3,"4":3,"5":1},"f":{"0":4,"1":1},"b":{"0":[1,3]},"meta":{"lastBranch":1,"lastFunction":2,"lastStatement":6,"seen":{"s:7:44:27:Infinity":0,"f:8:10:8:14":0,"b:9:8:11:Infinity:undefined:undefined:undefined:undefined":0,"s:9:8:11:Infinity":1,"s:10:12:10:Infinity":2,"s:13:21:13:Infinity":3,"s:15:8:25:Infinity":4,"f:15:15:15:Infinity":1,"s:17:16:20:Infinity":5},"fnNames":{}}}
,"/Users/naufalazhar/Documents/PROJECT/QA-WORKSPACE/flowtest-studio/src/features/execution/runners/GetLocationRunner.ts": {"path":"/Users/naufalazhar/Documents/PROJECT/QA-WORKSPACE/flowtest-studio/src/features/execution/runners/GetLocationRunner.ts","statementMap":{"0":{"start":{"line":9,"column":66},"end":{"line":23,"column":null}},"1":{"start":{"line":11,"column":8},"end":{"line":21,"column":null}},"2":{"start":{"line":13,"column":16},"end":{"line":16,"column":null}}},"fnMap":{"0":{"name":"run","decl":{"start":{"line":10,"column":10},"end":{"line":10,"column":14}},"loc":{"start":{"line":10,"column":20},"end":{"line":22,"column":null}},"line":10},"1":{"name":"(anonymous_1)","decl":{"start":{"line":11,"column":15},"end":{"line":11,"column":null}},"loc":{"start":{"line":13,"column":16},"end":{"line":16,"column":null}},"line":13}},"branchMap":{},"s":{"0":2,"1":3,"2":1},"f":{"0":3,"1":1},"b":{},"meta":{"lastBranch":0,"lastFunction":2,"lastStatement":3,"seen":{"s:9:66:23:Infinity":0,"f:10:10:10:14":0,"s:11:8:21:Infinity":1,"f:11:15:11:Infinity":1,"s:13:16:16:Infinity":2},"fnNames":{}}}
,"/Users/naufalazhar/Documents/PROJECT/QA-WORKSPACE/flowtest-studio/src/features/execution/runners/GetOrientationRunner.ts": {"path":"/Users/naufalazhar/Documents/PROJECT/QA-WORKSPACE/flowtest-studio/src/features/execution/runners/GetOrientationRunner.ts","statementMap":{"0":{"start":{"line":5,"column":48},"end":{"line":19,"column":null}},"1":{"start":{"line":7,"column":8},"end":{"line":9,"column":null}},"2":{"start":{"line":8,"column":12},"end":{"line":8,"column":null}},"3":{"start":{"line":11,"column":8},"end":{"line":17,"column":null}},"4":{"start":{"line":12,"column":18},"end":{"line":12,"column":null}}},"fnMap":{"0":{"name":"run","decl":{"start":{"line":6,"column":10},"end":{"line":6,"column":14}},"loc":{"start":{"line":6,"column":20},"end":{"line":18,"column":null}},"line":6},"1":{"name":"(anonymous_1)","decl":{"start":{"line":11,"column":15},"end":{"line":11,"column":null}},"loc":{"start":{"line":12,"column":18},"end":{"line":12,"column":null}},"line":12}},"branchMap":{"0":{"loc":{"start":{"line":7,"column":8},"end":{"line":9,"column":null}},"type":"if","locations":[{"start":{"line":7,"column":8},"end":{"line":9,"column":null}},{"start":{},"end":{}}],"line":7}},"s":{"0":2,"1":4,"2":1,"3":3,"4":3},"f":{"0":4,"1":3},"b":{"0":[1,3]},"meta":{"lastBranch":1,"lastFunction":2,"lastStatement":5,"seen":{"s:5:48:19:Infinity":0,"f:6:10:6:14":0,"b:7:8:9:Infinity:undefined:undefined:undefined:undefined":0,"s:7:8:9:Infinity":1,"s:8:12:8:Infinity":2,"s:11:8:17:Infinity":3,"f:11:15:11:Infinity":1,"s:12:18:12:Infinity":4},"fnNames":{}}}
,"/Users/naufalazhar/Documents/PROJECT/QA-WORKSPACE/flowtest-studio/src/features/execution/runners/GetPlatformVersionRunner.ts": {"path":"/Users/naufalazhar/Documents/PROJECT/QA-WORKSPACE/flowtest-studio/src/features/execution/runners/GetPlatformVersionRunner.ts","statementMap":{"0":{"start":{"line":5,"column":52},"end":{"line":19,"column":null}},"1":{"start":{"line":7,"column":8},"end":{"line":9,"column":null}},"2":{"start":{"line":8,"column":12},"end":{"line":8,"column":null}},"3":{"start":{"line":11,"column":8},"end":{"line":17,"column":null}},"4":{"start":{"line":12,"column":18},"end":{"line":12,"column":null}}},"fnMap":{"0":{"name":"run","decl":{"start":{"line":6,"column":10},"end":{"line":6,"column":14}},"loc":{"start":{"line":6,"column":20},"end":{"line":18,"column":null}},"line":6},"1":{"name":"(anonymous_1)","decl":{"start":{"line":11,"column":15},"end":{"line":11,"column":null}},"loc":{"start":{"line":12,"column":18},"end":{"line":12,"column":null}},"line":12}},"branchMap":{"0":{"loc":{"start":{"line":7,"column":8},"end":{"line":9,"column":null}},"type":"if","locations":[{"start":{"line":7,"column":8},"end":{"line":9,"column":null}},{"start":{},"end":{}}],"line":7}},"s":{"0":2,"1":4,"2":1,"3":3,"4":3},"f":{"0":4,"1":3},"b":{"0":[1,3]},"meta":{"lastBranch":1,"lastFunction":2,"lastStatement":5,"seen":{"s:5:52:19:Infinity":0,"f:6:10:6:14":0,"b:7:8:9:Infinity:undefined:undefined:undefined:undefined":0,"s:7:8:9:Infinity":1,"s:8:12:8:Infinity":2,"s:11:8:17:Infinity":3,"f:11:15:11:Infinity":1,"s:12:18:12:Infinity":4},"fnNames":{}}}
,"/Users/naufalazhar/Documents/PROJECT/QA-WORKSPACE/flowtest-studio/src/features/execution/runners/GetRectRunner.ts": {"path":"/Users/naufalazhar/Documents/PROJECT/QA-WORKSPACE/flowtest-studio/src/features/execution/runners/GetRectRunner.ts","statementMap":{"0":{"start":{"line":7,"column":58},"end":{"line":21,"column":null}},"1":{"start":{"line":9,"column":8},"end":{"line":19,"column":null}},"2":{"start":{"line":11,"column":16},"end":{"line":14,"column":null}}},"fnMap":{"0":{"name":"run","decl":{"start":{"line":8,"column":10},"end":{"line":8,"column":14}},"loc":{"start":{"line":8,"column":20},"end":{"line":20,"column":null}},"line":8},"1":{"name":"(anonymous_1)","decl":{"start":{"line":9,"column":15},"end":{"line":9,"column":null}},"loc":{"start":{"line":11,"column":16},"end":{"line":14,"column":null}},"line":11}},"branchMap":{},"s":{"0":2,"1":3,"2":1},"f":{"0":3,"1":1},"b":{},"meta":{"lastBranch":0,"lastFunction":2,"lastStatement":3,"seen":{"s:7:58:21:Infinity":0,"f:8:10:8:14":0,"s:9:8:19:Infinity":1,"f:9:15:9:Infinity":1,"s:11:16:14:Infinity":2},"fnNames":{}}}
,"/Users/naufalazhar/Documents/PROJECT/QA-WORKSPACE/flowtest-studio/src/features/execution/runners/GetSelectedRunner.ts": {"path":"/Users/naufalazhar/Documents/PROJECT/QA-WORKSPACE/flowtest-studio/src/features/execution/runners/GetSelectedRunner.ts","statementMap":{"0":{"start":{"line":7,"column":45},"end":{"line":27,"column":null}},"1":{"start":{"line":9,"column":8},"end":{"line":11,"column":null}},"2":{"start":{"line":10,"column":12},"end":{"line":10,"column":null}},"3":{"start":{"line":13,"column":21},"end":{"line":13,"column":null}},"4":{"start":{"line":15,"column":8},"end":{"line":25,"column":null}},"5":{"start":{"line":17,"column":16},"end":{"line":20,"column":null}}},"fnMap":{"0":{"name":"run","decl":{"start":{"line":8,"column":10},"end":{"line":8,"column":14}},"loc":{"start":{"line":8,"column":20},"end":{"line":26,"column":null}},"line":8},"1":{"name":"(anonymous_1)","decl":{"start":{"line":15,"column":15},"end":{"line":15,"column":null}},"loc":{"start":{"line":17,"column":16},"end":{"line":20,"column":null}},"line":17}},"branchMap":{"0":{"loc":{"start":{"line":9,"column":8},"end":{"line":11,"column":null}},"type":"if","locations":[{"start":{"line":9,"column":8},"end":{"line":11,"column":null}},{"start":{},"end":{}}],"line":9}},"s":{"0":2,"1":4,"2":1,"3":3,"4":3,"5":1},"f":{"0":4,"1":1},"b":{"0":[1,3]},"meta":{"lastBranch":1,"lastFunction":2,"lastStatement":6,"seen":{"s:7:45:27:Infinity":0,"f:8:10:8:14":0,"b:9:8:11:Infinity:undefined:undefined:undefined:undefined":0,"s:9:8:11:Infinity":1,"s:10:12:10:Infinity":2,"s:13:21:13:Infinity":3,"s:15:8:25:Infinity":4,"f:15:15:15:Infinity":1,"s:17:16:20:Infinity":5},"fnNames":{}}}
,"/Users/naufalazhar/Documents/PROJECT/QA-WORKSPACE/flowtest-studio/src/features/execution/runners/GetSizeRunner.ts": {"path":"/Users/naufalazhar/Documents/PROJECT/QA-WORKSPACE/flowtest-studio/src/features/execution/runners/GetSizeRunner.ts","statementMap":{"0":{"start":{"line":9,"column":58},"end":{"line":23,"column":null}},"1":{"start":{"line":11,"column":8},"end":{"line":21,"column":null}},"2":{"start":{"line":13,"column":16},"end":{"line":16,"column":null}}},"fnMap":{"0":{"name":"run","decl":{"start":{"line":10,"column":10},"end":{"line":10,"column":14}},"loc":{"start":{"line":10,"column":20},"end":{"line":22,"column":null}},"line":10},"1":{"name":"(anonymous_1)","decl":{"start":{"line":11,"column":15},"end":{"line":11,"column":null}},"loc":{"start":{"line":13,"column":16},"end":{"line":16,"column":null}},"line":13}},"branchMap":{},"s":{"0":2,"1":3,"2":1},"f":{"0":3,"1":1},"b":{},"meta":{"lastBranch":0,"lastFunction":2,"lastStatement":3,"seen":{"s:9:58:23:Infinity":0,"f:10:10:10:14":0,"s:11:8:21:Infinity":1,"f:11:15:11:Infinity":1,"s:13:16:16:Infinity":2},"fnNames":{}}}
,"/Users/naufalazhar/Documents/PROJECT/QA-WORKSPACE/flowtest-studio/src/features/execution/runners/GetTextRunner.ts": {"path":"/Users/naufalazhar/Documents/PROJECT/QA-WORKSPACE/flowtest-studio/src/features/execution/runners/GetTextRunner.ts","statementMap":{"0":{"start":{"line":8,"column":41},"end":{"line":26,"column":null}},"1":{"start":{"line":10,"column":8},"end":{"line":12,"column":null}},"2":{"start":{"line":11,"column":12},"end":{"line":11,"column":null}},"3":{"start":{"line":14,"column":24},"end":{"line":14,"column":null}},"4":{"start":{"line":16,"column":8},"end":{"line":24,"column":null}},"5":{"start":{"line":18,"column":16},"end":{"line":21,"column":null}}},"fnMap":{"0":{"name":"run","decl":{"start":{"line":9,"column":10},"end":{"line":9,"column":14}},"loc":{"start":{"line":9,"column":20},"end":{"line":25,"column":null}},"line":9},"1":{"name":"(anonymous_1)","decl":{"start":{"line":16,"column":15},"end":{"line":16,"column":null}},"loc":{"start":{"line":18,"column":16},"end":{"line":21,"column":null}},"line":18}},"branchMap":{"0":{"loc":{"start":{"line":10,"column":8},"end":{"line":12,"column":null}},"type":"if","locations":[{"start":{"line":10,"column":8},"end":{"line":12,"column":null}},{"start":{},"end":{}}],"line":10}},"s":{"0":2,"1":5,"2":1,"3":4,"4":4,"5":4},"f":{"0":5,"1":4},"b":{"0":[1,4]},"meta":{"lastBranch":1,"lastFunction":2,"lastStatement":6,"seen":{"s:8:41:26:Infinity":0,"f:9:10:9:14":0,"b:10:8:12:Infinity:undefined:undefined:undefined:undefined":0,"s:10:8:12:Infinity":1,"s:11:12:11:Infinity":2,"s:14:24:14:Infinity":3,"s:16:8:24:Infinity":4,"f:16:15:16:Infinity":1,"s:18:16:21:Infinity":5},"fnNames":{}}}
,"/Users/naufalazhar/Documents/PROJECT/QA-WORKSPACE/flowtest-studio/src/features/execution/runners/HomeRunner.ts": {"path":"/Users/naufalazhar/Documents/PROJECT/QA-WORKSPACE/flowtest-studio/src/features/execution/runners/HomeRunner.ts","statementMap":{"0":{"start":{"line":5,"column":38},"end":{"line":9,"column":null}},"1":{"start":{"line":7,"column":4},"end":{"line":7,"column":null}}},"fnMap":{"0":{"name":"run","decl":{"start":{"line":6,"column":8},"end":{"line":6,"column":14}},"loc":{"start":{"line":6,"column":14},"end":{"line":8,"column":null}},"line":6}},"branchMap":{},"s":{"0":2,"1":1},"f":{"0":1},"b":{},"meta":{"lastBranch":0,"lastFunction":1,"lastStatement":2,"seen":{"s:5:38:9:Infinity":0,"f:6:8:6:14":0,"s:7:4:7:Infinity":1},"fnNames":{}}}
,"/Users/naufalazhar/Documents/PROJECT/QA-WORKSPACE/flowtest-studio/src/features/execution/runners/IfRunner.ts": {"path":"/Users/naufalazhar/Documents/PROJECT/QA-WORKSPACE/flowtest-studio/src/features/execution/runners/IfRunner.ts","statementMap":{"0":{"start":{"line":6,"column":36},"end":{"line":22,"column":null}},"1":{"start":{"line":8,"column":8},"end":{"line":10,"column":null}},"2":{"start":{"line":9,"column":12},"end":{"line":9,"column":null}},"3":{"start":{"line":12,"column":23},"end":{"line":14,"column":null}},"4":{"start":{"line":16,"column":8},"end":{"line":20,"column":null}}},"fnMap":{"0":{"name":"run","decl":{"start":{"line":7,"column":10},"end":{"line":7,"column":14}},"loc":{"start":{"line":7,"column":30},"end":{"line":21,"column":null}},"line":7}},"branchMap":{"0":{"loc":{"start":{"line":8,"column":8},"end":{"line":10,"column":null}},"type":"if","locations":[{"start":{"line":8,"column":8},"end":{"line":10,"column":null}},{"start":{},"end":{}}],"line":8},"1":{"loc":{"start":{"line":18,"column":16},"end":{"line":18,"column":null}},"type":"cond-expr","locations":[{"start":{"line":18,"column":25},"end":{"line":18,"column":34}},{"start":{"line":18,"column":34},"end":{"line":18,"column":null}}],"line":18}},"s":{"0":2,"1":4,"2":1,"3":3,"4":3},"f":{"0":4},"b":{"0":[1,3],"1":[1,2]},"meta":{"lastBranch":2,"lastFunction":1,"lastStatement":5,"seen":{"s:6:36:22:Infinity":0,"f:7:10:7:14":0,"b:8:8:10:Infinity:undefined:undefined:undefined:undefined":0,"s:8:8:10:Infinity":1,"s:9:12:9:Infinity":2,"s:12:23:14:Infinity":3,"s:16:8:20:Infinity":4,"b:18:25:18:34:18:34:18:Infinity":1},"fnNames":{}}}
,"/Users/naufalazhar/Documents/PROJECT/QA-WORKSPACE/flowtest-studio/src/features/execution/runners/InputRunner.ts": {"path":"/Users/naufalazhar/Documents/PROJECT/QA-WORKSPACE/flowtest-studio/src/features/execution/runners/InputRunner.ts","statementMap":{"0":{"start":{"line":5,"column":39},"end":{"line":22,"column":null}},"1":{"start":{"line":7,"column":4},"end":{"line":9,"column":null}},"2":{"start":{"line":8,"column":6},"end":{"line":8,"column":null}},"3":{"start":{"line":11,"column":17},"end":{"line":14,"column":null}},"4":{"start":{"line":16,"column":4},"end":{"line":20,"column":null}}},"fnMap":{"0":{"name":"run","decl":{"start":{"line":6,"column":8},"end":{"line":6,"column":12}},"loc":{"start":{"line":6,"column":18},"end":{"line":21,"column":null}},"line":6}},"branchMap":{"0":{"loc":{"start":{"line":7,"column":4},"end":{"line":9,"column":null}},"type":"if","locations":[{"start":{"line":7,"column":4},"end":{"line":9,"column":null}},{"start":{},"end":{}}],"line":7}},"s":{"0":2,"1":2,"2":1,"3":1,"4":1},"f":{"0":2},"b":{"0":[1,1]},"meta":{"lastBranch":1,"lastFunction":1,"lastStatement":5,"seen":{"s:5:39:22:Infinity":0,"f:6:8:6:12":0,"b:7:4:9:Infinity:undefined:undefined:undefined:undefined":0,"s:7:4:9:Infinity":1,"s:8:6:8:Infinity":2,"s:11:17:14:Infinity":3,"s:16:4:20:Infinity":4},"fnNames":{}}}
,"/Users/naufalazhar/Documents/PROJECT/QA-WORKSPACE/flowtest-studio/src/features/execution/runners/LaunchAppRunner.ts": {"path":"/Users/naufalazhar/Documents/PROJECT/QA-WORKSPACE/flowtest-studio/src/features/execution/runners/LaunchAppRunner.ts","statementMap":{"0":{"start":{"line":6,"column":43},"end":{"line":16,"column":null}},"1":{"start":{"line":8,"column":17},"end":{"line":8,"column":null}},"2":{"start":{"line":10,"column":4},"end":{"line":14,"column":null}}},"fnMap":{"0":{"name":"run","decl":{"start":{"line":7,"column":8},"end":{"line":7,"column":12}},"loc":{"start":{"line":7,"column":18},"end":{"line":15,"column":null}},"line":7}},"branchMap":{},"s":{"0":2,"1":1,"2":1},"f":{"0":1},"b":{},"meta":{"lastBranch":0,"lastFunction":1,"lastStatement":3,"seen":{"s:6:43:16:Infinity":0,"f:7:8:7:12":0,"s:8:17:8:Infinity":1,"s:10:4:14:Infinity":2},"fnNames":{}}}
,"/Users/naufalazhar/Documents/PROJECT/QA-WORKSPACE/flowtest-studio/src/features/execution/runners/ScreenshotRunner.ts": {"path":"/Users/naufalazhar/Documents/PROJECT/QA-WORKSPACE/flowtest-studio/src/features/execution/runners/ScreenshotRunner.ts","statementMap":{"0":{"start":{"line":6,"column":44},"end":{"line":15,"column":null}},"1":{"start":{"line":9,"column":6},"end":{"line":9,"column":null}},"2":{"start":{"line":11,"column":4},"end":{"line":13,"column":null}}},"fnMap":{"0":{"name":"run","decl":{"start":{"line":7,"column":8},"end":{"line":7,"column":12}},"loc":{"start":{"line":7,"column":18},"end":{"line":14,"column":null}},"line":7}},"branchMap":{},"s":{"0":2,"1":1,"2":1},"f":{"0":1},"b":{},"meta":{"lastBranch":0,"lastFunction":1,"lastStatement":3,"seen":{"s:6:44:15:Infinity":0,"f:7:8:7:12":0,"s:9:6:9:Infinity":1,"s:11:4:13:Infinity":2},"fnNames":{}}}
,"/Users/naufalazhar/Documents/PROJECT/QA-WORKSPACE/flowtest-studio/src/features/execution/runners/ScrollRunner.ts": {"path":"/Users/naufalazhar/Documents/PROJECT/QA-WORKSPACE/flowtest-studio/src/features/execution/runners/ScrollRunner.ts","statementMap":{"0":{"start":{"line":6,"column":40},"end":{"line":17,"column":null}},"1":{"start":{"line":8,"column":4},"end":{"line":8,"column":null}},"2":{"start":{"line":10,"column":17},"end":{"line":10,"column":null}},"3":{"start":{"line":12,"column":4},"end":{"line":15,"column":null}}},"fnMap":{"0":{"name":"run","decl":{"start":{"line":7,"column":8},"end":{"line":7,"column":12}},"loc":{"start":{"line":7,"column":27},"end":{"line":16,"column":null}},"line":7}},"branchMap":{},"s":{"0":2,"1":1,"2":1,"3":1},"f":{"0":1},"b":{},"meta":{"lastBranch":0,"lastFunction":1,"lastStatement":4,"seen":{"s:6:40:17:Infinity":0,"f:7:8:7:12":0,"s:8:4:8:Infinity":1,"s:10:17:10:Infinity":2,"s:12:4:15:Infinity":3},"fnNames":{}}}
,"/Users/naufalazhar/Documents/PROJECT/QA-WORKSPACE/flowtest-studio/src/features/execution/runners/SetVariableRunner.ts": {"path":"/Users/naufalazhar/Documents/PROJECT/QA-WORKSPACE/flowtest-studio/src/features/execution/runners/SetVariableRunner.ts","statementMap":{"0":{"start":{"line":6,"column":45},"end":{"line":17,"column":null}},"1":{"start":{"line":8,"column":4},"end":{"line":10,"column":null}},"2":{"start":{"line":9,"column":6},"end":{"line":9,"column":null}},"3":{"start":{"line":12,"column":4},"end":{"line":15,"column":null}}},"fnMap":{"0":{"name":"run","decl":{"start":{"line":7,"column":8},"end":{"line":7,"column":12}},"loc":{"start":{"line":7,"column":18},"end":{"line":16,"column":null}},"line":7}},"branchMap":{"0":{"loc":{"start":{"line":8,"column":4},"end":{"line":10,"column":null}},"type":"if","locations":[{"start":{"line":8,"column":4},"end":{"line":10,"column":null}},{"start":{},"end":{}}],"line":8}},"s":{"0":2,"1":2,"2":1,"3":1},"f":{"0":2},"b":{"0":[1,1]},"meta":{"lastBranch":1,"lastFunction":1,"lastStatement":4,"seen":{"s:6:45:17:Infinity":0,"f:7:8:7:12":0,"b:8:4:10:Infinity:undefined:undefined:undefined:undefined":0,"s:8:4:10:Infinity":1,"s:9:6:9:Infinity":2,"s:12:4:15:Infinity":3},"fnNames":{}}}
,"/Users/naufalazhar/Documents/PROJECT/QA-WORKSPACE/flowtest-studio/src/features/execution/runners/SwipeRunner.ts": {"path":"/Users/naufalazhar/Documents/PROJECT/QA-WORKSPACE/flowtest-studio/src/features/execution/runners/SwipeRunner.ts","statementMap":{"0":{"start":{"line":6,"column":39},"end":{"line":18,"column":null}},"1":{"start":{"line":8,"column":4},"end":{"line":8,"column":null}},"2":{"start":{"line":10,"column":17},"end":{"line":10,"column":null}},"3":{"start":{"line":12,"column":4},"end":{"line":16,"column":null}}},"fnMap":{"0":{"name":"run","decl":{"start":{"line":7,"column":8},"end":{"line":7,"column":12}},"loc":{"start":{"line":7,"column":27},"end":{"line":17,"column":null}},"line":7}},"branchMap":{},"s":{"0":2,"1":1,"2":1,"3":1},"f":{"0":1},"b":{},"meta":{"lastBranch":0,"lastFunction":1,"lastStatement":4,"seen":{"s:6:39:18:Infinity":0,"f:7:8:7:12":0,"s:8:4:8:Infinity":1,"s:10:17:10:Infinity":2,"s:12:4:16:Infinity":3},"fnNames":{}}}
,"/Users/naufalazhar/Documents/PROJECT/QA-WORKSPACE/flowtest-studio/src/features/execution/runners/TapRunner.ts": {"path":"/Users/naufalazhar/Documents/PROJECT/QA-WORKSPACE/flowtest-studio/src/features/execution/runners/TapRunner.ts","statementMap":{"0":{"start":{"line":6,"column":37},"end":{"line":21,"column":null}},"1":{"start":{"line":8,"column":4},"end":{"line":10,"column":null}},"2":{"start":{"line":9,"column":6},"end":{"line":9,"column":null}},"3":{"start":{"line":12,"column":20},"end":{"line":14,"column":null}},"4":{"start":{"line":16,"column":4},"end":{"line":19,"column":null}}},"fnMap":{"0":{"name":"run","decl":{"start":{"line":7,"column":8},"end":{"line":7,"column":12}},"loc":{"start":{"line":7,"column":18},"end":{"line":20,"column":null}},"line":7}},"branchMap":{"0":{"loc":{"start":{"line":8,"column":4},"end":{"line":10,"column":null}},"type":"if","locations":[{"start":{"line":8,"column":4},"end":{"line":10,"column":null}},{"start":{},"end":{}}],"line":8}},"s":{"0":2,"1":2,"2":1,"3":1,"4":1},"f":{"0":2},"b":{"0":[1,1]},"meta":{"lastBranch":1,"lastFunction":1,"lastStatement":5,"seen":{"s:6:37:21:Infinity":0,"f:7:8:7:12":0,"b:8:4:10:Infinity:undefined:undefined:undefined:undefined":0,"s:8:4:10:Infinity":1,"s:9:6:9:Infinity":2,"s:12:20:14:Infinity":3,"s:16:4:19:Infinity":4},"fnNames":{}}}
,"/Users/naufalazhar/Documents/PROJECT/QA-WORKSPACE/flowtest-studio/src/features/execution/runners/WaitRunner.ts": {"path":"/Users/naufalazhar/Documents/PROJECT/QA-WORKSPACE/flowtest-studio/src/features/execution/runners/WaitRunner.ts","statementMap":{"0":{"start":{"line":6,"column":38},"end":{"line":19,"column":null}},"1":{"start":{"line":8,"column":4},"end":{"line":8,"column":null}},"2":{"start":{"line":10,"column":17},"end":{"line":10,"column":null}},"3":{"start":{"line":12,"column":4},"end":{"line":17,"column":null}}},"fnMap":{"0":{"name":"run","decl":{"start":{"line":7,"column":8},"end":{"line":7,"column":12}},"loc":{"start":{"line":7,"column":27},"end":{"line":18,"column":null}},"line":7}},"branchMap":{},"s":{"0":2,"1":1,"2":1,"3":1},"f":{"0":1},"b":{},"meta":{"lastBranch":0,"lastFunction":1,"lastStatement":4,"seen":{"s:6:38:19:Infinity":0,"f:7:8:7:12":0,"s:8:4:8:Infinity":1,"s:10:17:10:Infinity":2,"s:12:4:17:Infinity":3},"fnNames":{}}}
,"/Users/naufalazhar/Documents/PROJECT/QA-WORKSPACE/flowtest-studio/src/features/execution/services/AppiumClient.ts": {"path":"/Users/naufalazhar/Documents/PROJECT/QA-WORKSPACE/flowtest-studio/src/features/execution/services/AppiumClient.ts","statementMap":{"0":{"start":{"line":8,"column":4},"end":{"line":13,"column":null}},"1":{"start":{"line":15,"column":4},"end":{"line":15,"column":null}},"2":{"start":{"line":23,"column":4},"end":{"line":28,"column":null}},"3":{"start":{"line":30,"column":4},"end":{"line":30,"column":null}},"4":{"start":{"line":38,"column":4},"end":{"line":43,"column":null}},"5":{"start":{"line":45,"column":4},"end":{"line":45,"column":null}},"6":{"start":{"line":53,"column":4},"end":{"line":58,"column":null}},"7":{"start":{"line":60,"column":4},"end":{"line":60,"column":null}},"8":{"start":{"line":67,"column":4},"end":{"line":72,"column":null}},"9":{"start":{"line":74,"column":4},"end":{"line":74,"column":null}},"10":{"start":{"line":83,"column":4},"end":{"line":88,"column":null}},"11":{"start":{"line":90,"column":4},"end":{"line":90,"column":null}},"12":{"start":{"line":98,"column":4},"end":{"line":103,"column":null}},"13":{"start":{"line":105,"column":4},"end":{"line":105,"column":null}},"14":{"start":{"line":111,"column":4},"end":{"line":116,"column":null}},"15":{"start":{"line":118,"column":4},"end":{"line":118,"column":null}},"16":{"start":{"line":122,"column":4},"end":{"line":127,"column":null}},"17":{"start":{"line":129,"column":4},"end":{"line":129,"column":null}},"18":{"start":{"line":133,"column":4},"end":{"line":138,"column":null}},"19":{"start":{"line":140,"column":4},"end":{"line":140,"column":null}},"20":{"start":{"line":146,"column":4},"end":{"line":151,"column":null}},"21":{"start":{"line":153,"column":4},"end":{"line":153,"column":null}},"22":{"start":{"line":161,"column":4},"end":{"line":166,"column":null}},"23":{"start":{"line":168,"column":4},"end":{"line":168,"column":null}},"24":{"start":{"line":170,"column":4},"end":{"line":170,"column":null}},"25":{"start":{"line":177,"column":4},"end":{"line":181,"column":null}},"26":{"start":{"line":183,"column":4},"end":{"line":183,"column":null}},"27":{"start":{"line":191,"column":4},"end":{"line":196,"column":null}},"28":{"start":{"line":198,"column":4},"end":{"line":198,"column":null}},"29":{"start":{"line":202,"column":4},"end":{"line":207,"column":null}},"30":{"start":{"line":209,"column":4},"end":{"line":209,"column":null}},"31":{"start":{"line":211,"column":4},"end":{"line":211,"column":null}},"32":{"start":{"line":215,"column":4},"end":{"line":218,"column":null}},"33":{"start":{"line":220,"column":4},"end":{"line":220,"column":null}},"34":{"start":{"line":222,"column":4},"end":{"line":222,"column":null}},"35":{"start":{"line":226,"column":4},"end":{"line":229,"column":null}},"36":{"start":{"line":231,"column":4},"end":{"line":231,"column":null}},"37":{"start":{"line":233,"column":4},"end":{"line":233,"column":null}},"38":{"start":{"line":237,"column":4},"end":{"line":240,"column":null}},"39":{"start":{"line":242,"column":4},"end":{"line":242,"column":null}},"40":{"start":{"line":244,"column":4},"end":{"line":244,"column":null}},"41":{"start":{"line":248,"column":4},"end":{"line":251,"column":null}},"42":{"start":{"line":253,"column":4},"end":{"line":253,"column":null}},"43":{"start":{"line":255,"column":4},"end":{"line":255,"column":null}},"44":{"start":{"line":259,"column":4},"end":{"line":262,"column":null}},"45":{"start":{"line":264,"column":4},"end":{"line":264,"column":null}},"46":{"start":{"line":266,"column":4},"end":{"line":266,"column":null}},"47":{"start":{"line":273,"column":4},"end":{"line":278,"column":null}},"48":{"start":{"line":280,"column":4},"end":{"line":280,"column":null}},"49":{"start":{"line":282,"column":4},"end":{"line":282,"column":null}},"50":{"start":{"line":289,"column":4},"end":{"line":294,"column":null}},"51":{"start":{"line":296,"column":4},"end":{"line":296,"column":null}},"52":{"start":{"line":298,"column":4},"end":{"line":298,"column":null}},"53":{"start":{"line":305,"column":4},"end":{"line":310,"column":null}},"54":{"start":{"line":312,"column":4},"end":{"line":312,"column":null}},"55":{"start":{"line":314,"column":4},"end":{"line":314,"column":null}},"56":{"start":{"line":324,"column":4},"end":{"line":329,"column":null}},"57":{"start":{"line":331,"column":4},"end":{"line":331,"column":null}},"58":{"start":{"line":333,"column":4},"end":{"line":336,"column":null}},"59":{"start":{"line":346,"column":4},"end":{"line":351,"column":null}},"60":{"start":{"line":353,"column":4},"end":{"line":353,"column":null}},"61":{"start":{"line":355,"column":4},"end":{"line":358,"column":null}},"62":{"start":{"line":370,"column":4},"end":{"line":375,"column":null}},"63":{"start":{"line":377,"column":4},"end":{"line":377,"column":null}},"64":{"start":{"line":379,"column":4},"end":{"line":384,"column":null}},"65":{"start":{"line":390,"column":4},"end":{"line":392,"column":null}},"66":{"start":{"line":391,"column":6},"end":{"line":391,"column":null}},"67":{"start":{"line":400,"column":2},"end":{"line":400,"column":null}}},"fnMap":{"0":{"name":"tap","decl":{"start":{"line":4,"column":8},"end":{"line":4,"column":null}},"loc":{"start":{"line":7,"column":4},"end":{"line":16,"column":null}},"line":7},"1":{"name":"input","decl":{"start":{"line":18,"column":8},"end":{"line":18,"column":null}},"loc":{"start":{"line":22,"column":4},"end":{"line":31,"column":null}},"line":22},"2":{"name":"assert","decl":{"start":{"line":33,"column":8},"end":{"line":33,"column":null}},"loc":{"start":{"line":37,"column":4},"end":{"line":46,"column":null}},"line":37},"3":{"name":"swipe","decl":{"start":{"line":48,"column":8},"end":{"line":48,"column":null}},"loc":{"start":{"line":52,"column":4},"end":{"line":61,"column":null}},"line":52},"4":{"name":"scroll","decl":{"start":{"line":63,"column":8},"end":{"line":63,"column":null}},"loc":{"start":{"line":66,"column":4},"end":{"line":75,"column":null}},"line":66},"5":{"name":"waitUntilElement","decl":{"start":{"line":77,"column":8},"end":{"line":77,"column":null}},"loc":{"start":{"line":82,"column":4},"end":{"line":91,"column":null}},"line":82},"6":{"name":"launchApp","decl":{"start":{"line":93,"column":8},"end":{"line":93,"column":null}},"loc":{"start":{"line":97,"column":4},"end":{"line":106,"column":null}},"line":97},"7":{"name":"closeApp","decl":{"start":{"line":108,"column":8},"end":{"line":108,"column":null}},"loc":{"start":{"line":110,"column":4},"end":{"line":119,"column":null}},"line":110},"8":{"name":"back","decl":{"start":{"line":121,"column":8},"end":{"line":121,"column":15}},"loc":{"start":{"line":121,"column":15},"end":{"line":130,"column":null}},"line":121},"9":{"name":"home","decl":{"start":{"line":132,"column":8},"end":{"line":132,"column":15}},"loc":{"start":{"line":132,"column":15},"end":{"line":141,"column":null}},"line":132},"10":{"name":"screenshot","decl":{"start":{"line":143,"column":8},"end":{"line":143,"column":null}},"loc":{"start":{"line":145,"column":4},"end":{"line":154,"column":null}},"line":145},"11":{"name":"getText","decl":{"start":{"line":157,"column":8},"end":{"line":157,"column":null}},"loc":{"start":{"line":160,"column":21},"end":{"line":171,"column":null}},"line":160},"12":{"name":"elementExists","decl":{"start":{"line":173,"column":8},"end":{"line":173,"column":null}},"loc":{"start":{"line":176,"column":22},"end":{"line":184,"column":null}},"line":176},"13":{"name":"getAttribute","decl":{"start":{"line":186,"column":8},"end":{"line":186,"column":null}},"loc":{"start":{"line":190,"column":21},"end":{"line":199,"column":null}},"line":190},"14":{"name":"getCurrentActivity","decl":{"start":{"line":201,"column":8},"end":{"line":201,"column":46}},"loc":{"start":{"line":201,"column":46},"end":{"line":212,"column":null}},"line":201},"15":{"name":"getCurrentPackage","decl":{"start":{"line":214,"column":8},"end":{"line":214,"column":45}},"loc":{"start":{"line":214,"column":45},"end":{"line":223,"column":null}},"line":214},"16":{"name":"getOrientation","decl":{"start":{"line":225,"column":8},"end":{"line":225,"column":42}},"loc":{"start":{"line":225,"column":42},"end":{"line":234,"column":null}},"line":225},"17":{"name":"getPlatformVersion","decl":{"start":{"line":236,"column":8},"end":{"line":236,"column":46}},"loc":{"start":{"line":236,"column":46},"end":{"line":245,"column":null}},"line":236},"18":{"name":"getDeviceName","decl":{"start":{"line":247,"column":8},"end":{"line":247,"column":41}},"loc":{"start":{"line":247,"column":41},"end":{"line":256,"column":null}},"line":247},"19":{"name":"getDeviceTime","decl":{"start":{"line":258,"column":8},"end":{"line":258,"column":41}},"loc":{"start":{"line":258,"column":41},"end":{"line":267,"column":null}},"line":258},"20":{"name":"isDisplayed","decl":{"start":{"line":269,"column":8},"end":{"line":269,"column":null}},"loc":{"start":{"line":272,"column":22},"end":{"line":283,"column":null}},"line":272},"21":{"name":"isEnabled","decl":{"start":{"line":285,"column":8},"end":{"line":285,"column":null}},"loc":{"start":{"line":288,"column":22},"end":{"line":299,"column":null}},"line":288},"22":{"name":"isSelected","decl":{"start":{"line":301,"column":8},"end":{"line":301,"column":null}},"loc":{"start":{"line":304,"column":22},"end":{"line":315,"column":null}},"line":304},"23":{"name":"getLocation","decl":{"start":{"line":317,"column":8},"end":{"line":317,"column":null}},"loc":{"start":{"line":323,"column":5},"end":{"line":337,"column":null}},"line":323},"24":{"name":"getSize","decl":{"start":{"line":339,"column":8},"end":{"line":339,"column":null}},"loc":{"start":{"line":345,"column":5},"end":{"line":359,"column":null}},"line":345},"25":{"name":"getRect","decl":{"start":{"line":361,"column":8},"end":{"line":361,"column":null}},"loc":{"start":{"line":369,"column":5},"end":{"line":385,"column":null}},"line":369},"26":{"name":"delay","decl":{"start":{"line":389,"column":2},"end":{"line":389,"column":10}},"loc":{"start":{"line":389,"column":28},"end":{"line":393,"column":null}},"line":389},"27":{"name":"(anonymous_27)","decl":{"start":{"line":390,"column":15},"end":{"line":390,"column":24}},"loc":{"start":{"line":391,"column":6},"end":{"line":391,"column":null}},"line":391}},"branchMap":{},"s":{"0":0,"1":0,"2":0,"3":0,"4":0,"5":0,"6":0,"7":0,"8":0,"9":0,"10":0,"11":0,"12":0,"13":0,"14":0,"15":0,"16":0,"17":0,"18":0,"19":0,"20":0,"21":0,"22":0,"23":0,"24":0,"25":0,"26":0,"27":0,"28":0,"29":0,"30":0,"31":0,"32":0,"33":0,"34":0,"35":0,"36":0,"37":0,"38":0,"39":0,"40":0,"41":0,"42":0,"43":0,"44":0,"45":0,"46":0,"47":0,"48":0,"49":0,"50":0,"51":0,"52":0,"53":0,"54":0,"55":0,"56":0,"57":0,"58":0,"59":0,"60":0,"61":0,"62":0,"63":0,"64":0,"65":0,"66":0,"67":1},"f":{"0":0,"1":0,"2":0,"3":0,"4":0,"5":0,"6":0,"7":0,"8":0,"9":0,"10":0,"11":0,"12":0,"13":0,"14":0,"15":0,"16":0,"17":0,"18":0,"19":0,"20":0,"21":0,"22":0,"23":0,"24":0,"25":0,"26":0,"27":0},"b":{},"meta":{"lastBranch":0,"lastFunction":28,"lastStatement":68,"seen":{"f:4:8:4:Infinity":0,"s:8:4:13:Infinity":0,"s:15:4:15:Infinity":1,"f:18:8:18:Infinity":1,"s:23:4:28:Infinity":2,"s:30:4:30:Infinity":3,"f:33:8:33:Infinity":2,"s:38:4:43:Infinity":4,"s:45:4:45:Infinity":5,"f:48:8:48:Infinity":3,"s:53:4:58:Infinity":6,"s:60:4:60:Infinity":7,"f:63:8:63:Infinity":4,"s:67:4:72:Infinity":8,"s:74:4:74:Infinity":9,"f:77:8:77:Infinity":5,"s:83:4:88:Infinity":10,"s:90:4:90:Infinity":11,"f:93:8:93:Infinity":6,"s:98:4:103:Infinity":12,"s:105:4:105:Infinity":13,"f:108:8:108:Infinity":7,"s:111:4:116:Infinity":14,"s:118:4:118:Infinity":15,"f:121:8:121:15":8,"s:122:4:127:Infinity":16,"s:129:4:129:Infinity":17,"f:132:8:132:15":9,"s:133:4:138:Infinity":18,"s:140:4:140:Infinity":19,"f:143:8:143:Infinity":10,"s:146:4:151:Infinity":20,"s:153:4:153:Infinity":21,"f:157:8:157:Infinity":11,"s:161:4:166:Infinity":22,"s:168:4:168:Infinity":23,"s:170:4:170:Infinity":24,"f:173:8:173:Infinity":12,"s:177:4:181:Infinity":25,"s:183:4:183:Infinity":26,"f:186:8:186:Infinity":13,"s:191:4:196:Infinity":27,"s:198:4:198:Infinity":28,"f:201:8:201:46":14,"s:202:4:207:Infinity":29,"s:209:4:209:Infinity":30,"s:211:4:211:Infinity":31,"f:214:8:214:45":15,"s:215:4:218:Infinity":32,"s:220:4:220:Infinity":33,"s:222:4:222:Infinity":34,"f:225:8:225:42":16,"s:226:4:229:Infinity":35,"s:231:4:231:Infinity":36,"s:233:4:233:Infinity":37,"f:236:8:236:46":17,"s:237:4:240:Infinity":38,"s:242:4:242:Infinity":39,"s:244:4:244:Infinity":40,"f:247:8:247:41":18,"s:248:4:251:Infinity":41,"s:253:4:253:Infinity":42,"s:255:4:255:Infinity":43,"f:258:8:258:41":19,"s:259:4:262:Infinity":44,"s:264:4:264:Infinity":45,"s:266:4:266:Infinity":46,"f:269:8:269:Infinity":20,"s:273:4:278:Infinity":47,"s:280:4:280:Infinity":48,"s:282:4:282:Infinity":49,"f:285:8:285:Infinity":21,"s:289:4:294:Infinity":50,"s:296:4:296:Infinity":51,"s:298:4:298:Infinity":52,"f:301:8:301:Infinity":22,"s:305:4:310:Infinity":53,"s:312:4:312:Infinity":54,"s:314:4:314:Infinity":55,"f:317:8:317:Infinity":23,"s:324:4:329:Infinity":56,"s:331:4:331:Infinity":57,"s:333:4:336:Infinity":58,"f:339:8:339:Infinity":24,"s:346:4:351:Infinity":59,"s:353:4:353:Infinity":60,"s:355:4:358:Infinity":61,"f:361:8:361:Infinity":25,"s:370:4:375:Infinity":62,"s:377:4:377:Infinity":63,"s:379:4:384:Infinity":64,"f:389:2:389:10":26,"s:390:4:392:Infinity":65,"f:390:15:390:24":27,"s:391:6:391:Infinity":66,"s:400:2:400:Infinity":67},"fnNames":{}}}
,"/Users/naufalazhar/Documents/PROJECT/QA-WORKSPACE/flowtest-studio/src/features/execution/services/executionLogger.ts": {"path":"/Users/naufalazhar/Documents/PROJECT/QA-WORKSPACE/flowtest-studio/src/features/execution/services/executionLogger.ts","statementMap":{"0":{"start":{"line":10,"column":4},"end":{"line":18,"column":null}},"1":{"start":{"line":27,"column":4},"end":{"line":35,"column":null}},"2":{"start":{"line":44,"column":4},"end":{"line":52,"column":null}},"3":{"start":{"line":61,"column":4},"end":{"line":69,"column":null}},"4":{"start":{"line":73,"column":4},"end":{"line":75,"column":null}},"5":{"start":{"line":80,"column":2},"end":{"line":80,"column":null}}},"fnMap":{"0":{"name":"info","decl":{"start":{"line":4,"column":2},"end":{"line":4,"column":null}},"loc":{"start":{"line":9,"column":4},"end":{"line":19,"column":null}},"line":9},"1":{"name":"success","decl":{"start":{"line":21,"column":2},"end":{"line":21,"column":null}},"loc":{"start":{"line":26,"column":4},"end":{"line":36,"column":null}},"line":26},"2":{"name":"warning","decl":{"start":{"line":38,"column":2},"end":{"line":38,"column":null}},"loc":{"start":{"line":43,"column":4},"end":{"line":53,"column":null}},"line":43},"3":{"name":"error","decl":{"start":{"line":55,"column":2},"end":{"line":55,"column":null}},"loc":{"start":{"line":60,"column":4},"end":{"line":70,"column":null}},"line":60},"4":{"name":"clear","decl":{"start":{"line":72,"column":2},"end":{"line":72,"column":10}},"loc":{"start":{"line":72,"column":10},"end":{"line":76,"column":null}},"line":72}},"branchMap":{},"s":{"0":0,"1":0,"2":0,"3":0,"4":0,"5":4},"f":{"0":0,"1":0,"2":0,"3":0,"4":0},"b":{},"meta":{"lastBranch":0,"lastFunction":5,"lastStatement":6,"seen":{"f:4:2:4:Infinity":0,"s:10:4:18:Infinity":0,"f:21:2:21:Infinity":1,"s:27:4:35:Infinity":1,"f:38:2:38:Infinity":2,"s:44:4:52:Infinity":2,"f:55:2:55:Infinity":3,"s:61:4:69:Infinity":3,"f:72:2:72:10":4,"s:73:4:75:Infinity":4,"s:80:2:80:Infinity":5},"fnNames":{}}}
,"/Users/naufalazhar/Documents/PROJECT/QA-WORKSPACE/flowtest-studio/src/features/execution/services/runnerRegistry.ts": {"path":"/Users/naufalazhar/Documents/PROJECT/QA-WORKSPACE/flowtest-studio/src/features/execution/services/runnerRegistry.ts","statementMap":{"0":{"start":{"line":34,"column":17},"end":{"line":67,"column":null}},"1":{"start":{"line":72,"column":17},"end":{"line":72,"column":null}},"2":{"start":{"line":74,"column":2},"end":{"line":78,"column":null}},"3":{"start":{"line":75,"column":4},"end":{"line":77,"column":null}},"4":{"start":{"line":80,"column":2},"end":{"line":80,"column":null}}},"fnMap":{"0":{"name":"getRunner","decl":{"start":{"line":69,"column":16},"end":{"line":69,"column":null}},"loc":{"start":{"line":71,"column":14},"end":{"line":81,"column":null}},"line":71}},"branchMap":{"0":{"loc":{"start":{"line":74,"column":2},"end":{"line":78,"column":null}},"type":"if","locations":[{"start":{"line":74,"column":2},"end":{"line":78,"column":null}},{"start":{},"end":{}}],"line":74}},"s":{"0":1,"1":15,"2":15,"3":1,"4":14},"f":{"0":15},"b":{"0":[1,14]},"meta":{"lastBranch":1,"lastFunction":1,"lastStatement":5,"seen":{"s:34:17:67:Infinity":0,"f:69:16:69:Infinity":0,"s:72:17:72:Infinity":1,"b:74:2:78:Infinity:undefined:undefined:undefined:undefined":0,"s:74:2:78:Infinity":2,"s:75:4:77:Infinity":3,"s:80:2:80:Infinity":4},"fnNames":{}}}
,"/Users/naufalazhar/Documents/PROJECT/QA-WORKSPACE/flowtest-studio/src/features/execution/store/useExecutionLogStore.ts": {"path":"/Users/naufalazhar/Documents/PROJECT/QA-WORKSPACE/flowtest-studio/src/features/execution/store/useExecutionLogStore.ts","statementMap":{"0":{"start":{"line":50,"column":2},"end":{"line":92,"column":null}},"1":{"start":{"line":50,"column":38},"end":{"line":92,"column":4}},"2":{"start":{"line":62,"column":6},"end":{"line":78,"column":null}},"3":{"start":{"line":62,"column":22},"end":{"line":78,"column":8}},"4":{"start":{"line":82,"column":6},"end":{"line":84,"column":null}},"5":{"start":{"line":88,"column":6},"end":{"line":90,"column":null}}},"fnMap":{"0":{"name":"(anonymous_0)","decl":{"start":{"line":50,"column":2},"end":{"line":50,"column":29}},"loc":{"start":{"line":50,"column":38},"end":{"line":92,"column":4}},"line":50},"1":{"name":"addLog","decl":{"start":{"line":55,"column":4},"end":{"line":55,"column":null}},"loc":{"start":{"line":61,"column":6},"end":{"line":79,"column":null}},"line":61},"2":{"name":"(anonymous_2)","decl":{"start":{"line":62,"column":6},"end":{"line":62,"column":11}},"loc":{"start":{"line":62,"column":22},"end":{"line":78,"column":8}},"line":62},"3":{"name":"clear","decl":{"start":{"line":81,"column":4},"end":{"line":81,"column":12}},"loc":{"start":{"line":81,"column":12},"end":{"line":85,"column":null}},"line":81},"4":{"name":"setFilter","decl":{"start":{"line":87,"column":4},"end":{"line":87,"column":14}},"loc":{"start":{"line":87,"column":22},"end":{"line":91,"column":null}},"line":87}},"branchMap":{},"s":{"0":11,"1":11,"2":24,"3":24,"4":1,"5":1},"f":{"0":11,"1":24,"2":24,"3":1,"4":1},"b":{},"meta":{"lastBranch":0,"lastFunction":5,"lastStatement":6,"seen":{"s:50:2:92:Infinity":0,"f:50:2:50:29":0,"s:50:38:92:4":1,"f:55:4:55:Infinity":1,"s:62:6:78:Infinity":2,"f:62:6:62:11":2,"s:62:22:78:8":3,"f:81:4:81:12":3,"s:82:6:84:Infinity":4,"f:87:4:87:14":4,"s:88:6:90:Infinity":5},"fnNames":{}}}
[...]
ll}},"3":{"start":{"line":20,"column":4},"end":{"line":24,"column":null}},"4":{"start":{"line":21,"column":8},"end":{"line":23,"column":null}},"5":{"start":{"line":22,"column":12},"end":{"line":22,"column":null}},"6":{"start":{"line":26,"column":4},"end":{"line":35,"column":null}},"7":{"start":{"line":27,"column":48},"end":{"line":27,"column":null}},"8":{"start":{"line":29,"column":8},"end":{"line":32,"column":null}},"9":{"start":{"line":30,"column":12},"end":{"line":31,"column":null}},"10":{"start":{"line":34,"column":8},"end":{"line":34,"column":null}},"11":{"start":{"line":37,"column":4},"end":{"line":37,"column":null}}},"fnMap":{"0":{"name":"isPlainObject","decl":{"start":{"line":3,"column":9},"end":{"line":3,"column":null}},"loc":{"start":{"line":5,"column":36},"end":{"line":11,"column":null}},"line":5},"1":{"name":"resolveNodeVariables","decl":{"start":{"line":13,"column":16},"end":{"line":13,"column":null}},"loc":{"start":{"line":15,"column":5},"end":{"line":38,"column":null}},"line":15},"2":{"name":"(anonymous_2)","decl":{"start":{"line":21,"column":21},"end":{"line":21,"column":26}},"loc":{"start":{"line":22,"column":12},"end":{"line":22,"column":null}},"line":22}},"branchMap":{"0":{"loc":{"start":{"line":7,"column":8},"end":{"line":9,"column":null}},"type":"binary-expr","locations":[{"start":{"line":7,"column":8},"end":{"line":7,"column":null}},{"start":{"line":8,"column":8},"end":{"line":8,"column":null}},{"start":{"line":9,"column":8},"end":{"line":9,"column":null}}],"line":7},"1":{"loc":{"start":{"line":16,"column":4},"end":{"line":18,"column":null}},"type":"if","locations":[{"start":{"line":16,"column":4},"end":{"line":18,"column":null}},{"start":{},"end":{}}],"line":16},"2":{"loc":{"start":{"line":20,"column":4},"end":{"line":24,"column":null}},"type":"if","locations":[{"start":{"line":20,"column":4},"end":{"line":24,"column":null}},{"start":{},"end":{}}],"line":20},"3":{"loc":{"start":{"line":26,"column":4},"end":{"line":35,"column":null}},"type":"if","locations":[{"start":{"line":26,"column":4},"end":{"line":35,"column":null}},{"start":{},"end":{}}],"line":26}},"s":{"0":17,"1":30,"2":10,"3":20,"4":3,"5":4,"6":17,"7":13,"8":13,"9":16,"10":13,"11":4},"f":{"0":17,"1":30,"2":4},"b":{"0":[17,16,13],"1":[10,20],"2":[3,17],"3":[13,4]},"meta":{"lastBranch":4,"lastFunction":3,"lastStatement":12,"seen":{"f:3:9:3:Infinity":0,"s:6:4:9:Infinity":0,"b:7:8:7:Infinity:8:8:8:Infinity:9:8:9:Infinity":0,"f:13:16:13:Infinity":1,"b:16:4:18:Infinity:undefined:undefined:undefined:undefined":1,"s:16:4:18:Infinity":1,"s:17:8:17:Infinity":2,"b:20:4:24:Infinity:undefined:undefined:undefined:undefined":2,"s:20:4:24:Infinity":3,"s:21:8:23:Infinity":4,"f:21:21:21:26":2,"s:22:12:22:Infinity":5,"b:26:4:35:Infinity:undefined:undefined:undefined:undefined":3,"s:26:4:35:Infinity":6,"s:27:48:27:Infinity":7,"s:29:8:32:Infinity":8,"s:30:12:31:Infinity":9,"s:34:8:34:Infinity":10,"s:37:4:37:Infinity":11},"fnNames":{}}}
,"/Users/naufalazhar/Documents/PROJECT/QA-WORKSPACE/flowtest-studio/src/features/execution/variables/resolveVariable.ts": {"path":"/Users/naufalazhar/Documents/PROJECT/QA-WORKSPACE/flowtest-studio/src/features/execution/variables/resolveVariable.ts","statementMap":{"0":{"start":{"line":4,"column":24},"end":{"line":4,"column":null}},"1":{"start":{"line":10,"column":2},"end":{"line":12,"column":null}},"2":{"start":{"line":11,"column":4},"end":{"line":11,"column":null}},"3":{"start":{"line":14,"column":2},"end":{"line":25,"column":null}},"4":{"start":{"line":17,"column":6},"end":{"line":22,"column":null}},"5":{"start":{"line":21,"column":8},"end":{"line":21,"column":null}},"6":{"start":{"line":24,"column":6},"end":{"line":24,"column":null}},"7":{"start":{"line":31,"column":2},"end":{"line":67,"column":null}},"8":{"start":{"line":34,"column":20},"end":{"line":34,"column":null}},"9":{"start":{"line":36,"column":27},"end":{"line":36,"column":null}},"10":{"start":{"line":38,"column":6},"end":{"line":40,"column":null}},"11":{"start":{"line":39,"column":8},"end":{"line":39,"column":null}},"12":{"start":{"line":42,"column":23},"end":{"line":42,"column":null}},"13":{"start":{"line":44,"column":6},"end":{"line":50,"column":null}},"14":{"start":{"line":45,"column":8},"end":{"line":47,"column":null}},"15":{"start":{"line":49,"column":8},"end":{"line":49,"column":null}},"16":{"start":{"line":52,"column":23},"end":{"line":55,"column":null}},"17":{"start":{"line":57,"column":6},"end":{"line":63,"column":null}},"18":{"start":{"line":58,"column":8},"end":{"line":60,"column":null}},"19":{"start":{"line":62,"column":8},"end":{"line":62,"column":null}},"20":{"start":{"line":65,"column":6},"end":{"line":65,"column":null}}},"fnMap":{"0":{"name":"getNestedValue","decl":{"start":{"line":6,"column":9},"end":{"line":6,"column":null}},"loc":{"start":{"line":9,"column":11},"end":{"line":26,"column":null}},"line":9},"1":{"name":"(anonymous_1)","decl":{"start":{"line":16,"column":5},"end":{"line":16,"column":22}},"loc":{"start":{"line":16,"column":39},"end":{"line":25,"column":7}},"line":16},"2":{"name":"resolveVariables","decl":{"start":{"line":28,"column":16},"end":{"line":28,"column":null}},"loc":{"start":{"line":30,"column":10},"end":{"line":68,"column":null}},"line":30},"3":{"name":"(anonymous_3)","decl":{"start":{"line":32,"column":4},"end":{"line":32,"column":null}},"loc":{"start":{"line":33,"column":31},"end":{"line":66,"column":null}},"line":33}},"branchMap":{"0":{"loc":{"start":{"line":10,"column":2},"end":{"line":12,"column":null}},"type":"if","locations":[{"start":{"line":10,"column":2},"end":{"line":12,"column":null}},{"start":{},"end":{}}],"line":10},"1":{"loc":{"start":{"line":17,"column":6},"end":{"line":22,"column":null}},"type":"if","locations":[{"start":{"line":17,"column":6},"end":{"line":22,"column":null}},{"start":{},"end":{}}],"line":17},"2":{"loc":{"start":{"line":18,"column":8},"end":{"line":19,"column":null}},"type":"binary-expr","locations":[{"start":{"line":18,"column":8},"end":{"line":18,"column":null}},{"start":{"line":19,"column":8},"end":{"line":19,"column":null}}],"line":18},"3":{"loc":{"start":{"line":38,"column":6},"end":{"line":40,"column":null}},"type":"if","locations":[{"start":{"line":38,"column":6},"end":{"line":40,"column":null}},{"start":{},"end":{}}],"line":38},"4":{"loc":{"start":{"line":44,"column":6},"end":{"line":50,"column":null}},"type":"if","locations":[{"start":{"line":44,"column":6},"end":{"line":50,"column":null}},{"start":{},"end":{}}],"line":44},"5":{"loc":{"start":{"line":57,"column":6},"end":{"line":63,"column":null}},"type":"if","locations":[{"start":{"line":57,"column":6},"end":{"line":63,"column":null}},{"start":{},"end":{}}],"line":57}},"s":{"0":5,"1":10,"2":6,"3":4,"4":7,"5":6,"6":1,"7":23,"8":13,"9":13,"10":13,"11":1,"12":12,"13":12,"14":2,"15":2,"16":10,"17":10,"18":2,"19":2,"20":8},"f":{"0":10,"1":7,"2":23,"3":13},"b":{"0":[6,4],"1":[6,1],"2":[7,7],"3":[1,12],"4":[2,10],"5":[2,8]},"meta":{"lastBranch":6,"lastFunction":4,"lastStatement":21,"seen":{"s:4:24:4:Infinity":0,"f:6:9:6:Infinity":0,"b:10:2:12:Infinity:undefined:undefined:undefined:undefined":0,"s:10:2:12:Infinity":1,"s:11:4:11:Infinity":2,"s:14:2:25:Infinity":3,"f:16:5:16:22":1,"b:17:6:22:Infinity:undefined:undefined:undefined:undefined":1,"s:17:6:22:Infinity":4,"b:18:8:18:Infinity:19:8:19:Infinity":2,"s:21:8:21:Infinity":5,"s:24:6:24:Infinity":6,"f:28:16:28:Infinity":2,"s:31:2:67:Infinity":7,"f:32:4:32:Infinity":3,"s:34:20:34:Infinity":8,"s:36:27:36:Infinity":9,"b:38:6:40:Infinity:undefined:undefined:undefined:undefined":3,"s:38:6:40:Infinity":10,"s:39:8:39:Infinity":11,"s:42:23:42:Infinity":12,"b:44:6:50:Infinity:undefined:undefined:undefined:undefined":4,"s:44:6:50:Infinity":13,"s:45:8:47:Infinity":14,"s:49:8:49:Infinity":15,"s:52:23:55:Infinity":16,"b:57:6:63:Infinity:undefined:undefined:undefined:undefined":5,"s:57:6:63:Infinity":17,"s:58:8:60:Infinity":18,"s:62:8:62:Infinity":19,"s:65:6:65:Infinity":20},"fnNames":{}}}
,"/Users/naufalazhar/Documents/PROJECT/QA-WORKSPACE/flowtest-studio/src/features/flow/utils/nodeGuards.ts": {"path":"/Users/naufalazhar/Documents/PROJECT/QA-WORKSPACE/flowtest-studio/src/features/flow/utils/nodeGuards.ts","statementMap":{"0":{"start":{"line":14,"column":4},"end":{"line":14,"column":null}},"1":{"start":{"line":22,"column":4},"end":{"line":22,"column":null}},"2":{"start":{"line":30,"column":4},"end":{"line":30,"column":null}}},"fnMap":{"0":{"name":"isGetTextNode","decl":{"start":{"line":9,"column":16},"end":{"line":9,"column":null}},"loc":{"start":{"line":13,"column":2},"end":{"line":15,"column":null}},"line":13},"1":{"name":"isAssertNode","decl":{"start":{"line":17,"column":16},"end":{"line":17,"column":null}},"loc":{"start":{"line":21,"column":2},"end":{"line":23,"column":null}},"line":21},"2":{"name":"isTapNode","decl":{"start":{"line":25,"column":16},"end":{"line":25,"column":null}},"loc":{"start":{"line":29,"column":2},"end":{"line":31,"column":null}},"line":29}},"branchMap":{},"s":{"0":5,"1":2,"2":2},"f":{"0":5,"1":2,"2":2},"b":{},"meta":{"lastBranch":0,"lastFunction":3,"lastStatement":3,"seen":{"f:9:16:9:Infinity":0,"s:14:4:14:Infinity":0,"f:17:16:17:Infinity":1,"s:22:4:22:Infinity":1,"f:25:16:25:Infinity":2,"s:30:4:30:Infinity":2},"fnNames":{}}}
,"/Users/naufalazhar/Documents/PROJECT/QA-WORKSPACE/flowtest-studio/src/features/flow/validation/validateFlow.ts": {"path":"/Users/naufalazhar/Documents/PROJECT/QA-WORKSPACE/flowtest-studio/src/features/flow/validation/validateFlow.ts","statementMap":{"0":{"start":{"line":18,"column":40},"end":{"line":18,"column":null}},"1":{"start":{"line":20,"column":2},"end":{"line":30,"column":null}},"2":{"start":{"line":21,"column":19},"end":{"line":21,"column":null}},"3":{"start":{"line":23,"column":4},"end":{"line":29,"column":null}},"4":{"start":{"line":24,"column":6},"end":{"line":28,"column":null}},"5":{"start":{"line":32,"column":2},"end":{"line":35,"column":null}}},"fnMap":{"0":{"name":"validateFlow","decl":{"start":{"line":15,"column":16},"end":{"line":15,"column":null}},"loc":{"start":{"line":17,"column":24},"end":{"line":36,"column":null}},"line":17}},"branchMap":{"0":{"loc":{"start":{"line":23,"column":4},"end":{"line":29,"column":null}},"type":"if","locations":[{"start":{"line":23,"column":4},"end":{"line":29,"column":null}},{"start":{},"end":{}}],"line":23}},"s":{"0":4,"1":4,"2":6,"3":6,"4":3,"5":4},"f":{"0":4},"b":{"0":[3,3]},"meta":{"lastBranch":1,"lastFunction":1,"lastStatement":6,"seen":{"f:15:16:15:Infinity":0,"s:18:40:18:Infinity":0,"s:20:2:30:Infinity":1,"s:21:19:21:Infinity":2,"b:23:4:29:Infinity:undefined:undefined:undefined:undefined":0,"s:23:4:29:Infinity":3,"s:24:6:28:Infinity":4,"s:32:2:35:Infinity":5},"fnNames":{}}}
,"/Users/naufalazhar/Documents/PROJECT/QA-WORKSPACE/flowtest-studio/src/features/flow/validation/validateNode.ts": {"path":"/Users/naufalazhar/Documents/PROJECT/QA-WORKSPACE/flowtest-studio/src/features/flow/validation/validateNode.ts","statementMap":{"0":{"start":{"line":14,"column":2},"end":{"line":16,"column":null}},"1":{"start":{"line":15,"column":4},"end":{"line":15,"column":null}},"2":{"start":{"line":18,"column":2},"end":{"line":20,"column":null}},"3":{"start":{"line":19,"column":4},"end":{"line":19,"column":null}},"4":{"start":{"line":27,"column":2},"end":{"line":27,"column":null}},"5":{"start":{"line":29,"column":2},"end":{"line":31,"column":null}},"6":{"start":{"line":30,"column":4},"end":{"line":30,"column":null}},"7":{"start":{"line":38,"column":2},"end":{"line":40,"column":null}},"8":{"start":{"line":39,"column":4},"end":{"line":39,"column":null}},"9":{"start":{"line":46,"column":27},"end":{"line":46,"column":null}},"10":{"start":{"line":48,"column":2},"end":{"line":114,"column":null}},"11":{"start":{"line":50,"column":6},"end":{"line":50,"column":null}},"12":{"start":{"line":51,"column":6},"end":{"line":51,"column":null}},"13":{"start":{"line":54,"column":6},"end":{"line":54,"column":null}},"14":{"start":{"line":56,"column":6},"end":{"line":58,"column":null}},"15":{"start":{"line":57,"column":8},"end":{"line":57,"column":null}},"16":{"start":{"line":60,"column":6},"end":{"line":60,"column":null}},"17":{"start":{"line":63,"column":6},"end":{"line":63,"column":null}},"18":{"start":{"line":65,"column":6},"end":{"line":67,"column":null}},"19":{"start":{"line":66,"column":8},"end":{"line":66,"column":null}},"20":{"start":{"line":69,"column":6},"end":{"line":69,"column":null}},"21":{"start":{"line":77,"column":6},"end":{"line":77,"column":null}},"22":{"start":{"line":78,"column":6},"end":{"line":78,"column":null}},"23":{"start":{"line":89,"column":6},"end":{"line":89,"column":null}},"24":{"start":{"line":90,"column":6},"end":{"line":90,"column":null}},"25":{"start":{"line":93,"column":6},"end":{"line":95,"column":null}},"26":{"start":{"line":94,"column":8},"end":{"line":94,"column":null}},"27":{"start":{"line":97,"column":6},"end":{"line":99,"column":null}},"28":{"start":{"line":98,"column":8},"end":{"line":98,"column":null}},"29":{"start":{"line":101,"column":6},"end":{"line":101,"column":null}},"30":{"start":{"line":104,"column":6},"end":{"line":111,"column":null}},"31":{"start":{"line":108,"column":8},"end":{"line":110,"column":null}},"32":{"start":{"line":113,"column":6},"end":{"line":113,"column":null}},"33":{"start":{"line":116,"column":2},"end":{"line":119,"column":null}}},"fnMap":{"0":{"name":"validateLocator","decl":{"start":{"line":10,"column":9},"end":{"line":10,"column":null}},"loc":{"start":{"line":13,"column":2},"end":{"line":21,"column":null}},"line":13},"1":{"name":"validateElementGetter","decl":{"start":{"line":23,"column":9},"end":{"line":23,"column":null}},"loc":{"start":{"line":26,"column":2},"end":{"line":32,"column":null}},"line":26},"2":{"name":"validateDeviceGetter","decl":{"start":{"line":34,"column":9},"end":{"line":34,"column":null}},"loc":{"start":{"line":37,"column":2},"end":{"line":41,"column":null}},"line":37},"3":{"name":"validateNode","decl":{"start":{"line":43,"column":16},"end":{"line":43,"column":null}},"loc":{"start":{"line":45,"column":20},"end":{"line":120,"column":null}},"line":45}},"branchMap":{"0":{"loc":{"start":{"line":14,"column":2},"end":{"line":16,"column":null}},"type":"if","locations":[{"start":{"line":14,"column":2},"end":{"line":16,"column":null}},{"start":{},"end":{}}],"line":14},"1":{"loc":{"start":{"line":18,"column":2},"end":{"line":20,"column":null}},"type":"if","locations":[{"start":{"line":18,"column":2},"end":{"line":20,"column":null}},{"start":{},"end":{}}],"line":18},"2":{"loc":{"start":{"line":29,"column":2},"end":{"line":31,"column":null}},"type":"if","locations":[{"start":{"line":29,"column":2},"end":{"line":31,"column":null}},{"start":{},"end":{}}],"line":29},"3":{"loc":{"start":{"line":38,"column":2},"end":{"line":40,"column":null}},"type":"if","locations":[{"start":{"line":38,"column":2},"end":{"line":40,"column":null}},{"start":{},"end":{}}],"line":38},"4":{"loc":{"start":{"line":48,"column":2},"end":{"line":114,"column":null}},"type":"switch","locations":[{"start":{"line":49,"column":4},"end":{"line":51,"column":null}},{"start":{"line":53,"column":4},"end":{"line":60,"column":null}},{"start":{"line":62,"column":4},"end":{"line":69,"column":null}},{"start":{"line":71,"column":4},"end":{"line":71,"column":null}},{"start":{"line":72,"column":4},"end":{"line":72,"column":null}},{"start":{"line":73,"column":4},"end":{"line":73,"column":null}},{"start":{"line":74,"column":4},"end":{"line":74,"column":null}},{"start":{"line":75,"column":4},"end":{"line":75,"column":null}},{"start":{"line":76,"column":4},"end":{"line":78,"column":null}},{"start":{"line":80,"column":4},"end":{"line":80,"column":null}},{"start":{"line":81,"column":4},"end":{"line":81,"column":null}},{"start":{"line":82,"column":4},"end":{"line":82,"column":null}},{"start":{"line":83,"column":4},"end":{"line":83,"column":null}},{"start":{"line":84,"column":4},"end":{"line":84,"column":null}},{"start":{"line":85,"column":4},"end":{"line":85,"column":null}},{"start":{"line":86,"column":4},"end":{"line":86,"column":null}},{"start":{"line":87,"column":4},"end":{"line":87,"column":null}},{"start":{"line":88,"column":4},"end":{"line":90,"column":null}},{"start":{"line":92,"column":4},"end":{"line":101,"column":null}},{"start":{"line":103,"column":4},"end":{"line":113,"column":null}}],"line":48},"5":{"loc":{"start":{"line":56,"column":6},"end":{"line":58,"column":null}},"type":"if","locations":[{"start":{"line":56,"column":6},"end":{"line":58,"column":null}},{"start":{},"end":{}}],"line":56},"6":{"loc":{"start":{"line":65,"column":6},"end":{"line":67,"column":null}},"type":"if","locations":[{"start":{"line":65,"column":6},"end":{"line":67,"column":null}},{"start":{},"end":{}}],"line":65},"7":{"loc":{"start":{"line":93,"column":6},"end":{"line":95,"column":null}},"type":"if","locations":[{"start":{"line":93,"column":6},"end":{"line":95,"column":null}},{"start":{},"end":{}}],"line":93},"8":{"loc":{"start":{"line":97,"column":6},"end":{"line":99,"column":null}},"type":"if","locations":[{"start":{"line":97,"column":6},"end":{"line":99,"column":null}},{"start":{},"end":{}}],"line":97},"9":{"loc":{"start":{"line":104,"column":6},"end":{"line":111,"column":null}},"type":"if","locations":[{"start":{"line":104,"column":6},"end":{"line":111,"column":null}},{"start":{},"end":{}}],"line":104},"10":{"loc":{"start":{"line":105,"column":8},"end":{"line":106,"column":null}},"type":"binary-expr","locations":[{"start":{"line":105,"column":8},"end":{"line":105,"column":null}},{"start":{"line":106,"column":8},"end":{"line":106,"column":null}}],"line":105}},"s":{"0":37,"1":7,"2":37,"3":10,"4":24,"5":24,"6":6,"7":12,"8":6,"9":54,"10":54,"11":9,"12":9,"13":2,"14":2,"15":1,"16":2,"17":2,"18":2,"19":1,"20":2,"21":24,"22":24,"23":12,"24":12,"25":2,"26":1,"27":2,"28":1,"29":2,"30":3,"31":2,"32":3,"33":54},"f":{"0":37,"1":24,"2":12,"3":54},"b":{"0":[7,30],"1":[10,27],"2":[6,18],"3":[6,6],"4":[9,2,2,4,8,12,16,20,24,2,4,6,8,10,12,12,12,12,2,3],"5":[1,1],"6":[1,1],"7":[1,1],"8":[1,1],"9":[2,1],"10":[3,3]},"meta":{"lastBranch":11,"lastFunction":4,"lastStatement":34,"seen":{"f:10:9:10:Infinity":0,"b:14:2:16:Infinity:undefined:undefined:undefined:undefined":0,"s:14:2:16:Infinity":0,"s:15:4:15:Infinity":1,"b:18:2:20:Infinity:undefined:undefined:undefined:undefined":1,"s:18:2:20:Infinity":2,"s:19:4:19:Infinity":3,"f:23:9:23:Infinity":1,"s:27:2:27:Infinity":4,"b:29:2:31:Infinity:undefined:undefined:undefined:undefined":2,"s:29:2:31:Infinity":5,"s:30:4:30:Infinity":6,"f:34:9:34:Infinity":2,"b:38:2:40:Infinity:undefined:undefined:undefined:undefined":3,"s:38:2:40:Infinity":7,"s:39:4:39:Infinity":8,"f:43:16:43:Infinity":3,"s:46:27:46:Infinity":9,"b:49:4:51:Infinity:53:4:60:Infinity:62:4:69:Infinity:71:4:71:Infinity:72:4:72:Infinity:73:4:73:Infinity:74:4:74:Infinity:75:4:75:Infinity:76:4:78:Infinity:80:4:80:Infinity:81:4:81:Infinity:82:4:82:Infinity:83:4:83:Infinity:84:4:84:Infinity:85:4:85:Infinity:86:4:86:Infinity:87:4:87:Infinity:88:4:90:Infinity:92:4:101:Infinity:103:4:113:Infinity":4,"s:48:2:114:Infinity":10,"s:50:6:50:Infinity":11,"s:51:6:51:Infinity":12,"s:54:6:54:Infinity":13,"b:56:6:58:Infinity:undefined:undefined:undefined:undefined":5,"s:56:6:58:Infinity":14,"s:57:8:57:Infinity":15,"s:60:6:60:Infinity":16,"s:63:6:63:Infinity":17,"b:65:6:67:Infinity:undefined:undefined:undefined:undefined":6,"s:65:6:67:Infinity":18,"s:66:8:66:Infinity":19,"s:69:6:69:Infinity":20,"s:77:6:77:Infinity":21,"s:78:6:78:Infinity":22,"s:89:6:89:Infinity":23,"s:90:6:90:Infinity":24,"b:93:6:95:Infinity:undefined:undefined:undefined:undefined":7,"s:93:6:95:Infinity":25,"s:94:8:94:Infinity":26,"b:97:6:99:Infinity:undefined:undefined:undefined:undefined":8,"s:97:6:99:Infinity":27,"s:98:8:98:Infinity":28,"s:101:6:101:Infinity":29,"b:104:6:111:Infinity:undefined:undefined:undefined:undefined":9,"s:104:6:111:Infinity":30,"b:105:8:105:Infinity:106:8:106:Infinity":10,"s:108:8:110:Infinity":31,"s:113:6:113:Infinity":32,"s:116:2:119:Infinity":33},"fnNames":{}}}
}
