{"/Users/naufalazhar/Documents/PROJECT/QA-WORKSPACE/flowtest-studio/src/features/execution/engine/executeFlow.ts": {"path":"/Users/naufalazhar/Documents/PROJECT/QA-WORKSPACE/flowtest-studio/src/features/execution/engine/executeFlow.ts","statementMap":{"0":{"start":{"line":20,"column":22},"end":{"line":20,"column":null}},"1":{"start":{"line":26,"column":4},"end":{"line":26,"column":null}},"2":{"start":{"line":27,"column":4},"end":{"line":27,"column":null}},"3":{"start":{"line":29,"column":18},"end":{"line":32,"column":null}},"4":{"start":{"line":34,"column":4},"end":{"line":34,"column":null}},"5":{"start":{"line":36,"column":4},"end":{"line":38,"column":null}},"6":{"start":{"line":40,"column":4},"end":{"line":42,"column":null}},"7":{"start":{"line":44,"column":22},"end":{"line":44,"column":null}},"8":{"start":{"line":50,"column":23},"end":{"line":50,"column":null}},"9":{"start":{"line":52,"column":4},"end":{"line":84,"column":null}},"10":{"start":{"line":53,"column":8},"end":{"line":53,"column":null}},"11":{"start":{"line":54,"column":8},"end":{"line":54,"column":null}},"12":{"start":{"line":56,"column":8},"end":{"line":61,"column":null}},"13":{"start":{"line":63,"column":8},"end":{"line":63,"column":null}},"14":{"start":{"line":65,"column":8},"end":{"line":77,"column":null}},"15":{"start":{"line":67,"column":16},"end":{"line":69,"column":null}},"16":{"start":{"line":71,"column":16},"end":{"line":73,"column":null}},"17":{"start":{"line":72,"column":20},"end":{"line":72,"column":null}},"18":{"start":{"line":75,"column":16},"end":{"line":75,"column":null}},"19":{"start":{"line":79,"column":8},"end":{"line":79,"column":null}},"20":{"start":{"line":81,"column":8},"end":{"line":83,"column":null}},"21":{"start":{"line":86,"column":4},"end":{"line":211,"column":null}},"22":{"start":{"line":92,"column":12},"end":{"line":92,"column":null}},"23":{"start":{"line":95,"column":12},"end":{"line":95,"column":null}},"24":{"start":{"line":97,"column":8},"end":{"line":161,"column":null}},"25":{"start":{"line":98,"column":25},"end":{"line":98,"column":null}},"26":{"start":{"line":100,"column":12},"end":{"line":100,"column":null}},"27":{"start":{"line":102,"column":12},"end":{"line":102,"column":null}},"28":{"start":{"line":104,"column":12},"end":{"line":117,"column":null}},"29":{"start":{"line":107,"column":16},"end":{"line":112,"column":null}},"30":{"start":{"line":114,"column":16},"end":{"line":114,"column":null}},"31":{"start":{"line":116,"column":16},"end":{"line":116,"column":null}},"32":{"start":{"line":120,"column":16},"end":{"line":123,"column":null}},"33":{"start":{"line":128,"column":12},"end":{"line":135,"column":null}},"34":{"start":{"line":129,"column":16},"end":{"line":132,"column":null}},"35":{"start":{"line":134,"column":16},"end":{"line":134,"column":null}},"36":{"start":{"line":138,"column":16},"end":{"line":139,"column":null}},"37":{"start":{"line":142,"column":16},"end":{"line":145,"column":null}},"38":{"start":{"line":147,"column":12},"end":{"line":160,"column":null}},"39":{"start":{"line":148,"column":16},"end":{"line":151,"column":null}},"40":{"start":{"line":153,"column":16},"end":{"line":154,"column":null}},"41":{"start":{"line":156,"column":16},"end":{"line":157,"column":null}},"42":{"start":{"line":159,"column":16},"end":{"line":159,"column":null}},"43":{"start":{"line":167,"column":8},"end":{"line":167,"column":null}},"44":{"start":{"line":168,"column":8},"end":{"line":168,"column":null}},"45":{"start":{"line":171,"column":12},"end":{"line":172,"column":null}},"46":{"start":{"line":174,"column":8},"end":{"line":184,"column":null}},"47":{"start":{"line":186,"column":8},"end":{"line":186,"column":null}},"48":{"start":{"line":189,"column":12},"end":{"line":190,"column":null}},"49":{"start":{"line":192,"column":8},"end":{"line":204,"column":null}},"50":{"start":{"line":206,"column":8},"end":{"line":206,"column":null}},"51":{"start":{"line":208,"column":8},"end":{"line":210,"column":null}}},"fnMap":{"0":{"name":"executeFlow","decl":{"start":{"line":16,"column":22},"end":{"line":16,"column":null}},"loc":{"start":{"line":19,"column":2},"end":{"line":212,"column":null}},"line":19},"1":{"name":"(anonymous_1)","decl":{"start":{"line":65,"column":26},"end":{"line":65,"column":null}},"loc":{"start":{"line":66,"column":34},"end":{"line":76,"column":null}},"line":66},"2":{"name":"(anonymous_2)","decl":{"start":{"line":71,"column":33},"end":{"line":71,"column":42}},"loc":{"start":{"line":71,"column":52},"end":{"line":73,"column":17}},"line":71}},"branchMap":{"0":{"loc":{"start":{"line":52,"column":4},"end":{"line":84,"column":null}},"type":"if","locations":[{"start":{"line":52,"column":4},"end":{"line":84,"column":null}},{"start":{},"end":{}}],"line":52},"1":{"loc":{"start":{"line":104,"column":12},"end":{"line":117,"column":null}},"type":"if","locations":[{"start":{"line":104,"column":12},"end":{"line":117,"column":null}},{"start":{},"end":{}}],"line":104},"2":{"loc":{"start":{"line":128,"column":12},"end":{"line":135,"column":null}},"type":"if","locations":[{"start":{"line":128,"column":12},"end":{"line":135,"column":null}},{"start":{},"end":{}}],"line":128},"3":{"loc":{"start":{"line":138,"column":16},"end":{"line":139,"column":null}},"type":"binary-expr","locations":[{"start":{"line":138,"column":16},"end":{"line":138,"column":null}},{"start":{"line":139,"column":16},"end":{"line":139,"column":null}}],"line":138},"4":{"loc":{"start":{"line":147,"column":12},"end":{"line":160,"column":null}},"type":"if","locations":[{"start":{"line":147,"column":12},"end":{"line":160,"column":null}},{"start":{"line":158,"column":19},"end":{"line":160,"column":null}}],"line":147},"5":{"loc":{"start":{"line":200,"column":20},"end":{"line":202,"column":null}},"type":"cond-expr","locations":[{"start":{"line":201,"column":26},"end":{"line":201,"column":null}},{"start":{"line":202,"column":26},"end":{"line":202,"column":null}}],"line":200}},"s":{"0":7,"1":7,"2":7,"3":7,"4":7,"5":7,"6":7,"7":7,"8":7,"9":7,"10":1,"11":1,"12":1,"13":1,"14":1,"15":1,"16":1,"17":1,"18":1,"19":1,"20":1,"21":6,"22":6,"23":6,"24":6,"25":8,"26":8,"27":8,"28":8,"29":1,"30":1,"31":1,"32":8,"33":6,"34":1,"35":1,"36":6,"37":8,"38":8,"39":2,"40":2,"41":2,"42":4,"43":4,"44":4,"45":4,"46":4,"47":2,"48":2,"49":2,"50":2,"51":6},"f":{"0":7,"1":1,"2":1},"b":{"0":[1,6],"1":[1,7],"2":[1,5],"3":[6,1],"4":[2,4],"5":[2,0]},"meta":{"lastBranch":6,"lastFunction":3,"lastStatement":52,"seen":{"f:16:22:16:Infinity":0,"s:20:22:20:Infinity":0,"s:26:4:26:Infinity":1,"s:27:4:27:Infinity":2,"s:29:18:32:Infinity":3,"s:34:4:34:Infinity":4,"s:36:4:38:Infinity":5,"s:40:4:42:Infinity":6,"s:44:22:44:Infinity":7,"s:50:23:50:Infinity":8,"b:52:4:84:Infinity:undefined:undefined:undefined:undefined":0,"s:52:4:84:Infinity":9,"s:53:8:53:Infinity":10,"s:54:8:54:Infinity":11,"s:56:8:61:Infinity":12,"s:63:8:63:Infinity":13,"s:65:8:77:Infinity":14,"f:65:26:65:Infinity":1,"s:67:16:69:Infinity":15,"s:71:16:73:Infinity":16,"f:71:33:71:42":2,"s:72:20:72:Infinity":17,"s:75:16:75:Infinity":18,"s:79:8:79:Infinity":19,"s:81:8:83:Infinity":20,"s:86:4:211:Infinity":21,"s:92:12:92:Infinity":22,"s:95:12:95:Infinity":23,"s:97:8:161:Infinity":24,"s:98:25:98:Infinity":25,"s:100:12:100:Infinity":26,"s:102:12:102:Infinity":27,"b:104:12:117:Infinity:undefined:undefined:undefined:undefined":1,"s:104:12:117:Infinity":28,"s:107:16:112:Infinity":29,"s:114:16:114:Infinity":30,"s:116:16:116:Infinity":31,"s:120:16:123:Infinity":32,"b:128:12:135:Infinity:undefined:undefined:undefined:undefined":2,"s:128:12:135:Infinity":33,"s:129:16:132:Infinity":34,"s:134:16:134:Infinity":35,"s:138:16:139:Infinity":36,"b:138:16:138:Infinity:139:16:139:Infinity":3,"s:142:16:145:Infinity":37,"b:147:12:160:Infinity:158:19:160:Infinity":4,"s:147:12:160:Infinity":38,"s:148:16:151:Infinity":39,"s:153:16:154:Infinity":40,"s:156:16:157:Infinity":41,"s:159:16:159:Infinity":42,"s:167:8:167:Infinity":43,"s:168:8:168:Infinity":44,"s:171:12:172:Infinity":45,"s:174:8:184:Infinity":46,"s:186:8:186:Infinity":47,"s:189:12:190:Infinity":48,"s:192:8:204:Infinity":49,"b:201:26:201:Infinity:202:26:202:Infinity":5,"s:206:8:206:Infinity":50,"s:208:8:210:Infinity":51},"fnNames":{}}}
,"/Users/naufalazhar/Documents/PROJECT/QA-WORKSPACE/flowtest-studio/src/features/execution/engine/executeNode.ts": {"path":"/Users/naufalazhar/Documents/PROJECT/QA-WORKSPACE/flowtest-studio/src/features/execution/engine/executeNode.ts","statementMap":{"0":{"start":{"line":13,"column":22},"end":{"line":13,"column":null}},"1":{"start":{"line":15,"column":19},"end":{"line":15,"column":null}},"2":{"start":{"line":17,"column":22},"end":{"line":17,"column":null}},"3":{"start":{"line":19,"column":4},"end":{"line":19,"column":null}},"4":{"start":{"line":21,"column":4},"end":{"line":24,"column":null}},"5":{"start":{"line":26,"column":4},"end":{"line":31,"column":null}},"6":{"start":{"line":33,"column":4},"end":{"line":77,"column":null}},"7":{"start":{"line":34,"column":23},"end":{"line":37,"column":null}},"8":{"start":{"line":39,"column":8},"end":{"line":42,"column":null}},"9":{"start":{"line":44,"column":8},"end":{"line":44,"column":null}},"10":{"start":{"line":46,"column":8},"end":{"line":48,"column":null}},"11":{"start":{"line":51,"column":12},"end":{"line":51,"column":null}},"12":{"start":{"line":53,"column":8},"end":{"line":56,"column":null}},"13":{"start":{"line":58,"column":8},"end":{"line":58,"column":null}},"14":{"start":{"line":60,"column":8},"end":{"line":72,"column":null}},"15":{"start":{"line":74,"column":8},"end":{"line":74,"column":null}},"16":{"start":{"line":76,"column":8},"end":{"line":76,"column":null}}},"fnMap":{"0":{"name":"executeNode","decl":{"start":{"line":9,"column":22},"end":{"line":9,"column":null}},"loc":{"start":{"line":12,"column":25},"end":{"line":78,"column":null}},"line":12}},"branchMap":{"0":{"loc":{"start":{"line":46,"column":15},"end":{"line":48,"column":null}},"type":"binary-expr","locations":[{"start":{"line":46,"column":15},"end":{"line":46,"column":25}},{"start":{"line":46,"column":25},"end":{"line":48,"column":null}}],"line":46},"1":{"loc":{"start":{"line":68,"column":20},"end":{"line":70,"column":null}},"type":"cond-expr","locations":[{"start":{"line":69,"column":26},"end":{"line":69,"column":null}},{"start":{"line":70,"column":26},"end":{"line":70,"column":null}}],"line":68}},"s":{"0":5,"1":5,"2":5,"3":5,"4":5,"5":5,"6":5,"7":5,"8":3,"9":3,"10":3,"11":2,"12":2,"13":2,"14":2,"15":2,"16":5},"f":{"0":5},"b":{"0":[3,1],"1":[1,1]},"meta":{"lastBranch":2,"lastFunction":1,"lastStatement":17,"seen":{"f:9:22:9:Infinity":0,"s:13:22:13:Infinity":0,"s:15:19:15:Infinity":1,"s:17:22:17:Infinity":2,"s:19:4:19:Infinity":3,"s:21:4:24:Infinity":4,"s:26:4:31:Infinity":5,"s:33:4:77:Infinity":6,"s:34:23:37:Infinity":7,"s:39:8:42:Infinity":8,"s:44:8:44:Infinity":9,"s:46:8:48:Infinity":10,"b:46:15:46:25:46:25:48:Infinity":0,"s:51:12:51:Infinity":11,"s:53:8:56:Infinity":12,"s:58:8:58:Infinity":13,"s:60:8:72:Infinity":14,"b:69:26:69:Infinity:70:26:70:Infinity":1,"s:74:8:74:Infinity":15,"s:76:8:76:Infinity":16},"fnNames":{}}}
,"/Users/naufalazhar/Documents/PROJECT/QA-WORKSPACE/flowtest-studio/src/features/execution/graph/GraphNavigator.ts": {"path":"/Users/naufalazhar/Documents/PROJECT/QA-WORKSPACE/flowtest-studio/src/features/execution/graph/GraphNavigator.ts","statementMap":{"0":{"start":{"line":18,"column":8},"end":{"line":18,"column":null}},"1":{"start":{"line":19,"column":8},"end":{"line":19,"column":null}},"2":{"start":{"line":23,"column":8},"end":{"line":26,"column":null}},"3":{"start":{"line":32,"column":8},"end":{"line":35,"column":null}},"4":{"start":{"line":41,"column":8},"end":{"line":44,"column":null}},"5":{"start":{"line":51,"column":8},"end":{"line":56,"column":null}},"6":{"start":{"line":64,"column":21},"end":{"line":68,"column":null}},"7":{"start":{"line":66,"column":16},"end":{"line":67,"column":null}},"8":{"start":{"line":70,"column":8},"end":{"line":72,"column":null}},"9":{"start":{"line":71,"column":12},"end":{"line":71,"column":null}},"10":{"start":{"line":75,"column":12},"end":{"line":78,"column":null}},"11":{"start":{"line":77,"column":20},"end":{"line":77,"column":null}},"12":{"start":{"line":80,"column":8},"end":{"line":82,"column":null}},"13":{"start":{"line":81,"column":12},"end":{"line":81,"column":null}},"14":{"start":{"line":84,"column":8},"end":{"line":87,"column":null}},"15":{"start":{"line":91,"column":36},"end":{"line":91,"column":null}},"16":{"start":{"line":93,"column":24},"end":{"line":93,"column":null}},"17":{"start":{"line":95,"column":22},"end":{"line":95,"column":null}},"18":{"start":{"line":97,"column":8},"end":{"line":109,"column":null}},"19":{"start":{"line":98,"column":12},"end":{"line":100,"column":null}},"20":{"start":{"line":99,"column":16},"end":{"line":99,"column":null}},"21":{"start":{"line":102,"column":12},"end":{"line":102,"column":null}},"22":{"start":{"line":104,"column":12},"end":{"line":104,"column":null}},"23":{"start":{"line":106,"column":12},"end":{"line":108,"column":null}},"24":{"start":{"line":111,"column":8},"end":{"line":111,"column":null}}},"fnMap":{"0":{"name":"constructor","decl":{"start":{"line":14,"column":4},"end":{"line":14,"column":null}},"loc":{"start":{"line":17,"column":6},"end":{"line":20,"column":null}},"line":17},"1":{"name":"getStartNode","decl":{"start":{"line":22,"column":4},"end":{"line":22,"column":36}},"loc":{"start":{"line":22,"column":36},"end":{"line":27,"column":null}},"line":22},"2":{"name":"getOutgoingEdges","decl":{"start":{"line":29,"column":4},"end":{"line":29,"column":null}},"loc":{"start":{"line":31,"column":14},"end":{"line":36,"column":null}},"line":31},"3":{"name":"getIncomingEdges","decl":{"start":{"line":38,"column":4},"end":{"line":38,"column":null}},"loc":{"start":{"line":40,"column":14},"end":{"line":45,"column":null}},"line":40},"4":{"name":"getNextNode","decl":{"start":{"line":47,"column":4},"end":{"line":47,"column":null}},"loc":{"start":{"line":50,"column":23},"end":{"line":57,"column":null}},"line":50},"5":{"name":"getTransition","decl":{"start":{"line":59,"column":4},"end":{"line":59,"column":null}},"loc":{"start":{"line":62,"column":30},"end":{"line":88,"column":null}},"line":62},"6":{"name":"(anonymous_6)","decl":{"start":{"line":64,"column":32},"end":{"line":64,"column":null}},"loc":{"start":{"line":66,"column":16},"end":{"line":67,"column":null}},"line":66},"7":{"name":"(anonymous_7)","decl":{"start":{"line":75,"column":23},"end":{"line":75,"column":null}},"loc":{"start":{"line":77,"column":20},"end":{"line":77,"column":null}},"line":77},"8":{"name":"getExecutionOrder","decl":{"start":{"line":90,"column":4},"end":{"line":90,"column":36}},"loc":{"start":{"line":90,"column":36},"end":{"line":112,"column":null}},"line":90}},"branchMap":{"0":{"loc":{"start":{"line":49,"column":8},"end":{"line":49,"column":null}},"type":"default-arg","locations":[{"start":{"line":49,"column":25},"end":{"line":49,"column":null}}],"line":49},"1":{"loc":{"start":{"line":61,"column":8},"end":{"line":61,"column":null}},"type":"default-arg","locations":[{"start":{"line":61,"column":25},"end":{"line":61,"column":null}}],"line":61},"2":{"loc":{"start":{"line":66,"column":16},"end":{"line":67,"column":null}},"type":"binary-expr","locations":[{"start":{"line":66,"column":16},"end":{"line":66,"column":null}},{"start":{"line":66,"column":32},"end":{"line":67,"column":null}}],"line":66},"3":{"loc":{"start":{"line":67,"column":17},"end":{"line":67,"column":50}},"type":"binary-expr","locations":[{"start":{"line":67,"column":17},"end":{"line":67,"column":38}},{"start":{"line":67,"column":38},"end":{"line":67,"column":50}}],"line":67},"4":{"loc":{"start":{"line":70,"column":8},"end":{"line":72,"column":null}},"type":"if","locations":[{"start":{"line":70,"column":8},"end":{"line":72,"column":null}},{"start":{},"end":{}}],"line":70},"5":{"loc":{"start":{"line":80,"column":8},"end":{"line":82,"column":null}},"type":"if","locations":[{"start":{"line":80,"column":8},"end":{"line":82,"column":null}},{"start":{},"end":{}}],"line":80},"6":{"loc":{"start":{"line":98,"column":12},"end":{"line":100,"column":null}},"type":"if","locations":[{"start":{"line":98,"column":12},"end":{"line":100,"column":null}},{"start":{},"end":{}}],"line":98}},"s":{"0":19,"1":19,"2":17,"3":1,"4":1,"5":11,"6":10,"7":9,"8":10,"9":5,"10":5,"11":10,"12":5,"13":1,"14":4,"15":9,"16":9,"17":9,"18":9,"19":9,"20":1,"21":8,"22":8,"23":8,"24":9},"f":{"0":19,"1":17,"2":1,"3":1,"4":11,"5":10,"6":9,"7":10,"8":9},"b":{"0":[11],"1":[10],"2":[9,6],"3":[6,4],"4":[5,5],"5":[1,4],"6":[1,8]},"meta":{"lastBranch":7,"lastFunction":9,"lastStatement":25,"seen":{"f:14:4:14:Infinity":0,"s:18:8:18:Infinity":0,"s:19:8:19:Infinity":1,"f:22:4:22:36":1,"s:23:8:26:Infinity":2,"f:29:4:29:Infinity":2,"s:32:8:35:Infinity":3,"f:38:4:38:Infinity":3,"s:41:8:44:Infinity":4,"f:47:4:47:Infinity":4,"b:49:25:49:Infinity":0,"s:51:8:56:Infinity":5,"f:59:4:59:Infinity":5,"b:61:25:61:Infinity":1,"s:64:21:68:Infinity":6,"f:64:32:64:Infinity":6,"s:66:16:67:Infinity":7,"b:66:16:66:Infinity:66:32:67:Infinity":2,"b:67:17:67:38:67:38:67:50":3,"b:70:8:72:Infinity:undefined:undefined:undefined:undefined":4,"s:70:8:72:Infinity":8,"s:71:12:71:Infinity":9,"s:75:12:78:Infinity":10,"f:75:23:75:Infinity":7,"s:77:20:77:Infinity":11,"b:80:8:82:Infinity:undefined:undefined:undefined:undefined":5,"s:80:8:82:Infinity":12,"s:81:12:81:Infinity":13,"s:84:8:87:Infinity":14,"f:90:4:90:36":8,"s:91:36:91:Infinity":15,"s:93:24:93:Infinity":16,"s:95:22:95:Infinity":17,"s:97:8:109:Infinity":18,"b:98:12:100:Infinity:undefined:undefined:undefined:undefined":6,"s:98:12:100:Infinity":19,"s:99:16:99:Infinity":20,"s:102:12:102:Infinity":21,"s:104:12:104:Infinity":22,"s:106:12:108:Infinity":23,"s:111:8:111:Infinity":24},"fnNames":{}}}
,"/Users/naufalazhar/Documents/PROJECT/QA-WORKSPACE/flowtest-studio/src/features/execution/graph/findIncomingEdges.ts": {"path":"/Users/naufalazhar/Documents/PROJECT/QA-WORKSPACE/flowtest-studio/src/features/execution/graph/findIncomingEdges.ts","statementMap":{"0":{"start":{"line":7,"column":2},"end":{"line":9,"column":null}},"1":{"start":{"line":8,"column":14},"end":{"line":8,"column":null}}},"fnMap":{"0":{"name":"findIncomingEdges","decl":{"start":{"line":3,"column":16},"end":{"line":3,"column":null}},"loc":{"start":{"line":6,"column":10},"end":{"line":10,"column":null}},"line":6},"1":{"name":"(anonymous_1)","decl":{"start":{"line":7,"column":15},"end":{"line":7,"column":null}},"loc":{"start":{"line":8,"column":14},"end":{"line":8,"column":null}},"line":8}},"branchMap":{},"s":{"0":3,"1":8},"f":{"0":3,"1":8},"b":{},"meta":{"lastBranch":0,"lastFunction":2,"lastStatement":2,"seen":{"f:3:16:3:Infinity":0,"s:7:2:9:Infinity":0,"f:7:15:7:Infinity":1,"s:8:14:8:Infinity":1},"fnNames":{}}}
,"/Users/naufalazhar/Documents/PROJECT/QA-WORKSPACE/flowtest-studio/src/features/execution/graph/findNextNode.ts": {"path":"/Users/naufalazhar/Documents/PROJECT/QA-WORKSPACE/flowtest-studio/src/features/execution/graph/findNextNode.ts","statementMap":{"0":{"start":{"line":12,"column":17},"end":{"line":18,"column":null}},"1":{"start":{"line":14,"column":8},"end":{"line":16,"column":null}},"2":{"start":{"line":20,"column":4},"end":{"line":22,"column":null}},"3":{"start":{"line":21,"column":8},"end":{"line":21,"column":null}},"4":{"start":{"line":24,"column":4},"end":{"line":27,"column":null}},"5":{"start":{"line":26,"column":20},"end":{"line":26,"column":null}}},"fnMap":{"0":{"name":"findNextNode","decl":{"start":{"line":5,"column":16},"end":{"line":5,"column":null}},"loc":{"start":{"line":10,"column":19},"end":{"line":29,"column":null}},"line":10},"1":{"name":"(anonymous_1)","decl":{"start":{"line":12,"column":23},"end":{"line":12,"column":28}},"loc":{"start":{"line":14,"column":8},"end":{"line":16,"column":null}},"line":14},"2":{"name":"(anonymous_2)","decl":{"start":{"line":25,"column":14},"end":{"line":25,"column":null}},"loc":{"start":{"line":26,"column":20},"end":{"line":26,"column":null}},"line":26}},"branchMap":{"0":{"loc":{"start":{"line":14,"column":8},"end":{"line":16,"column":null}},"type":"binary-expr","locations":[{"start":{"line":14,"column":8},"end":{"line":14,"column":null}},{"start":{"line":14,"column":24},"end":{"line":16,"column":null}}],"line":14},"1":{"loc":{"start":{"line":16,"column":9},"end":{"line":16,"column":42}},"type":"binary-expr","locations":[{"start":{"line":16,"column":9},"end":{"line":16,"column":30}},{"start":{"line":16,"column":30},"end":{"line":16,"column":42}}],"line":16},"2":{"loc":{"start":{"line":20,"column":4},"end":{"line":22,"column":null}},"type":"if","locations":[{"start":{"line":20,"column":4},"end":{"line":22,"column":null}},{"start":{},"end":{}}],"line":20},"3":{"loc":{"start":{"line":25,"column":8},"end":{"line":27,"column":null}},"type":"binary-expr","locations":[{"start":{"line":25,"column":8},"end":{"line":27,"column":13}},{"start":{"line":27,"column":13},"end":{"line":27,"column":null}}],"line":25}},"s":{"0":17,"1":29,"2":17,"3":6,"4":11,"5":27},"f":{"0":17,"1":29,"2":27},"b":{"0":[29,18],"1":[18,11],"2":[6,11],"3":[11,1]},"meta":{"lastBranch":4,"lastFunction":3,"lastStatement":6,"seen":{"f:5:16:5:Infinity":0,"s:12:17:18:Infinity":0,"f:12:23:12:28":1,"s:14:8:16:Infinity":1,"b:14:8:14:Infinity:14:24:16:Infinity":0,"b:16:9:16:30:16:30:16:42":1,"b:20:4:22:Infinity:undefined:undefined:undefined:undefined":2,"s:20:4:22:Infinity":2,"s:21:8:21:Infinity":3,"s:24:4:27:Infinity":4,"b:25:8:27:13:27:13:27:Infinity":3,"f:25:14:25:Infinity":2,"s:26:20:26:Infinity":5},"fnNames":{}}}
,"/Users/naufalazhar/Documents/PROJECT/QA-WORKSPACE/flowtest-studio/src/features/execution/graph/findOutgoingEdges.ts": {"path":"/Users/naufalazhar/Documents/PROJECT/QA-WORKSPACE/flowtest-studio/src/features/execution/graph/findOutgoingEdges.ts","statementMap":{"0":{"start":{"line":8,"column":4},"end":{"line":10,"column":null}},"1":{"start":{"line":9,"column":16},"end":{"line":9,"column":null}}},"fnMap":{"0":{"name":"findOutgoingEdges","decl":{"start":{"line":3,"column":16},"end":{"line":3,"column":null}},"loc":{"start":{"line":6,"column":10},"end":{"line":11,"column":null}},"line":6},"1":{"name":"(anonymous_1)","decl":{"start":{"line":8,"column":17},"end":{"line":8,"column":null}},"loc":{"start":{"line":9,"column":16},"end":{"line":9,"column":null}},"line":9}},"branchMap":{},"s":{"0":3,"1":8},"f":{"0":3,"1":8},"b":{},"meta":{"lastBranch":0,"lastFunction":2,"lastStatement":2,"seen":{"f:3:16:3:Infinity":0,"s:8:4:10:Infinity":0,"f:8:17:8:Infinity":1,"s:9:16:9:Infinity":1},"fnNames":{}}}
,"/Users/naufalazhar/Documents/PROJECT/QA-WORKSPACE/flowtest-studio/src/features/execution/graph/findStartNode.ts": {"path":"/Users/naufalazhar/Documents/PROJECT/QA-WORKSPACE/flowtest-studio/src/features/execution/graph/findStartNode.ts","statementMap":{"0":{"start":{"line":10,"column":20},"end":{"line":12,"column":null}},"1":{"start":{"line":11,"column":26},"end":{"line":11,"column":37}},"2":{"start":{"line":14,"column":4},"end":{"line":17,"column":null}},"3":{"start":{"line":16,"column":20},"end":{"line":16,"column":null}}},"fnMap":{"0":{"name":"findStartNode","decl":{"start":{"line":5,"column":16},"end":{"line":5,"column":null}},"loc":{"start":{"line":8,"column":19},"end":{"line":19,"column":null}},"line":8},"1":{"name":"(anonymous_1)","decl":{"start":{"line":11,"column":14},"end":{"line":11,"column":18}},"loc":{"start":{"line":11,"column":26},"end":{"line":11,"column":37}},"line":11},"2":{"name":"(anonymous_2)","decl":{"start":{"line":15,"column":14},"end":{"line":15,"column":null}},"loc":{"start":{"line":16,"column":20},"end":{"line":16,"column":null}},"line":16}},"branchMap":{"0":{"loc":{"start":{"line":15,"column":8},"end":{"line":17,"column":null}},"type":"binary-expr","locations":[{"start":{"line":15,"column":8},"end":{"line":17,"column":13}},{"start":{"line":17,"column":13},"end":{"line":17,"column":null}}],"line":15}},"s":{"0":22,"1":18,"2":22,"3":20},"f":{"0":22,"1":18,"2":20},"b":{"0":[22,8]},"meta":{"lastBranch":1,"lastFunction":3,"lastStatement":4,"seen":{"f:5:16:5:Infinity":0,"s:10:20:12:Infinity":0,"f:11:14:11:18":1,"s:11:26:11:37":1,"s:14:4:17:Infinity":2,"b:15:8:17:13:17:13:17:Infinity":0,"f:15:14:15:Infinity":2,"s:16:20:16:Infinity":3},"fnNames":{}}}
,"/Users/naufalazhar/Documents/PROJECT/QA-WORKSPACE/flowtest-studio/src/features/execution/runners/AssertRunner.ts": {"path":"/Users/naufalazhar/Documents/PROJECT/QA-WORKSPACE/flowtest-studio/src/features/execution/runners/AssertRunner.ts","statementMap":{"0":{"start":{"line":7,"column":40},"end":{"line":58,"column":null}},"1":{"start":{"line":9,"column":4},"end":{"line":11,"column":null}},"2":{"start":{"line":10,"column":6},"end":{"line":10,"column":null}},"3":{"start":{"line":13,"column":22},"end":{"line":13,"column":null}},"4":{"start":{"line":15,"column":19},"end":{"line":15,"column":null}},"5":{"start":{"line":16,"column":21},"end":{"line":16,"column":null}},"6":{"start":{"line":18,"column":19},"end":{"line":22,"column":null}},"7":{"start":{"line":24,"column":20},"end":{"line":24,"column":null}},"8":{"start":{"line":26,"column":20},"end":{"line":30,"column":null}},"9":{"start":{"line":32,"column":4},"end":{"line":43,"column":null}},"10":{"start":{"line":33,"column":6},"end":{"line":40,"column":null}},"11":{"start":{"line":42,"column":6},"end":{"line":42,"column":null}},"12":{"start":{"line":45,"column":4},"end":{"line":52,"column":null}},"13":{"start":{"line":54,"column":4},"end":{"line":56,"column":null}}},"fnMap":{"0":{"name":"run","decl":{"start":{"line":8,"column":8},"end":{"line":8,"column":12}},"loc":{"start":{"line":8,"column":18},"end":{"line":57,"column":null}},"line":8}},"branchMap":{"0":{"loc":{"start":{"line":9,"column":4},"end":{"line":11,"column":null}},"type":"if","locations":[{"start":{"line":9,"column":4},"end":{"line":11,"column":null}},{"start":{},"end":{}}],"line":9},"1":{"loc":{"start":{"line":32,"column":4},"end":{"line":43,"column":null}},"type":"if","locations":[{"start":{"line":32,"column":4},"end":{"line":43,"column":null}},{"start":{},"end":{}}],"line":32}},"s":{"0":2,"1":3,"2":1,"3":2,"4":2,"5":2,"6":2,"7":2,"8":2,"9":2,"10":1,"11":1,"12":1,"13":1},"f":{"0":3},"b":{"0":[1,2],"1":[1,1]},"meta":{"lastBranch":2,"lastFunction":1,"lastStatement":14,"seen":{"s:7:40:58:Infinity":0,"f:8:8:8:12":0,"b:9:4:11:Infinity:undefined:undefined:undefined:undefined":0,"s:9:4:11:Infinity":1,"s:10:6:10:Infinity":2,"s:13:22:13:Infinity":3,"s:15:19:15:Infinity":4,"s:16:21:16:Infinity":5,"s:18:19:22:Infinity":6,"s:24:20:24:Infinity":7,"s:26:20:30:Infinity":8,"b:32:4:43:Infinity:undefined:undefined:undefined:undefined":1,"s:32:4:43:Infinity":9,"s:33:6:40:Infinity":10,"s:42:6:42:Infinity":11,"s:45:4:52:Infinity":12,"s:54:4:56:Infinity":13},"fnNames":{}}}
,"/Users/naufalazhar/Documents/PROJECT/QA-WORKSPACE/flowtest-studio/src/features/execution/runners/BackRunner.ts": {"path":"/Users/naufalazhar/Documents/PROJECT/QA-WORKSPACE/flowtest-studio/src/features/execution/runners/BackRunner.ts","statementMap":{"0":{"start":{"line":5,"column":38},"end":{"line":49,"column":null}},"1":{"start":{"line":7,"column":8},"end":{"line":9,"column":null}},"2":{"start":{"line":8,"column":12},"end":{"line":8,"column":null}},"3":{"start":{"line":11,"column":26},"end":{"line":11,"column":null}},"4":{"start":{"line":13,"column":8},"end":{"line":47,"column":null}},"5":{"start":{"line":14,"column":12},"end":{"line":14,"column":null}},"6":{"start":{"line":16,"column":29},"end":{"line":16,"column":null}},"7":{"start":{"line":18,"column":12},"end":{"line":24,"column":null}},"8":{"start":{"line":26,"column":12},"end":{"line":28,"column":null}},"9":{"start":{"line":30,"column":29},"end":{"line":30,"column":null}},"10":{"start":{"line":32,"column":12},"end":{"line":44,"column":null}},"11":{"start":{"line":46,"column":12},"end":{"line":46,"column":null}}},"fnMap":{"0":{"name":"run","decl":{"start":{"line":6,"column":10},"end":{"line":6,"column":14}},"loc":{"start":{"line":6,"column":20},"end":{"line":48,"column":null}},"line":6}},"branchMap":{"0":{"loc":{"start":{"line":7,"column":8},"end":{"line":9,"column":null}},"type":"if","locations":[{"start":{"line":7,"column":8},"end":{"line":9,"column":null}},{"start":{},"end":{}}],"line":7},"1":{"loc":{"start":{"line":40,"column":24},"end":{"line":42,"column":null}},"type":"cond-expr","locations":[{"start":{"line":41,"column":30},"end":{"line":41,"column":null}},{"start":{"line":42,"column":30},"end":{"line":42,"column":null}}],"line":40}},"s":{"0":2,"1":4,"2":1,"3":3,"4":3,"5":3,"6":1,"7":1,"8":1,"9":2,"10":2,"11":2},"f":{"0":4},"b":{"0":[1,3],"1":[1,1]},"meta":{"lastBranch":2,"lastFunction":1,"lastStatement":12,"seen":{"s:5:38:49:Infinity":0,"f:6:10:6:14":0,"b:7:8:9:Infinity:undefined:undefined:undefined:undefined":0,"s:7:8:9:Infinity":1,"s:8:12:8:Infinity":2,"s:11:26:11:Infinity":3,"s:13:8:47:Infinity":4,"s:14:12:14:Infinity":5,"s:16:29:16:Infinity":6,"s:18:12:24:Infinity":7,"s:26:12:28:Infinity":8,"s:30:29:30:Infinity":9,"s:32:12:44:Infinity":10,"b:41:30:41:Infinity:42:30:42:Infinity":1,"s:46:12:46:Infinity":11},"fnNames":{}}}
,"/Users/naufalazhar/Documents/PROJECT/QA-WORKSPACE/flowtest-studio/src/features/execution/runners/CloseAppRunner.ts": {"path":"/Users/naufalazhar/Documents/PROJECT/QA-WORKSPACE/flowtest-studio/src/features/execution/runners/CloseAppRunner.ts","statementMap":{"0":{"start":{"line":8,"column":60},"end":{"line":114,"column":null}},"1":{"start":{"line":11,"column":6},"end":{"line":11,"column":null}},"2":{"start":{"line":13,"column":17},"end":{"line":13,"column":null}},"3":{"start":{"line":15,"column":4},"end":{"line":112,"column":null}},"4":{"start":{"line":16,"column":6},"end":{"line":25,"column":null}},"5":{"start":{"line":28,"column":8},"end":{"line":29,"column":null}},"6":{"start":{"line":31,"column":6},"end":{"line":60,"column":null}},"7":{"start":{"line":62,"column":6},"end":{"line":66,"column":null}},"8":{"start":{"line":69,"column":8},"end":{"line":70,"column":null}},"9":{"start":{"line":72,"column":6},"end":{"line":109,"column":null}},"10":{"start":{"line":111,"column":6},"end":{"line":111,"column":null}}},"fnMap":{"0":{"name":"run","decl":{"start":{"line":9,"column":8},"end":{"line":9,"column":12}},"loc":{"start":{"line":9,"column":18},"end":{"line":113,"column":null}},"line":9}},"branchMap":{"0":{"loc":{"start":{"line":48,"column":14},"end":{"line":52,"column":null}},"type":"binary-expr","locations":[{"start":{"line":48,"column":14},"end":{"line":49,"column":25}},{"start":{"line":49,"column":25},"end":{"line":52,"column":null}}],"line":48},"1":{"loc":{"start":{"line":54,"column":14},"end":{"line":58,"column":null}},"type":"binary-expr","locations":[{"start":{"line":54,"column":14},"end":{"line":55,"column":21}},{"start":{"line":55,"column":21},"end":{"line":58,"column":null}}],"line":54},"2":{"loc":{"start":{"line":89,"column":14},"end":{"line":93,"column":null}},"type":"binary-expr","locations":[{"start":{"line":89,"column":14},"end":{"line":90,"column":25}},{"start":{"line":90,"column":25},"end":{"line":93,"column":null}}],"line":89},"3":{"loc":{"start":{"line":95,"column":14},"end":{"line":99,"column":null}},"type":"binary-expr","locations":[{"start":{"line":95,"column":14},"end":{"line":96,"column":21}},{"start":{"line":96,"column":21},"end":{"line":99,"column":null}}],"line":95},"4":{"loc":{"start":{"line":102,"column":12},"end":{"line":107,"column":null}},"type":"cond-expr","locations":[{"start":{"line":104,"column":16},"end":{"line":104,"column":null}},{"start":{"line":105,"column":16},"end":{"line":107,"column":null}}],"line":102}},"s":{"0":2,"1":4,"2":4,"3":4,"4":4,"5":2,"6":2,"7":4,"8":2,"9":2,"10":2},"f":{"0":4},"b":{"0":[2,1],"1":[4,1],"2":[2,1],"3":[2,1],"4":[1,1]},"meta":{"lastBranch":5,"lastFunction":1,"lastStatement":11,"seen":{"s:8:60:114:Infinity":0,"f:9:8:9:12":0,"s:11:6:11:Infinity":1,"s:13:17:13:Infinity":2,"s:15:4:112:Infinity":3,"s:16:6:25:Infinity":4,"s:28:8:29:Infinity":5,"s:31:6:60:Infinity":6,"b:48:14:49:25:49:25:52:Infinity":0,"b:54:14:55:21:55:21:58:Infinity":1,"s:62:6:66:Infinity":7,"s:69:8:70:Infinity":8,"s:72:6:109:Infinity":9,"b:89:14:90:25:90:25:93:Infinity":2,"b:95:14:96:21:96:21:99:Infinity":3,"b:104:16:104:Infinity:105:16:107:Infinity":4,"s:111:6:111:Infinity":10},"fnNames":{}}}
,"/Users/naufalazhar/Documents/PROJECT/QA-WORKSPACE/flowtest-studio/src/features/execution/runners/DelayRunner.ts": {"path":"/Users/naufalazhar/Documents/PROJECT/QA-WORKSPACE/flowtest-studio/src/features/execution/runners/DelayRunner.ts","statementMap":{"0":{"start":{"line":4,"column":39},"end":{"line":54,"column":null}},"1":{"start":{"line":6,"column":8},"end":{"line":8,"column":null}},"2":{"start":{"line":7,"column":12},"end":{"line":7,"column":null}},"3":{"start":{"line":10,"column":26},"end":{"line":10,"column":null}},"4":{"start":{"line":12,"column":25},"end":{"line":12,"column":null}},"5":{"start":{"line":14,"column":8},"end":{"line":52,"column":null}},"6":{"start":{"line":15,"column":12},"end":{"line":17,"column":null}},"7":{"start":{"line":16,"column":16},"end":{"line":16,"column":null}},"8":{"start":{"line":20,"column":16},"end":{"line":20,"column":null}},"9":{"start":{"line":22,"column":12},"end":{"line":31,"column":null}},"10":{"start":{"line":34,"column":16},"end":{"line":34,"column":null}},"11":{"start":{"line":36,"column":12},"end":{"line":49,"column":null}},"12":{"start":{"line":51,"column":12},"end":{"line":51,"column":null}}},"fnMap":{"0":{"name":"run","decl":{"start":{"line":5,"column":10},"end":{"line":5,"column":14}},"loc":{"start":{"line":5,"column":20},"end":{"line":53,"column":null}},"line":5},"1":{"name":"(anonymous_1)","decl":{"start":{"line":15,"column":22},"end":{"line":15,"column":37}},"loc":{"start":{"line":16,"column":16},"end":{"line":16,"column":null}},"line":16}},"branchMap":{"0":{"loc":{"start":{"line":6,"column":8},"end":{"line":8,"column":null}},"type":"if","locations":[{"start":{"line":6,"column":8},"end":{"line":8,"column":null}},{"start":{},"end":{}}],"line":6},"1":{"loc":{"start":{"line":45,"column":24},"end":{"line":47,"column":null}},"type":"cond-expr","locations":[{"start":{"line":46,"column":30},"end":{"line":46,"column":null}},{"start":{"line":47,"column":30},"end":{"line":47,"column":null}}],"line":45}},"s":{"0":2,"1":5,"2":1,"3":4,"4":4,"5":4,"6":4,"7":4,"8":2,"9":2,"10":2,"11":2,"12":2},"f":{"0":5,"1":4},"b":{"0":[1,4],"1":[1,1]},"meta":{"lastBranch":2,"lastFunction":2,"lastStatement":13,"seen":{"s:4:39:54:Infinity":0,"f:5:10:5:14":0,"b:6:8:8:Infinity:undefined:undefined:undefined:undefined":0,"s:6:8:8:Infinity":1,"s:7:12:7:Infinity":2,"s:10:26:10:Infinity":3,"s:12:25:12:Infinity":4,"s:14:8:52:Infinity":5,"s:15:12:17:Infinity":6,"f:15:22:15:37":1,"s:16:16:16:Infinity":7,"s:20:16:20:Infinity":8,"s:22:12:31:Infinity":9,"s:34:16:34:Infinity":10,"s:36:12:49:Infinity":11,"b:46:30:46:Infinity:47:30:47:Infinity":1,"s:51:12:51:Infinity":12},"fnNames":{}}}
,"/Users/naufalazhar/Documents/PROJECT/QA-WORKSPACE/flowtest-studio/src/features/execution/runners/DoubleTapRunner.ts": {"path":"/Users/naufalazhar/Documents/PROJECT/QA-WORKSPACE/flowtest-studio/src/features/execution/runners/DoubleTapRunner.ts","statementMap":{"0":{"start":{"line":10,"column":43},"end":{"line":73,"column":null}},"1":{"start":{"line":12,"column":8},"end":{"line":14,"column":null}},"2":{"start":{"line":13,"column":12},"end":{"line":13,"column":null}},"3":{"start":{"line":16,"column":26},"end":{"line":16,"column":null}},"4":{"start":{"line":18,"column":21},"end":{"line":18,"column":null}},"5":{"start":{"line":20,"column":24},"end":{"line":22,"column":null}},"6":{"start":{"line":24,"column":8},"end":{"line":71,"column":null}},"7":{"start":{"line":25,"column":12},"end":{"line":28,"column":null}},"8":{"start":{"line":31,"column":16},"end":{"line":31,"column":null}},"9":{"start":{"line":33,"column":12},"end":{"line":44,"column":null}},"10":{"start":{"line":46,"column":12},"end":{"line":48,"column":null}},"11":{"start":{"line":51,"column":16},"end":{"line":51,"column":null}},"12":{"start":{"line":53,"column":12},"end":{"line":68,"column":null}},"13":{"start":{"line":70,"column":12},"end":{"line":70,"column":null}}},"fnMap":{"0":{"name":"run","decl":{"start":{"line":11,"column":10},"end":{"line":11,"column":14}},"loc":{"start":{"line":11,"column":20},"end":{"line":72,"column":null}},"line":11}},"branchMap":{"0":{"loc":{"start":{"line":12,"column":8},"end":{"line":14,"column":null}},"type":"if","locations":[{"start":{"line":12,"column":8},"end":{"line":14,"column":null}},{"start":{},"end":{}}],"line":12},"1":{"loc":{"start":{"line":64,"column":24},"end":{"line":66,"column":null}},"type":"cond-expr","locations":[{"start":{"line":65,"column":30},"end":{"line":65,"column":null}},{"start":{"line":66,"column":30},"end":{"line":66,"column":null}}],"line":64}},"s":{"0":2,"1":4,"2":1,"3":3,"4":3,"5":3,"6":3,"7":3,"8":1,"9":1,"10":1,"11":2,"12":2,"13":2},"f":{"0":4},"b":{"0":[1,3],"1":[1,1]},"meta":{"lastBranch":2,"lastFunction":1,"lastStatement":14,"seen":{"s:10:43:73:Infinity":0,"f:11:10:11:14":0,"b:12:8:14:Infinity:undefined:undefined:undefined:undefined":0,"s:12:8:14:Infinity":1,"s:13:12:13:Infinity":2,"s:16:26:16:Infinity":3,"s:18:21:18:Infinity":4,"s:20:24:22:Infinity":5,"s:24:8:71:Infinity":6,"s:25:12:28:Infinity":7,"s:31:16:31:Infinity":8,"s:33:12:44:Infinity":9,"s:46:12:48:Infinity":10,"s:51:16:51:Infinity":11,"s:53:12:68:Infinity":12,"b:65:30:65:Infinity:66:30:66:Infinity":1,"s:70:12:70:Infinity":13},"fnNames":{}}}
,"/Users/naufalazhar/Documents/PROJECT/QA-WORKSPACE/flowtest-studio/src/features/execution/runners/DragRunner.ts": {"path":"/Users/naufalazhar/Documents/PROJECT/QA-WORKSPACE/flowtest-studio/src/features/execution/runners/DragRunner.ts","statementMap":{"0":{"start":{"line":10,"column":38},"end":{"line":101,"column":null}},"1":{"start":{"line":12,"column":8},"end":{"line":14,"column":null}},"2":{"start":{"line":13,"column":12},"end":{"line":13,"column":null}},"3":{"start":{"line":16,"column":22},"end":{"line":16,"column":null}},"4":{"start":{"line":18,"column":24},"end":{"line":20,"column":null}},"5":{"start":{"line":22,"column":8},"end":{"line":99,"column":null}},"6":{"start":{"line":23,"column":12},"end":{"line":29,"column":null}},"7":{"start":{"line":32,"column":16},"end":{"line":32,"column":null}},"8":{"start":{"line":34,"column":12},"end":{"line":60,"column":null}},"9":{"start":{"line":63,"column":16},"end":{"line":63,"column":null}},"10":{"start":{"line":65,"column":12},"end":{"line":96,"column":null}},"11":{"start":{"line":98,"column":12},"end":{"line":98,"column":null}}},"fnMap":{"0":{"name":"run","decl":{"start":{"line":11,"column":10},"end":{"line":11,"column":14}},"loc":{"start":{"line":11,"column":20},"end":{"line":100,"column":null}},"line":11}},"branchMap":{"0":{"loc":{"start":{"line":12,"column":8},"end":{"line":14,"column":null}},"type":"if","locations":[{"start":{"line":12,"column":8},"end":{"line":14,"column":null}},{"start":{},"end":{}}],"line":12},"1":{"loc":{"start":{"line":92,"column":24},"end":{"line":94,"column":null}},"type":"cond-expr","locations":[{"start":{"line":93,"column":30},"end":{"line":93,"column":null}},{"start":{"line":94,"column":30},"end":{"line":94,"column":null}}],"line":92}},"s":{"0":2,"1":4,"2":1,"3":3,"4":3,"5":3,"6":3,"7":1,"8":1,"9":2,"10":2,"11":2},"f":{"0":4},"b":{"0":[1,3],"1":[1,1]},"meta":{"lastBranch":2,"lastFunction":1,"lastStatement":12,"seen":{"s:10:38:101:Infinity":0,"f:11:10:11:14":0,"b:12:8:14:Infinity:undefined:undefined:undefined:undefined":0,"s:12:8:14:Infinity":1,"s:13:12:13:Infinity":2,"s:16:22:16:Infinity":3,"s:18:24:20:Infinity":4,"s:22:8:99:Infinity":5,"s:23:12:29:Infinity":6,"s:32:16:32:Infinity":7,"s:34:12:60:Infinity":8,"s:63:16:63:Infinity":9,"s:65:12:96:Infinity":10,"b:93:30:93:Infinity:94:30:94:Infinity":1,"s:98:12:98:Infinity":11},"fnNames":{}}}
,"/Users/naufalazhar/Documents/PROJECT/QA-WORKSPACE/flowtest-studio/src/features/execution/runners/ElementExistsRunner.ts": {"path":"/Users/naufalazhar/Documents/PROJECT/QA-WORKSPACE/flowtest-studio/src/features/execution/runners/ElementExistsRunner.ts","statementMap":{"0":{"start":{"line":5,"column":47},"end":{"line":26,"column":null}},"1":{"start":{"line":7,"column":8},"end":{"line":9,"column":null}},"2":{"start":{"line":8,"column":12},"end":{"line":8,"column":null}},"3":{"start":{"line":11,"column":23},"end":{"line":14,"column":null}},"4":{"start":{"line":16,"column":8},"end":{"line":19,"column":null}},"5":{"start":{"line":22,"column":8},"end":{"line":24,"column":null}}},"fnMap":{"0":{"name":"run","decl":{"start":{"line":6,"column":10},"end":{"line":6,"column":14}},"loc":{"start":{"line":6,"column":20},"end":{"line":25,"column":null}},"line":6}},"branchMap":{"0":{"loc":{"start":{"line":7,"column":8},"end":{"line":9,"column":null}},"type":"if","locations":[{"start":{"line":7,"column":8},"end":{"line":9,"column":null}},{"start":{},"end":{}}],"line":7}},"s":{"0":2,"1":3,"2":1,"3":2,"4":2,"5":2},"f":{"0":3},"b":{"0":[1,2]},"meta":{"lastBranch":1,"lastFunction":1,"lastStatement":6,"seen":{"s:5:47:26:Infinity":0,"f:6:10:6:14":0,"b:7:8:9:Infinity:undefined:undefined:undefined:undefined":0,"s:7:8:9:Infinity":1,"s:8:12:8:Infinity":2,"s:11:23:14:Infinity":3,"s:16:8:19:Infinity":4,"s:22:8:24:Infinity":5},"fnNames":{}}}
,"/Users/naufalazhar/Documents/PROJECT/QA-WORKSPACE/flowtest-studio/src/features/execution/runners/FlingRunner.ts": {"path":"/Users/naufalazhar/Documents/PROJECT/QA-WORKSPACE/flowtest-studio/src/features/execution/runners/FlingRunner.ts","statementMap":{"0":{"start":{"line":10,"column":54},"end":{"line":77,"column":null}},"1":{"start":{"line":12,"column":26},"end":{"line":12,"column":null}},"2":{"start":{"line":14,"column":21},"end":{"line":14,"column":null}},"3":{"start":{"line":16,"column":24},"end":{"line":18,"column":null}},"4":{"start":{"line":20,"column":8},"end":{"line":75,"column":null}},"5":{"start":{"line":21,"column":12},"end":{"line":26,"column":null}},"6":{"start":{"line":29,"column":16},"end":{"line":29,"column":null}},"7":{"start":{"line":31,"column":12},"end":{"line":45,"column":null}},"8":{"start":{"line":47,"column":12},"end":{"line":49,"column":null}},"9":{"start":{"line":52,"column":16},"end":{"line":52,"column":null}},"10":{"start":{"line":54,"column":12},"end":{"line":72,"column":null}},"11":{"start":{"line":74,"column":12},"end":{"line":74,"column":null}}},"fnMap":{"0":{"name":"run","decl":{"start":{"line":11,"column":10},"end":{"line":11,"column":14}},"loc":{"start":{"line":11,"column":20},"end":{"line":76,"column":null}},"line":11}},"branchMap":{"0":{"loc":{"start":{"line":68,"column":24},"end":{"line":70,"column":null}},"type":"cond-expr","locations":[{"start":{"line":69,"column":30},"end":{"line":69,"column":null}},{"start":{"line":70,"column":30},"end":{"line":70,"column":null}}],"line":68}},"s":{"0":2,"1":3,"2":3,"3":3,"4":3,"5":3,"6":1,"7":1,"8":1,"9":2,"10":2,"11":2},"f":{"0":3},"b":{"0":[1,1]},"meta":{"lastBranch":1,"lastFunction":1,"lastStatement":12,"seen":{"s:10:54:77:Infinity":0,"f:11:10:11:14":0,"s:12:26:12:Infinity":1,"s:14:21:14:Infinity":2,"s:16:24:18:Infinity":3,"s:20:8:75:Infinity":4,"s:21:12:26:Infinity":5,"s:29:16:29:Infinity":6,"s:31:12:45:Infinity":7,"s:47:12:49:Infinity":8,"s:52:16:52:Infinity":9,"s:54:12:72:Infinity":10,"b:69:30:69:Infinity:70:30:70:Infinity":0,"s:74:12:74:Infinity":11},"fnNames":{}}}
,"/Users/naufalazhar/Documents/PROJECT/QA-WORKSPACE/flowtest-studio/src/features/execution/runners/GetAttributeRunner.ts": {"path":"/Users/naufalazhar/Documents/PROJECT/QA-WORKSPACE/flowtest-studio/src/features/execution/runners/GetAttributeRunner.ts","statementMap":{"0":{"start":{"line":7,"column":46},"end":{"line":71,"column":null}},"1":{"start":{"line":9,"column":8},"end":{"line":11,"column":null}},"2":{"start":{"line":10,"column":12},"end":{"line":10,"column":null}},"3":{"start":{"line":13,"column":26},"end":{"line":13,"column":null}},"4":{"start":{"line":15,"column":24},"end":{"line":15,"column":null}},"5":{"start":{"line":16,"column":26},"end":{"line":16,"column":null}},"6":{"start":{"line":18,"column":8},"end":{"line":69,"column":null}},"7":{"start":{"line":19,"column":26},"end":{"line":23,"column":null}},"8":{"start":{"line":25,"column":12},"end":{"line":25,"column":null}},"9":{"start":{"line":27,"column":28},"end":{"line":27,"column":null}},"10":{"start":{"line":29,"column":12},"end":{"line":42,"column":null}},"11":{"start":{"line":44,"column":12},"end":{"line":46,"column":null}},"12":{"start":{"line":48,"column":28},"end":{"line":48,"column":null}},"13":{"start":{"line":50,"column":12},"end":{"line":66,"column":null}},"14":{"start":{"line":68,"column":12},"end":{"line":68,"column":null}}},"fnMap":{"0":{"name":"run","decl":{"start":{"line":8,"column":10},"end":{"line":8,"column":14}},"loc":{"start":{"line":8,"column":20},"end":{"line":70,"column":null}},"line":8}},"branchMap":{"0":{"loc":{"start":{"line":9,"column":8},"end":{"line":11,"column":null}},"type":"if","locations":[{"start":{"line":9,"column":8},"end":{"line":11,"column":null}},{"start":{},"end":{}}],"line":9},"1":{"loc":{"start":{"line":62,"column":24},"end":{"line":64,"column":null}},"type":"cond-expr","locations":[{"start":{"line":63,"column":30},"end":{"line":63,"column":null}},{"start":{"line":64,"column":30},"end":{"line":64,"column":null}}],"line":62}},"s":{"0":2,"1":6,"2":1,"3":5,"4":5,"5":5,"6":5,"7":5,"8":3,"9":3,"10":3,"11":3,"12":2,"13":2,"14":2},"f":{"0":6},"b":{"0":[1,5],"1":[1,1]},"meta":{"lastBranch":2,"lastFunction":1,"lastStatement":15,"seen":{"s:7:46:71:Infinity":0,"f:8:10:8:14":0,"b:9:8:11:Infinity:undefined:undefined:undefined:undefined":0,"s:9:8:11:Infinity":1,"s:10:12:10:Infinity":2,"s:13:26:13:Infinity":3,"s:15:24:15:Infinity":4,"s:16:26:16:Infinity":5,"s:18:8:69:Infinity":6,"s:19:26:23:Infinity":7,"s:25:12:25:Infinity":8,"s:27:28:27:Infinity":9,"s:29:12:42:Infinity":10,"s:44:12:46:Infinity":11,"s:48:28:48:Infinity":12,"s:50:12:66:Infinity":13,"b:63:30:63:Infinity:64:30:64:Infinity":1,"s:68:12:68:Infinity":14},"fnNames":{}}}
,"/Users/naufalazhar/Documents/PROJECT/QA-WORKSPACE/flowtest-studio/src/features/execution/runners/GetCurrentActivityRunner.ts": {"path":"/Users/naufalazhar/Documents/PROJECT/QA-WORKSPACE/flowtest-studio/src/features/execution/runners/GetCurrentActivityRunner.ts","statementMap":{"0":{"start":{"line":6,"column":52},"end":{"line":60,"column":null}},"1":{"start":{"line":8,"column":8},"end":{"line":10,"column":null}},"2":{"start":{"line":9,"column":12},"end":{"line":9,"column":null}},"3":{"start":{"line":12,"column":26},"end":{"line":12,"column":null}},"4":{"start":{"line":14,"column":8},"end":{"line":58,"column":null}},"5":{"start":{"line":15,"column":29},"end":{"line":15,"column":null}},"6":{"start":{"line":17,"column":12},"end":{"line":20,"column":null}},"7":{"start":{"line":22,"column":29},"end":{"line":22,"column":null}},"8":{"start":{"line":24,"column":12},"end":{"line":34,"column":null}},"9":{"start":{"line":36,"column":12},"end":{"line":38,"column":null}},"10":{"start":{"line":40,"column":29},"end":{"line":40,"column":null}},"11":{"start":{"line":42,"column":12},"end":{"line":55,"column":null}},"12":{"start":{"line":57,"column":12},"end":{"line":57,"column":null}}},"fnMap":{"0":{"name":"run","decl":{"start":{"line":7,"column":10},"end":{"line":7,"column":14}},"loc":{"start":{"line":7,"column":20},"end":{"line":59,"column":null}},"line":7}},"branchMap":{"0":{"loc":{"start":{"line":8,"column":8},"end":{"line":10,"column":null}},"type":"if","locations":[{"start":{"line":8,"column":8},"end":{"line":10,"column":null}},{"start":{},"end":{}}],"line":8},"1":{"loc":{"start":{"line":51,"column":24},"end":{"line":53,"column":null}},"type":"cond-expr","locations":[{"start":{"line":52,"column":30},"end":{"line":52,"column":null}},{"start":{"line":53,"column":30},"end":{"line":53,"column":null}}],"line":51}},"s":{"0":2,"1":6,"2":1,"3":5,"4":5,"5":5,"6":3,"7":3,"8":3,"9":3,"10":2,"11":2,"12":2},"f":{"0":6},"b":{"0":[1,5],"1":[1,1]},"meta":{"lastBranch":2,"lastFunction":1,"lastStatement":13,"seen":{"s:6:52:60:Infinity":0,"f:7:10:7:14":0,"b:8:8:10:Infinity:undefined:undefined:undefined:undefined":0,"s:8:8:10:Infinity":1,"s:9:12:9:Infinity":2,"s:12:26:12:Infinity":3,"s:14:8:58:Infinity":4,"s:15:29:15:Infinity":5,"s:17:12:20:Infinity":6,"s:22:29:22:Infinity":7,"s:24:12:34:Infinity":8,"s:36:12:38:Infinity":9,"s:40:29:40:Infinity":10,"s:42:12:55:Infinity":11,"b:52:30:52:Infinity:53:30:53:Infinity":1,"s:57:12:57:Infinity":12},"fnNames":{}}}
,"/Users/naufalazhar/Documents/PROJECT/QA-WORKSPACE/flowtest-studio/src/features/execution/runners/GetCurrentPackageRunner.ts": {"path":"/Users/naufalazhar/Documents/PROJECT/QA-WORKSPACE/flowtest-studio/src/features/execution/runners/GetCurrentPackageRunner.ts","statementMap":{"0":{"start":{"line":6,"column":51},"end":{"line":60,"column":null}},"1":{"start":{"line":8,"column":8},"end":{"line":10,"column":null}},"2":{"start":{"line":9,"column":12},"end":{"line":9,"column":null}},"3":{"start":{"line":12,"column":26},"end":{"line":12,"column":null}},"4":{"start":{"line":14,"column":8},"end":{"line":58,"column":null}},"5":{"start":{"line":15,"column":32},"end":{"line":15,"column":null}},"6":{"start":{"line":17,"column":12},"end":{"line":20,"column":null}},"7":{"start":{"line":22,"column":29},"end":{"line":22,"column":null}},"8":{"start":{"line":24,"column":12},"end":{"line":34,"column":null}},"9":{"start":{"line":36,"column":12},"end":{"line":38,"column":null}},"10":{"start":{"line":40,"column":29},"end":{"line":40,"column":null}},"11":{"start":{"line":42,"column":12},"end":{"line":55,"column":null}},"12":{"start":{"line":57,"column":12},"end":{"line":57,"column":null}}},"fnMap":{"0":{"name":"run","decl":{"start":{"line":7,"column":10},"end":{"line":7,"column":14}},"loc":{"start":{"line":7,"column":20},"end":{"line":59,"column":null}},"line":7}},"branchMap":{"0":{"loc":{"start":{"line":8,"column":8},"end":{"line":10,"column":null}},"type":"if","locations":[{"start":{"line":8,"column":8},"end":{"line":10,"column":null}},{"start":{},"end":{}}],"line":8},"1":{"loc":{"start":{"line":51,"column":24},"end":{"line":53,"column":null}},"type":"cond-expr","locations":[{"start":{"line":52,"column":30},"end":{"line":52,"column":null}},{"start":{"line":53,"column":30},"end":{"line":53,"column":null}}],"line":51}},"s":{"0":2,"1":6,"2":1,"3":5,"4":5,"5":5,"6":3,"7":3,"8":3,"9":3,"10":2,"11":2,"12":2},"f":{"0":6},"b":{"0":[1,5],"1":[1,1]},"meta":{"lastBranch":2,"lastFunction":1,"lastStatement":13,"seen":{"s:6:51:60:Infinity":0,"f:7:10:7:14":0,"b:8:8:10:Infinity:undefined:undefined:undefined:undefined":0,"s:8:8:10:Infinity":1,"s:9:12:9:Infinity":2,"s:12:26:12:Infinity":3,"s:14:8:58:Infinity":4,"s:15:32:15:Infinity":5,"s:17:12:20:Infinity":6,"s:22:29:22:Infinity":7,"s:24:12:34:Infinity":8,"s:36:12:38:Infinity":9,"s:40:29:40:Infinity":10,"s:42:12:55:Infinity":11,"b:52:30:52:Infinity:53:30:53:Infinity":1,"s:57:12:57:Infinity":12},"fnNames":{}}}
,"/Users/naufalazhar/Documents/PROJECT/QA-WORKSPACE/flowtest-studio/src/features/execution/runners/GetDeviceNameRunner.ts": {"path":"/Users/naufalazhar/Documents/PROJECT/QA-WORKSPACE/flowtest-studio/src/features/execution/runners/GetDeviceNameRunner.ts","statementMap":{"0":{"start":{"line":6,"column":47},"end":{"line":60,"column":null}},"1":{"start":{"line":8,"column":8},"end":{"line":10,"column":null}},"2":{"start":{"line":9,"column":12},"end":{"line":9,"column":null}},"3":{"start":{"line":12,"column":26},"end":{"line":12,"column":null}},"4":{"start":{"line":14,"column":8},"end":{"line":58,"column":null}},"5":{"start":{"line":15,"column":31},"end":{"line":15,"column":null}},"6":{"start":{"line":17,"column":12},"end":{"line":20,"column":null}},"7":{"start":{"line":22,"column":29},"end":{"line":22,"column":null}},"8":{"start":{"line":24,"column":12},"end":{"line":34,"column":null}},"9":{"start":{"line":36,"column":12},"end":{"line":38,"column":null}},"10":{"start":{"line":40,"column":29},"end":{"line":40,"column":null}},"11":{"start":{"line":42,"column":12},"end":{"line":55,"column":null}},"12":{"start":{"line":57,"column":12},"end":{"line":57,"column":null}}},"fnMap":{"0":{"name":"run","decl":{"start":{"line":7,"column":10},"end":{"line":7,"column":14}},"loc":{"start":{"line":7,"column":20},"end":{"line":59,"column":null}},"line":7}},"branchMap":{"0":{"loc":{"start":{"line":8,"column":8},"end":{"line":10,"column":null}},"type":"if","locations":[{"start":{"line":8,"column":8},"end":{"line":10,"column":null}},{"start":{},"end":{}}],"line":8},"1":{"loc":{"start":{"line":51,"column":24},"end":{"line":53,"column":null}},"type":"cond-expr","locations":[{"start":{"line":52,"column":30},"end":{"line":52,"column":null}},{"start":{"line":53,"column":30},"end":{"line":53,"column":null}}],"line":51}},"s":{"0":2,"1":6,"2":1,"3":5,"4":5,"5":5,"6":3,"7":3,"8":3,"9":3,"10":2,"11":2,"12":2},"f":{"0":6},"b":{"0":[1,5],"1":[1,1]},"meta":{"lastBranch":2,"lastFunction":1,"lastStatement":13,"seen":{"s:6:47:60:Infinity":0,"f:7:10:7:14":0,"b:8:8:10:Infinity:undefined:undefined:undefined:undefined":0,"s:8:8:10:Infinity":1,"s:9:12:9:Infinity":2,"s:12:26:12:Infinity":3,"s:14:8:58:Infinity":4,"s:15:31:15:Infinity":5,"s:17:12:20:Infinity":6,"s:22:29:22:Infinity":7,"s:24:12:34:Infinity":8,"s:36:12:38:Infinity":9,"s:40:29:40:Infinity":10,"s:42:12:55:Infinity":11,"b:52:30:52:Infinity:53:30:53:Infinity":1,"s:57:12:57:Infinity":12},"fnNames":{}}}
,"/Users/naufalazhar/Documents/PROJECT/QA-WORKSPACE/flowtest-studio/src/features/execution/runners/GetDeviceTimeRunner.ts": {"path":"/Users/naufalazhar/Documents/PROJECT/QA-WORKSPACE/flowtest-studio/src/features/execution/runners/GetDeviceTimeRunner.ts","statementMap":{"0":{"start":{"line":6,"column":47},"end":{"line":60,"column":null}},"1":{"start":{"line":8,"column":8},"end":{"line":10,"column":null}},"2":{"start":{"line":9,"column":12},"end":{"line":9,"column":null}},"3":{"start":{"line":12,"column":26},"end":{"line":12,"column":null}},"4":{"start":{"line":14,"column":8},"end":{"line":58,"column":null}},"5":{"start":{"line":15,"column":31},"end":{"line":15,"column":null}},"6":{"start":{"line":17,"column":12},"end":{"line":20,"column":null}},"7":{"start":{"line":22,"column":29},"end":{"line":22,"column":null}},"8":{"start":{"line":24,"column":12},"end":{"line":34,"column":null}},"9":{"start":{"line":36,"column":12},"end":{"line":38,"column":null}},"10":{"start":{"line":40,"column":29},"end":{"line":40,"column":null}},"11":{"start":{"line":42,"column":12},"end":{"line":55,"column":null}},"12":{"start":{"line":57,"column":12},"end":{"line":57,"column":null}}},"fnMap":{"0":{"name":"run","decl":{"start":{"line":7,"column":10},"end":{"line":7,"column":14}},"loc":{"start":{"line":7,"column":20},"end":{"line":59,"column":null}},"line":7}},"branchMap":{"0":{"loc":{"start":{"line":8,"column":8},"end":{"line":10,"column":null}},"type":"if","locations":[{"start":{"line":8,"column":8},"end":{"line":10,"column":null}},{"start":{},"end":{}}],"line":8},"1":{"loc":{"start":{"line":51,"column":24},"end":{"line":53,"column":null}},"type":"cond-expr","locations":[{"start":{"line":52,"column":30},"end":{"line":52,"column":null}},{"start":{"line":53,"column":30},"end":{"line":53,"column":null}}],"line":51}},"s":{"0":2,"1":6,"2":1,"3":5,"4":5,"5":5,"6":3,"7":3,"8":3,"9":3,"10":2,"11":2,"12":2},"f":{"0":6},"b":{"0":[1,5],"1":[1,1]},"meta":{"lastBranch":2,"lastFunction":1,"lastStatement":13,"seen":{"s:6:47:60:Infinity":0,"f:7:10:7:14":0,"b:8:8:10:Infinity:undefined:undefined:undefined:undefined":0,"s:8:8:10:Infinity":1,"s:9:12:9:Infinity":2,"s:12:26:12:Infinity":3,"s:14:8:58:Infinity":4,"s:15:31:15:Infinity":5,"s:17:12:20:Infinity":6,"s:22:29:22:Infinity":7,"s:24:12:34:Infinity":8,"s:36:12:38:Infinity":9,"s:40:29:40:Infinity":10,"s:42:12:55:Infinity":11,"b:52:30:52:Infinity:53:30:53:Infinity":1,"s:57:12:57:Infinity":12},"fnNames":{}}}
,"/Users/naufalazhar/Documents/PROJECT/QA-WORKSPACE/flowtest-studio/src/features/execution/runners/GetDisplayedRunner.ts": {"path":"/Users/naufalazhar/Documents/PROJECT/QA-WORKSPACE/flowtest-studio/src/features/execution/runners/GetDisplayedRunner.ts","statementMap":{"0":{"start":{"line":9,"column":68},"end":{"line":71,"column":null}},"1":{"start":{"line":11,"column":8},"end":{"line":13,"column":null}},"2":{"start":{"line":12,"column":12},"end":{"line":12,"column":null}},"3":{"start":{"line":15,"column":26},"end":{"line":15,"column":null}},"4":{"start":{"line":17,"column":21},"end":{"line":17,"column":null}},"5":{"start":{"line":19,"column":24},"end":{"line":19,"column":null}},"6":{"start":{"line":21,"column":8},"end":{"line":69,"column":null}},"7":{"start":{"line":22,"column":26},"end":{"line":25,"column":null}},"8":{"start":{"line":27,"column":12},"end":{"line":27,"column":null}},"9":{"start":{"line":29,"column":28},"end":{"line":29,"column":null}},"10":{"start":{"line":31,"column":12},"end":{"line":43,"column":null}},"11":{"start":{"line":45,"column":12},"end":{"line":47,"column":null}},"12":{"start":{"line":49,"column":28},"end":{"line":49,"column":null}},"13":{"start":{"line":51,"column":12},"end":{"line":66,"column":null}},"14":{"start":{"line":68,"column":12},"end":{"line":68,"column":null}}},"fnMap":{"0":{"name":"run","decl":{"start":{"line":10,"column":10},"end":{"line":10,"column":14}},"loc":{"start":{"line":10,"column":20},"end":{"line":70,"column":null}},"line":10}},"branchMap":{"0":{"loc":{"start":{"line":11,"column":8},"end":{"line":13,"column":null}},"type":"if","locations":[{"start":{"line":11,"column":8},"end":{"line":13,"column":null}},{"start":{},"end":{}}],"line":11},"1":{"loc":{"start":{"line":62,"column":24},"end":{"line":64,"column":null}},"type":"cond-expr","locations":[{"start":{"line":63,"column":30},"end":{"line":63,"column":null}},{"start":{"line":64,"column":30},"end":{"line":64,"column":null}}],"line":62}},"s":{"0":2,"1":6,"2":1,"3":5,"4":5,"5":5,"6":5,"7":5,"8":3,"9":3,"10":3,"11":3,"12":2,"13":2,"14":2},"f":{"0":6},"b":{"0":[1,5],"1":[1,1]},"meta":{"lastBranch":2,"lastFunction":1,"lastStatement":15,"seen":{"s:9:68:71:Infinity":0,"f:10:10:10:14":0,"b:11:8:13:Infinity:undefined:undefined:undefined:undefined":0,"s:11:8:13:Infinity":1,"s:12:12:12:Infinity":2,"s:15:26:15:Infinity":3,"s:17:21:17:Infinity":4,"s:19:24:19:Infinity":5,"s:21:8:69:Infinity":6,"s:22:26:25:Infinity":7,"s:27:12:27:Infinity":8,"s:29:28:29:Infinity":9,"s:31:12:43:Infinity":10,"s:45:12:47:Infinity":11,"s:49:28:49:Infinity":12,"s:51:12:66:Infinity":13,"b:63:30:63:Infinity:64:30:64:Infinity":1,"s:68:12:68:Infinity":14},"fnNames":{}}}
,"/Users/naufalazhar/Documents/PROJECT/QA-WORKSPACE/flowtest-studio/src/features/execution/runners/GetEnabledRunner.ts": {"path":"/Users/naufalazhar/Documents/PROJECT/QA-WORKSPACE/flowtest-studio/src/features/execution/runners/GetEnabledRunner.ts","statementMap":{"0":{"start":{"line":9,"column":64},"end":{"line":74,"column":null}},"1":{"start":{"line":11,"column":8},"end":{"line":13,"column":null}},"2":{"start":{"line":12,"column":12},"end":{"line":12,"column":null}},"3":{"start":{"line":15,"column":26},"end":{"line":15,"column":null}},"4":{"start":{"line":17,"column":21},"end":{"line":17,"column":null}},"5":{"start":{"line":19,"column":24},"end":{"line":19,"column":null}},"6":{"start":{"line":21,"column":8},"end":{"line":72,"column":null}},"7":{"start":{"line":22,"column":26},"end":{"line":25,"column":null}},"8":{"start":{"line":27,"column":12},"end":{"line":30,"column":null}},"9":{"start":{"line":32,"column":29},"end":{"line":32,"column":null}},"10":{"start":{"line":34,"column":12},"end":{"line":46,"column":null}},"11":{"start":{"line":48,"column":12},"end":{"line":50,"column":null}},"12":{"start":{"line":52,"column":29},"end":{"line":52,"column":null}},"13":{"start":{"line":54,"column":12},"end":{"line":69,"column":null}},"14":{"start":{"line":71,"column":12},"end":{"line":71,"column":null}}},"fnMap":{"0":{"name":"run","decl":{"start":{"line":10,"column":10},"end":{"line":10,"column":14}},"loc":{"start":{"line":10,"column":20},"end":{"line":73,"column":null}},"line":10}},"branchMap":{"0":{"loc":{"start":{"line":11,"column":8},"end":{"line":13,"column":null}},"type":"if","locations":[{"start":{"line":11,"column":8},"end":{"line":13,"column":null}},{"start":{},"end":{}}],"line":11},"1":{"loc":{"start":{"line":65,"column":24},"end":{"line":67,"column":null}},"type":"cond-expr","locations":[{"start":{"line":66,"column":30},"end":{"line":66,"column":null}},{"start":{"line":67,"column":30},"end":{"line":67,"column":null}}],"line":65}},"s":{"0":2,"1":6,"2":1,"3":5,"4":5,"5":5,"6":5,"7":5,"8":3,"9":3,"10":3,"11":3,"12":2,"13":2,"14":2},"f":{"0":6},"b":{"0":[1,5],"1":[1,1]},"meta":{"lastBranch":2,"lastFunction":1,"lastStatement":15,"seen":{"s:9:64:74:Infinity":0,"f:10:10:10:14":0,"b:11:8:13:Infinity:undefined:undefined:undefined:undefined":0,"s:11:8:13:Infinity":1,"s:12:12:12:Infinity":2,"s:15:26:15:Infinity":3,"s:17:21:17:Infinity":4,"s:19:24:19:Infinity":5,"s:21:8:72:Infinity":6,"s:22:26:25:Infinity":7,"s:27:12:30:Infinity":8,"s:32:29:32:Infinity":9,"s:34:12:46:Infinity":10,"s:48:12:50:Infinity":11,"s:52:29:52:Infinity":12,"s:54:12:69:Infinity":13,"b:66:30:66:Infinity:67:30:67:Infinity":1,"s:71:12:71:Infinity":14},"fnNames":{}}}
,"/Users/naufalazhar/Documents/PROJECT/QA-WORKSPACE/flowtest-studio/src/features/execution/runners/GetLocationRunner.ts": {"path":"/Users/naufalazhar/Documents/PROJECT/QA-WORKSPACE/flowtest-studio/src/features/execution/runners/GetLocationRunner.ts","statementMap":{"0":{"start":{"line":9,"column":66},"end":{"line":72,"column":null}},"1":{"start":{"line":11,"column":8},"end":{"line":13,"column":null}},"2":{"start":{"line":12,"column":12},"end":{"line":12,"column":null}},"3":{"start":{"line":15,"column":26},"end":{"line":15,"column":null}},"4":{"start":{"line":17,"column":21},"end":{"line":17,"column":null}},"5":{"start":{"line":19,"column":24},"end":{"line":19,"column":null}},"6":{"start":{"line":21,"column":8},"end":{"line":70,"column":null}},"7":{"start":{"line":22,"column":29},"end":{"line":25,"column":null}},"8":{"start":{"line":27,"column":12},"end":{"line":27,"column":null}},"9":{"start":{"line":29,"column":28},"end":{"line":29,"column":null}},"10":{"start":{"line":31,"column":12},"end":{"line":44,"column":null}},"11":{"start":{"line":46,"column":12},"end":{"line":48,"column":null}},"12":{"start":{"line":50,"column":28},"end":{"line":50,"column":null}},"13":{"start":{"line":52,"column":12},"end":{"line":67,"column":null}},"14":{"start":{"line":69,"column":12},"end":{"line":69,"column":null}}},"fnMap":{"0":{"name":"run","decl":{"start":{"line":10,"column":10},"end":{"line":10,"column":14}},"loc":{"start":{"line":10,"column":20},"end":{"line":71,"column":null}},"line":10}},"branchMap":{"0":{"loc":{"start":{"line":11,"column":8},"end":{"line":13,"column":null}},"type":"if","locations":[{"start":{"line":11,"column":8},"end":{"line":13,"column":null}},{"start":{},"end":{}}],"line":11},"1":{"loc":{"start":{"line":63,"column":24},"end":{"line":65,"column":null}},"type":"cond-expr","locations":[{"start":{"line":64,"column":30},"end":{"line":64,"column":null}},{"start":{"line":65,"column":30},"end":{"line":65,"column":null}}],"line":63}},"s":{"0":2,"1":6,"2":1,"3":5,"4":5,"5":5,"6":5,"7":5,"8":3,"9":3,"10":3,"11":3,"12":2,"13":2,"14":2},"f":{"0":6},"b":{"0":[1,5],"1":[1,1]},"meta":{"lastBranch":2,"lastFunction":1,"lastStatement":15,"seen":{"s:9:66:72:Infinity":0,"f:10:10:10:14":0,"b:11:8:13:Infinity:undefined:undefined:undefined:undefined":0,"s:11:8:13:Infinity":1,"s:12:12:12:Infinity":2,"s:15:26:15:Infinity":3,"s:17:21:17:Infinity":4,"s:19:24:19:Infinity":5,"s:21:8:70:Infinity":6,"s:22:29:25:Infinity":7,"s:27:12:27:Infinity":8,"s:29:28:29:Infinity":9,"s:31:12:44:Infinity":10,"s:46:12:48:Infinity":11,"s:50:28:50:Infinity":12,"s:52:12:67:Infinity":13,"b:64:30:64:Infinity:65:30:65:Infinity":1,"s:69:12:69:Infinity":14},"fnNames":{}}}
,"/Users/naufalazhar/Documents/PROJECT/QA-WORKSPACE/flowtest-studio/src/features/execution/runners/GetOrientationRunner.ts": {"path":"/Users/naufalazhar/Documents/PROJECT/QA-WORKSPACE/flowtest-studio/src/features/execution/runners/GetOrientationRunner.ts","statementMap":{"0":{"start":{"line":6,"column":48},"end":{"line":60,"column":null}},"1":{"start":{"line":8,"column":8},"end":{"line":10,"column":null}},"2":{"start":{"line":9,"column":12},"end":{"line":9,"column":null}},"3":{"start":{"line":12,"column":26},"end":{"line":12,"column":null}},"4":{"start":{"line":14,"column":8},"end":{"line":58,"column":null}},"5":{"start":{"line":15,"column":32},"end":{"line":15,"column":null}},"6":{"start":{"line":17,"column":12},"end":{"line":20,"column":null}},"7":{"start":{"line":22,"column":29},"end":{"line":22,"column":null}},"8":{"start":{"line":24,"column":12},"end":{"line":34,"column":null}},"9":{"start":{"line":36,"column":12},"end":{"line":38,"column":null}},"10":{"start":{"line":40,"column":29},"end":{"line":40,"column":null}},"11":{"start":{"line":42,"column":12},"end":{"line":55,"column":null}},"12":{"start":{"line":57,"column":12},"end":{"line":57,"column":null}}},"fnMap":{"0":{"name":"run","decl":{"start":{"line":7,"column":10},"end":{"line":7,"column":14}},"loc":{"start":{"line":7,"column":20},"end":{"line":59,"column":null}},"line":7}},"branchMap":{"0":{"loc":{"start":{"line":8,"column":8},"end":{"line":10,"column":null}},"type":"if","locations":[{"start":{"line":8,"column":8},"end":{"line":10,"column":null}},{"start":{},"end":{}}],"line":8},"1":{"loc":{"start":{"line":51,"column":24},"end":{"line":53,"column":null}},"type":"cond-expr","locations":[{"start":{"line":52,"column":30},"end":{"line":52,"column":null}},{"start":{"line":53,"column":30},"end":{"line":53,"column":null}}],"line":51}},"s":{"0":2,"1":6,"2":1,"3":5,"4":5,"5":5,"6":3,"7":3,"8":3,"9":3,"10":2,"11":2,"12":2},"f":{"0":6},"b":{"0":[1,5],"1":[1,1]},"meta":{"lastBranch":2,"lastFunction":1,"lastStatement":13,"seen":{"s:6:48:60:Infinity":0,"f:7:10:7:14":0,"b:8:8:10:Infinity:undefined:undefined:undefined:undefined":0,"s:8:8:10:Infinity":1,"s:9:12:9:Infinity":2,"s:12:26:12:Infinity":3,"s:14:8:58:Infinity":4,"s:15:32:15:Infinity":5,"s:17:12:20:Infinity":6,"s:22:29:22:Infinity":7,"s:24:12:34:Infinity":8,"s:36:12:38:Infinity":9,"s:40:29:40:Infinity":10,"s:42:12:55:Infinity":11,"b:52:30:52:Infinity:53:30:53:Infinity":1,"s:57:12:57:Infinity":12},"fnNames":{}}}
,"/Users/naufalazhar/Documents/PROJECT/QA-WORKSPACE/flowtest-studio/src/features/execution/runners/GetPlatformVersionRunner.ts": {"path":"/Users/naufalazhar/Documents/PROJECT/QA-WORKSPACE/flowtest-studio/src/features/execution/runners/GetPlatformVersionRunner.ts","statementMap":{"0":{"start":{"line":6,"column":52},"end":{"line":61,"column":null}},"1":{"start":{"line":8,"column":8},"end":{"line":10,"column":null}},"2":{"start":{"line":9,"column":12},"end":{"line":9,"column":null}},"3":{"start":{"line":12,"column":26},"end":{"line":12,"column":null}},"4":{"start":{"line":14,"column":8},"end":{"line":59,"column":null}},"5":{"start":{"line":16,"column":16},"end":{"line":16,"column":null}},"6":{"start":{"line":18,"column":12},"end":{"line":21,"column":null}},"7":{"start":{"line":23,"column":29},"end":{"line":23,"column":null}},"8":{"start":{"line":25,"column":12},"end":{"line":35,"column":null}},"9":{"start":{"line":37,"column":12},"end":{"line":39,"column":null}},"10":{"start":{"line":41,"column":29},"end":{"line":41,"column":null}},"11":{"start":{"line":43,"column":12},"end":{"line":56,"column":null}},"12":{"start":{"line":58,"column":12},"end":{"line":58,"column":null}}},"fnMap":{"0":{"name":"run","decl":{"start":{"line":7,"column":10},"end":{"line":7,"column":14}},"loc":{"start":{"line":7,"column":20},"end":{"line":60,"column":null}},"line":7}},"branchMap":{"0":{"loc":{"start":{"line":8,"column":8},"end":{"line":10,"column":null}},"type":"if","locations":[{"start":{"line":8,"column":8},"end":{"line":10,"column":null}},{"start":{},"end":{}}],"line":8},"1":{"loc":{"start":{"line":52,"column":24},"end":{"line":54,"column":null}},"type":"cond-expr","locations":[{"start":{"line":53,"column":30},"end":{"line":53,"column":null}},{"start":{"line":54,"column":30},"end":{"line":54,"column":null}}],"line":52}},"s":{"0":2,"1":6,"2":1,"3":5,"4":5,"5":5,"6":3,"7":3,"8":3,"9":3,"10":2,"11":2,"12":2},"f":{"0":6},"b":{"0":[1,5],"1":[1,1]},"meta":{"lastBranch":2,"lastFunction":1,"lastStatement":13,"seen":{"s:6:52:61:Infinity":0,"f:7:10:7:14":0,"b:8:8:10:Infinity:undefined:undefined:undefined:undefined":0,"s:8:8:10:Infinity":1,"s:9:12:9:Infinity":2,"s:12:26:12:Infinity":3,"s:14:8:59:Infinity":4,"s:16:16:16:Infinity":5,"s:18:12:21:Infinity":6,"s:23:29:23:Infinity":7,"s:25:12:35:Infinity":8,"s:37:12:39:Infinity":9,"s:41:29:41:Infinity":10,"s:43:12:56:Infinity":11,"b:53:30:53:Infinity:54:30:54:Infinity":1,"s:58:12:58:Infinity":12},"fnNames":{}}}
,"/Users/naufalazhar/Documents/PROJECT/QA-WORKSPACE/flowtest-studio/src/features/execution/runners/GetRectRunner.ts": {"path":"/Users/naufalazhar/Documents/PROJECT/QA-WORKSPACE/flowtest-studio/src/features/execution/runners/GetRectRunner.ts","statementMap":{"0":{"start":{"line":9,"column":58},"end":{"line":77,"column":null}},"1":{"start":{"line":11,"column":8},"end":{"line":13,"column":null}},"2":{"start":{"line":12,"column":12},"end":{"line":12,"column":null}},"3":{"start":{"line":15,"column":26},"end":{"line":15,"column":null}},"4":{"start":{"line":17,"column":21},"end":{"line":17,"column":null}},"5":{"start":{"line":19,"column":24},"end":{"line":19,"column":null}},"6":{"start":{"line":21,"column":8},"end":{"line":75,"column":null}},"7":{"start":{"line":22,"column":25},"end":{"line":25,"column":null}},"8":{"start":{"line":27,"column":12},"end":{"line":30,"column":null}},"9":{"start":{"line":32,"column":29},"end":{"line":32,"column":null}},"10":{"start":{"line":34,"column":12},"end":{"line":49,"column":null}},"11":{"start":{"line":51,"column":12},"end":{"line":53,"column":null}},"12":{"start":{"line":55,"column":29},"end":{"line":55,"column":null}},"13":{"start":{"line":57,"column":12},"end":{"line":72,"column":null}},"14":{"start":{"line":74,"column":12},"end":{"line":74,"column":null}}},"fnMap":{"0":{"name":"run","decl":{"start":{"line":10,"column":10},"end":{"line":10,"column":14}},"loc":{"start":{"line":10,"column":20},"end":{"line":76,"column":null}},"line":10}},"branchMap":{"0":{"loc":{"start":{"line":11,"column":8},"end":{"line":13,"column":null}},"type":"if","locations":[{"start":{"line":11,"column":8},"end":{"line":13,"column":null}},{"start":{},"end":{}}],"line":11},"1":{"loc":{"start":{"line":68,"column":24},"end":{"line":70,"column":null}},"type":"cond-expr","locations":[{"start":{"line":69,"column":30},"end":{"line":69,"column":null}},{"start":{"line":70,"column":30},"end":{"line":70,"column":null}}],"line":68}},"s":{"0":2,"1":6,"2":1,"3":5,"4":5,"5":5,"6":5,"7":5,"8":3,"9":3,"10":3,"11":3,"12":2,"13":2,"14":2},"f":{"0":6},"b":{"0":[1,5],"1":[1,1]},"meta":{"lastBranch":2,"lastFunction":1,"lastStatement":15,"seen":{"s:9:58:77:Infinity":0,"f:10:10:10:14":0,"b:11:8:13:Infinity:undefined:undefined:undefined:undefined":0,"s:11:8:13:Infinity":1,"s:12:12:12:Infinity":2,"s:15:26:15:Infinity":3,"s:17:21:17:Infinity":4,"s:19:24:19:Infinity":5,"s:21:8:75:Infinity":6,"s:22:25:25:Infinity":7,"s:27:12:30:Infinity":8,"s:32:29:32:Infinity":9,"s:34:12:49:Infinity":10,"s:51:12:53:Infinity":11,"s:55:29:55:Infinity":12,"s:57:12:72:Infinity":13,"b:69:30:69:Infinity:70:30:70:Infinity":1,"s:74:12:74:Infinity":14},"fnNames":{}}}
,"/Users/naufalazhar/Documents/PROJECT/QA-WORKSPACE/flowtest-studio/src/features/execution/runners/GetSelectedRunner.ts": {"path":"/Users/naufalazhar/Documents/PROJECT/QA-WORKSPACE/flowtest-studio/src/features/execution/runners/GetSelectedRunner.ts","statementMap":{"0":{"start":{"line":9,"column":66},"end":{"line":74,"column":null}},"1":{"start":{"line":11,"column":8},"end":{"line":13,"column":null}},"2":{"start":{"line":12,"column":12},"end":{"line":12,"column":null}},"3":{"start":{"line":15,"column":26},"end":{"line":15,"column":null}},"4":{"start":{"line":17,"column":21},"end":{"line":17,"column":null}},"5":{"start":{"line":19,"column":24},"end":{"line":19,"column":null}},"6":{"start":{"line":21,"column":8},"end":{"line":72,"column":null}},"7":{"start":{"line":22,"column":26},"end":{"line":25,"column":null}},"8":{"start":{"line":27,"column":12},"end":{"line":30,"column":null}},"9":{"start":{"line":32,"column":29},"end":{"line":32,"column":null}},"10":{"start":{"line":34,"column":12},"end":{"line":46,"column":null}},"11":{"start":{"line":48,"column":12},"end":{"line":50,"column":null}},"12":{"start":{"line":52,"column":29},"end":{"line":52,"column":null}},"13":{"start":{"line":54,"column":12},"end":{"line":69,"column":null}},"14":{"start":{"line":71,"column":12},"end":{"line":71,"column":null}}},"fnMap":{"0":{"name":"run","decl":{"start":{"line":10,"column":10},"end":{"line":10,"column":14}},"loc":{"start":{"line":10,"column":20},"end":{"line":73,"column":null}},"line":10}},"branchMap":{"0":{"loc":{"start":{"line":11,"column":8},"end":{"line":13,"column":null}},"type":"if","locations":[{"start":{"line":11,"column":8},"end":{"line":13,"column":null}},{"start":{},"end":{}}],"line":11},"1":{"loc":{"start":{"line":65,"column":24},"end":{"line":67,"column":null}},"type":"cond-expr","locations":[{"start":{"line":66,"column":30},"end":{"line":66,"column":null}},{"start":{"line":67,"column":30},"end":{"line":67,"column":null}}],"line":65}},"s":{"0":2,"1":6,"2":1,"3":5,"4":5,"5":5,"6":5,"7":5,"8":3,"9":3,"10":3,"11":3,"12":2,"13":2,"14":2},"f":{"0":6},"b":{"0":[1,5],"1":[1,1]},"meta":{"lastBranch":2,"lastFunction":1,"lastStatement":15,"seen":{"s:9:66:74:Infinity":0,"f:10:10:10:14":0,"b:11:8:13:Infinity:undefined:undefined:undefined:undefined":0,"s:11:8:13:Infinity":1,"s:12:12:12:Infinity":2,"s:15:26:15:Infinity":3,"s:17:21:17:Infinity":4,"s:19:24:19:Infinity":5,"s:21:8:72:Infinity":6,"s:22:26:25:Infinity":7,"s:27:12:30:Infinity":8,"s:32:29:32:Infinity":9,"s:34:12:46:Infinity":10,"s:48:12:50:Infinity":11,"s:52:29:52:Infinity":12,"s:54:12:69:Infinity":13,"b:66:30:66:Infinity:67:30:67:Infinity":1,"s:71:12:71:Infinity":14},"fnNames":{}}}
,"/Users/naufalazhar/Documents/PROJECT/QA-WORKSPACE/flowtest-studio/src/features/execution/runners/GetSizeRunner.ts": {"path":"/Users/naufalazhar/Documents/PROJECT/QA-WORKSPACE/flowtest-studio/src/features/execution/runners/GetSizeRunner.ts","statementMap":{"0":{"start":{"line":9,"column":58},"end":{"line":75,"column":null}},"1":{"start":{"line":11,"column":8},"end":{"line":13,"column":null}},"2":{"start":{"line":12,"column":12},"end":{"line":12,"column":null}},"3":{"start":{"line":15,"column":26},"end":{"line":15,"column":null}},"4":{"start":{"line":17,"column":21},"end":{"line":17,"column":null}},"5":{"start":{"line":19,"column":24},"end":{"line":19,"column":null}},"6":{"start":{"line":21,"column":8},"end":{"line":73,"column":null}},"7":{"start":{"line":22,"column":25},"end":{"line":25,"column":null}},"8":{"start":{"line":27,"column":12},"end":{"line":30,"column":null}},"9":{"start":{"line":32,"column":29},"end":{"line":32,"column":null}},"10":{"start":{"line":34,"column":12},"end":{"line":47,"column":null}},"11":{"start":{"line":49,"column":12},"end":{"line":51,"column":null}},"12":{"start":{"line":53,"column":29},"end":{"line":53,"column":null}},"13":{"start":{"line":55,"column":12},"end":{"line":70,"column":null}},"14":{"start":{"line":72,"column":12},"end":{"line":72,"column":null}}},"fnMap":{"0":{"name":"run","decl":{"start":{"line":10,"column":10},"end":{"line":10,"column":14}},"loc":{"start":{"line":10,"column":20},"end":{"line":74,"column":null}},"line":10}},"branchMap":{"0":{"loc":{"start":{"line":11,"column":8},"end":{"line":13,"column":null}},"type":"if","locations":[{"start":{"line":11,"column":8},"end":{"line":13,"column":null}},{"start":{},"end":{}}],"line":11},"1":{"loc":{"start":{"line":66,"column":24},"end":{"line":68,"column":null}},"type":"cond-expr","locations":[{"start":{"line":67,"column":30},"end":{"line":67,"column":null}},{"start":{"line":68,"column":30},"end":{"line":68,"column":null}}],"line":66}},"s":{"0":2,"1":6,"2":1,"3":5,"4":5,"5":5,"6":5,"7":5,"8":3,"9":3,"10":3,"11":3,"12":2,"13":2,"14":2},"f":{"0":6},"b":{"0":[1,5],"1":[1,1]},"meta":{"lastBranch":2,"lastFunction":1,"lastStatement":15,"seen":{"s:9:58:75:Infinity":0,"f:10:10:10:14":0,"b:11:8:13:Infinity:undefined:undefined:undefined:undefined":0,"s:11:8:13:Infinity":1,"s:12:12:12:Infinity":2,"s:15:26:15:Infinity":3,"s:17:21:17:Infinity":4,"s:19:24:19:Infinity":5,"s:21:8:73:Infinity":6,"s:22:25:25:Infinity":7,"s:27:12:30:Infinity":8,"s:32:29:32:Infinity":9,"s:34:12:47:Infinity":10,"s:49:12:51:Infinity":11,"s:53:29:53:Infinity":12,"s:55:12:70:Infinity":13,"b:67:30:67:Infinity:68:30:68:Infinity":1,"s:72:12:72:Infinity":14},"fnNames":{}}}
,"/Users/naufalazhar/Documents/PROJECT/QA-WORKSPACE/flowtest-studio/src/features/execution/runners/GetTextRunner.ts": {"path":"/Users/naufalazhar/Documents/PROJECT/QA-WORKSPACE/flowtest-studio/src/features/execution/runners/GetTextRunner.ts","statementMap":{"0":{"start":{"line":9,"column":41},"end":{"line":70,"column":null}},"1":{"start":{"line":11,"column":8},"end":{"line":13,"column":null}},"2":{"start":{"line":12,"column":12},"end":{"line":12,"column":null}},"3":{"start":{"line":15,"column":26},"end":{"line":15,"column":null}},"4":{"start":{"line":17,"column":24},"end":{"line":17,"column":null}},"5":{"start":{"line":19,"column":8},"end":{"line":68,"column":null}},"6":{"start":{"line":20,"column":26},"end":{"line":28,"column":null}},"7":{"start":{"line":22,"column":20},"end":{"line":25,"column":null}},"8":{"start":{"line":30,"column":28},"end":{"line":30,"column":null}},"9":{"start":{"line":32,"column":12},"end":{"line":44,"column":null}},"10":{"start":{"line":46,"column":12},"end":{"line":46,"column":null}},"11":{"start":{"line":48,"column":28},"end":{"line":48,"column":null}},"12":{"start":{"line":50,"column":12},"end":{"line":65,"column":null}},"13":{"start":{"line":67,"column":12},"end":{"line":67,"column":null}}},"fnMap":{"0":{"name":"run","decl":{"start":{"line":10,"column":10},"end":{"line":10,"column":14}},"loc":{"start":{"line":10,"column":20},"end":{"line":69,"column":null}},"line":10},"1":{"name":"(anonymous_1)","decl":{"start":{"line":20,"column":32},"end":{"line":20,"column":null}},"loc":{"start":{"line":22,"column":20},"end":{"line":25,"column":null}},"line":22}},"branchMap":{"0":{"loc":{"start":{"line":11,"column":8},"end":{"line":13,"column":null}},"type":"if","locations":[{"start":{"line":11,"column":8},"end":{"line":13,"column":null}},{"start":{},"end":{}}],"line":11},"1":{"loc":{"start":{"line":61,"column":24},"end":{"line":63,"column":null}},"type":"cond-expr","locations":[{"start":{"line":62,"column":30},"end":{"line":62,"column":null}},{"start":{"line":63,"column":30},"end":{"line":63,"column":null}}],"line":61}},"s":{"0":2,"1":7,"2":1,"3":6,"4":6,"5":6,"6":6,"7":3,"8":4,"9":4,"10":4,"11":2,"12":2,"13":2},"f":{"0":7,"1":3},"b":{"0":[1,6],"1":[1,1]},"meta":{"lastBranch":2,"lastFunction":2,"lastStatement":14,"seen":{"s:9:41:70:Infinity":0,"f:10:10:10:14":0,"b:11:8:13:Infinity:undefined:undefined:undefined:undefined":0,"s:11:8:13:Infinity":1,"s:12:12:12:Infinity":2,"s:15:26:15:Infinity":3,"s:17:24:17:Infinity":4,"s:19:8:68:Infinity":5,"s:20:26:28:Infinity":6,"f:20:32:20:Infinity":1,"s:22:20:25:Infinity":7,"s:30:28:30:Infinity":8,"s:32:12:44:Infinity":9,"s:46:12:46:Infinity":10,"s:48:28:48:Infinity":11,"s:50:12:65:Infinity":12,"b:62:30:62:Infinity:63:30:63:Infinity":1,"s:67:12:67:Infinity":13},"fnNames":{}}}
[...]
,"/Users/naufalazhar/Documents/PROJECT/QA-WORKSPACE/flowtest-studio/src/features/generator/factories/createDeviceGetterEmitter.ts": {"path":"/Users/naufalazhar/Documents/PROJECT/QA-WORKSPACE/flowtest-studio/src/features/generator/factories/createDeviceGetterEmitter.ts","statementMap":{"0":{"start":{"line":13,"column":4},"end":{"line":24,"column":null}},"1":{"start":{"line":15,"column":25},"end":{"line":15,"column":null}},"2":{"start":{"line":17,"column":12},"end":{"line":22,"column":null}}},"fnMap":{"0":{"name":"createDeviceGetterEmitter","decl":{"start":{"line":8,"column":16},"end":{"line":8,"column":null}},"loc":{"start":{"line":12,"column":18},"end":{"line":25,"column":null}},"line":12},"1":{"name":"emit","decl":{"start":{"line":14,"column":8},"end":{"line":14,"column":13}},"loc":{"start":{"line":14,"column":19},"end":{"line":23,"column":null}},"line":14}},"branchMap":{},"s":{"0":6,"1":6,"2":6},"f":{"0":6,"1":6},"b":{},"meta":{"lastBranch":0,"lastFunction":2,"lastStatement":3,"seen":{"f:8:16:8:Infinity":0,"s:13:4:24:Infinity":0,"f:14:8:14:13":1,"s:15:25:15:Infinity":1,"s:17:12:22:Infinity":2},"fnNames":{}}}
,"/Users/naufalazhar/Documents/PROJECT/QA-WORKSPACE/flowtest-studio/src/features/generator/factories/createEmitter.ts": {"path":"/Users/naufalazhar/Documents/PROJECT/QA-WORKSPACE/flowtest-studio/src/features/generator/factories/createEmitter.ts","statementMap":{"0":{"start":{"line":17,"column":4},"end":{"line":30,"column":null}},"1":{"start":{"line":22,"column":12},"end":{"line":28,"column":null}}},"fnMap":{"0":{"name":"createEmitter","decl":{"start":{"line":8,"column":16},"end":{"line":8,"column":null}},"loc":{"start":{"line":16,"column":18},"end":{"line":31,"column":null}},"line":16},"1":{"name":"emit","decl":{"start":{"line":18,"column":8},"end":{"line":18,"column":null}},"loc":{"start":{"line":21,"column":10},"end":{"line":29,"column":null}},"line":21}},"branchMap":{},"s":{"0":14,"1":10},"f":{"0":14,"1":10},"b":{},"meta":{"lastBranch":0,"lastFunction":2,"lastStatement":2,"seen":{"f:8:16:8:Infinity":0,"s:17:4:30:Infinity":0,"f:18:8:18:Infinity":1,"s:22:12:28:Infinity":1},"fnNames":{}}}
,"/Users/naufalazhar/Documents/PROJECT/QA-WORKSPACE/flowtest-studio/src/features/generator/factories/createGetterEmitter.ts": {"path":"/Users/naufalazhar/Documents/PROJECT/QA-WORKSPACE/flowtest-studio/src/features/generator/factories/createGetterEmitter.ts","statementMap":{"0":{"start":{"line":14,"column":4},"end":{"line":35,"column":null}},"1":{"start":{"line":16,"column":12},"end":{"line":16,"column":null}},"2":{"start":{"line":18,"column":25},"end":{"line":18,"column":null}},"3":{"start":{"line":20,"column":12},"end":{"line":33,"column":null}}},"fnMap":{"0":{"name":"createGetterEmitter","decl":{"start":{"line":9,"column":16},"end":{"line":9,"column":null}},"loc":{"start":{"line":13,"column":18},"end":{"line":36,"column":null}},"line":13},"1":{"name":"emit","decl":{"start":{"line":15,"column":8},"end":{"line":15,"column":13}},"loc":{"start":{"line":15,"column":28},"end":{"line":34,"column":null}},"line":15}},"branchMap":{},"s":{"0":7,"1":7,"2":7,"3":7},"f":{"0":7,"1":7},"b":{},"meta":{"lastBranch":0,"lastFunction":2,"lastStatement":4,"seen":{"f:9:16:9:Infinity":0,"s:14:4:35:Infinity":0,"f:15:8:15:13":1,"s:16:12:16:Infinity":1,"s:18:25:18:Infinity":2,"s:20:12:33:Infinity":3},"fnNames":{}}}
,"/Users/naufalazhar/Documents/PROJECT/QA-WORKSPACE/flowtest-studio/src/features/generator/factories/createLocatorEmitter.ts": {"path":"/Users/naufalazhar/Documents/PROJECT/QA-WORKSPACE/flowtest-studio/src/features/generator/factories/createLocatorEmitter.ts","statementMap":{"0":{"start":{"line":21,"column":4},"end":{"line":45,"column":null}},"1":{"start":{"line":23,"column":25},"end":{"line":23,"column":null}},"2":{"start":{"line":25,"column":12},"end":{"line":43,"column":null}}},"fnMap":{"0":{"name":"createLocatorEmitter","decl":{"start":{"line":12,"column":16},"end":{"line":12,"column":null}},"loc":{"start":{"line":20,"column":18},"end":{"line":46,"column":null}},"line":20},"1":{"name":"emit","decl":{"start":{"line":22,"column":8},"end":{"line":22,"column":13}},"loc":{"start":{"line":22,"column":28},"end":{"line":44,"column":null}},"line":22}},"branchMap":{"0":{"loc":{"start":{"line":36,"column":24},"end":{"line":41,"column":null}},"type":"cond-expr","locations":[{"start":{"line":37,"column":26},"end":{"line":40,"column":null}},{"start":{"line":41,"column":26},"end":{"line":41,"column":null}}],"line":36}},"s":{"0":17,"1":14,"2":14},"f":{"0":17,"1":14},"b":{"0":[4,10]},"meta":{"lastBranch":1,"lastFunction":2,"lastStatement":3,"seen":{"f:12:16:12:Infinity":0,"s:21:4:45:Infinity":0,"f:22:8:22:13":1,"s:23:25:23:Infinity":1,"s:25:12:43:Infinity":2,"b:37:26:40:Infinity:41:26:41:Infinity":0},"fnNames":{}}}
,"/Users/naufalazhar/Documents/PROJECT/QA-WORKSPACE/flowtest-studio/src/features/generator/factories/createSimpleEmitter.ts": {"path":"/Users/naufalazhar/Documents/PROJECT/QA-WORKSPACE/flowtest-studio/src/features/generator/factories/createSimpleEmitter.ts","statementMap":{"0":{"start":{"line":13,"column":4},"end":{"line":16,"column":null}},"1":{"start":{"line":15,"column":18},"end":{"line":15,"column":null}}},"fnMap":{"0":{"name":"createSimpleEmitter","decl":{"start":{"line":5,"column":16},"end":{"line":5,"column":null}},"loc":{"start":{"line":12,"column":2},"end":{"line":17,"column":null}},"line":12},"1":{"name":"(anonymous_1)","decl":{"start":{"line":14,"column":8},"end":{"line":14,"column":null}},"loc":{"start":{"line":15,"column":18},"end":{"line":15,"column":null}},"line":15}},"branchMap":{},"s":{"0":6,"1":6},"f":{"0":6,"1":6},"b":{},"meta":{"lastBranch":0,"lastFunction":2,"lastStatement":2,"seen":{"f:5:16:5:Infinity":0,"s:13:4:16:Infinity":0,"f:14:8:14:Infinity":1,"s:15:18:15:Infinity":1},"fnNames":{}}}
,"/Users/naufalazhar/Documents/PROJECT/QA-WORKSPACE/flowtest-studio/src/features/generator/formatter/formatPython.ts": {"path":"/Users/naufalazhar/Documents/PROJECT/QA-WORKSPACE/flowtest-studio/src/features/generator/formatter/formatPython.ts","statementMap":{"0":{"start":{"line":4,"column":4},"end":{"line":9,"column":null}},"1":{"start":{"line":7,"column":16},"end":{"line":7,"column":null}}},"fnMap":{"0":{"name":"formatPython","decl":{"start":{"line":1,"column":16},"end":{"line":1,"column":null}},"loc":{"start":{"line":3,"column":10},"end":{"line":10,"column":null}},"line":3},"1":{"name":"(anonymous_1)","decl":{"start":{"line":5,"column":9},"end":{"line":5,"column":null}},"loc":{"start":{"line":7,"column":16},"end":{"line":7,"column":null}},"line":7}},"branchMap":{},"s":{"0":3,"1":5},"f":{"0":3,"1":5},"b":{},"meta":{"lastBranch":0,"lastFunction":2,"lastStatement":2,"seen":{"f:1:16:1:Infinity":0,"s:4:4:9:Infinity":0,"f:5:9:5:Infinity":1,"s:7:16:7:Infinity":1},"fnNames":{}}}
,"/Users/naufalazhar/Documents/PROJECT/QA-WORKSPACE/flowtest-studio/src/features/generator/registry/emitterRegistry.ts": {"path":"/Users/naufalazhar/Documents/PROJECT/QA-WORKSPACE/flowtest-studio/src/features/generator/registry/emitterRegistry.ts","statementMap":{"0":{"start":{"line":14,"column":4},"end":{"line":26,"column":null}}},"fnMap":{},"branchMap":{},"s":{"0":3},"f":{},"b":{},"meta":{"lastBranch":0,"lastFunction":0,"lastStatement":1,"seen":{"s:14:4:26:Infinity":0},"fnNames":{}}}
,"/Users/naufalazhar/Documents/PROJECT/QA-WORKSPACE/flowtest-studio/src/features/generator/store/useGeneratorStore.ts": {"path":"/Users/naufalazhar/Documents/PROJECT/QA-WORKSPACE/flowtest-studio/src/features/generator/store/useGeneratorStore.ts","statementMap":{"0":{"start":{"line":22,"column":4},"end":{"line":50,"column":null}},"1":{"start":{"line":22,"column":37},"end":{"line":50,"column":6}},"2":{"start":{"line":28,"column":12},"end":{"line":34,"column":null}},"3":{"start":{"line":38,"column":12},"end":{"line":40,"column":null}},"4":{"start":{"line":44,"column":12},"end":{"line":48,"column":null}}},"fnMap":{"0":{"name":"(anonymous_0)","decl":{"start":{"line":22,"column":4},"end":{"line":22,"column":28}},"loc":{"start":{"line":22,"column":37},"end":{"line":50,"column":6}},"line":22},"1":{"name":"setProject","decl":{"start":{"line":27,"column":8},"end":{"line":27,"column":19}},"loc":{"start":{"line":27,"column":28},"end":{"line":35,"column":null}},"line":27},"2":{"name":"selectFile","decl":{"start":{"line":37,"column":8},"end":{"line":37,"column":19}},"loc":{"start":{"line":37,"column":25},"end":{"line":41,"column":null}},"line":37},"3":{"name":"clear","decl":{"start":{"line":43,"column":8},"end":{"line":43,"column":16}},"loc":{"start":{"line":43,"column":16},"end":{"line":49,"column":null}},"line":43}},"branchMap":{"0":{"loc":{"start":{"line":32,"column":20},"end":{"line":33,"column":null}},"type":"binary-expr","locations":[{"start":{"line":32,"column":20},"end":{"line":32,"column":null}},{"start":{"line":33,"column":20},"end":{"line":33,"column":null}}],"line":32}},"s":{"0":1,"1":1,"2":3,"3":1,"4":4},"f":{"0":1,"1":3,"2":1,"3":4},"b":{"0":[3,0]},"meta":{"lastBranch":1,"lastFunction":4,"lastStatement":5,"seen":{"s:22:4:50:Infinity":0,"f:22:4:22:28":0,"s:22:37:50:6":1,"f:27:8:27:19":1,"s:28:12:34:Infinity":2,"b:32:20:32:Infinity:33:20:33:Infinity":0,"f:37:8:37:19":2,"s:38:12:40:Infinity":3,"f:43:8:43:16":3,"s:44:12:48:Infinity":4},"fnNames":{}}}
,"/Users/naufalazhar/Documents/PROJECT/QA-WORKSPACE/flowtest-studio/src/features/generator/templates/actionsTemplate.ts": {"path":"/Users/naufalazhar/Documents/PROJECT/QA-WORKSPACE/flowtest-studio/src/features/generator/templates/actionsTemplate.ts","statementMap":{"0":{"start":{"line":2,"column":4},"end":{"line":327,"column":null}}},"fnMap":{"0":{"name":"actionsTemplate","decl":{"start":{"line":1,"column":16},"end":{"line":1,"column":42}},"loc":{"start":{"line":1,"column":42},"end":{"line":328,"column":null}},"line":1}},"branchMap":{},"s":{"0":6},"f":{"0":6},"b":{},"meta":{"lastBranch":0,"lastFunction":1,"lastStatement":1,"seen":{"f:1:16:1:42":0,"s:2:4:327:Infinity":0},"fnNames":{}}}
,"/Users/naufalazhar/Documents/PROJECT/QA-WORKSPACE/flowtest-studio/src/features/generator/templates/assertionsTemplate.ts": {"path":"/Users/naufalazhar/Documents/PROJECT/QA-WORKSPACE/flowtest-studio/src/features/generator/templates/assertionsTemplate.ts","statementMap":{"0":{"start":{"line":2,"column":4},"end":{"line":62,"column":null}}},"fnMap":{"0":{"name":"assertionsTemplate","decl":{"start":{"line":1,"column":16},"end":{"line":1,"column":45}},"loc":{"start":{"line":1,"column":45},"end":{"line":63,"column":null}},"line":1}},"branchMap":{},"s":{"0":6},"f":{"0":6},"b":{},"meta":{"lastBranch":0,"lastFunction":1,"lastStatement":1,"seen":{"f:1:16:1:45":0,"s:2:4:62:Infinity":0},"fnNames":{}}}
,"/Users/naufalazhar/Documents/PROJECT/QA-WORKSPACE/flowtest-studio/src/features/generator/templates/driverTemplate.ts": {"path":"/Users/naufalazhar/Documents/PROJECT/QA-WORKSPACE/flowtest-studio/src/features/generator/templates/driverTemplate.ts","statementMap":{"0":{"start":{"line":2,"column":4},"end":{"line":44,"column":null}}},"fnMap":{"0":{"name":"driverTemplate","decl":{"start":{"line":1,"column":16},"end":{"line":1,"column":41}},"loc":{"start":{"line":1,"column":41},"end":{"line":45,"column":null}},"line":1}},"branchMap":{},"s":{"0":6},"f":{"0":6},"b":{},"meta":{"lastBranch":0,"lastFunction":1,"lastStatement":1,"seen":{"f:1:16:1:41":0,"s:2:4:44:Infinity":0},"fnNames":{}}}
,"/Users/naufalazhar/Documents/PROJECT/QA-WORKSPACE/flowtest-studio/src/features/generator/templates/pythonTestTemplate.ts": {"path":"/Users/naufalazhar/Documents/PROJECT/QA-WORKSPACE/flowtest-studio/src/features/generator/templates/pythonTestTemplate.ts","statementMap":{"0":{"start":{"line":4,"column":4},"end":{"line":19,"column":null}}},"fnMap":{"0":{"name":"pythonTestTemplate","decl":{"start":{"line":1,"column":16},"end":{"line":1,"column":null}},"loc":{"start":{"line":3,"column":10},"end":{"line":20,"column":null}},"line":3}},"branchMap":{},"s":{"0":9},"f":{"0":9},"b":{},"meta":{"lastBranch":0,"lastFunction":1,"lastStatement":1,"seen":{"f:1:16:1:Infinity":0,"s:4:4:19:Infinity":0},"fnNames":{}}}
,"/Users/naufalazhar/Documents/PROJECT/QA-WORKSPACE/flowtest-studio/src/features/generator/templates/variablesTemplate.ts": {"path":"/Users/naufalazhar/Documents/PROJECT/QA-WORKSPACE/flowtest-studio/src/features/generator/templates/variablesTemplate.ts","statementMap":{"0":{"start":{"line":2,"column":4},"end":{"line":25,"column":null}}},"fnMap":{"0":{"name":"variablesTemplate","decl":{"start":{"line":1,"column":16},"end":{"line":1,"column":44}},"loc":{"start":{"line":1,"column":44},"end":{"line":26,"column":null}},"line":1}},"branchMap":{},"s":{"0":6},"f":{"0":6},"b":{},"meta":{"lastBranch":0,"lastFunction":1,"lastStatement":1,"seen":{"f:1:16:1:44":0,"s:2:4:25:Infinity":0},"fnNames":{}}}
,"/Users/naufalazhar/Documents/PROJECT/QA-WORKSPACE/flowtest-studio/src/features/generator/templates/waitsTemplate.ts": {"path":"/Users/naufalazhar/Documents/PROJECT/QA-WORKSPACE/flowtest-studio/src/features/generator/templates/waitsTemplate.ts","statementMap":{"0":{"start":{"line":2,"column":4},"end":{"line":45,"column":null}}},"fnMap":{"0":{"name":"waitsTemplate","decl":{"start":{"line":1,"column":16},"end":{"line":1,"column":40}},"loc":{"start":{"line":1,"column":40},"end":{"line":46,"column":null}},"line":1}},"branchMap":{},"s":{"0":6},"f":{"0":6},"b":{},"meta":{"lastBranch":0,"lastFunction":1,"lastStatement":1,"seen":{"f:1:16:1:40":0,"s:2:4:45:Infinity":0},"fnNames":{}}}
,"/Users/naufalazhar/Documents/PROJECT/QA-WORKSPACE/flowtest-studio/src/features/generator/utils/downloadFile.ts": {"path":"/Users/naufalazhar/Documents/PROJECT/QA-WORKSPACE/flowtest-studio/src/features/generator/utils/downloadFile.ts","statementMap":{"0":{"start":{"line":6,"column":17},"end":{"line":11,"column":null}},"1":{"start":{"line":13,"column":16},"end":{"line":15,"column":null}},"2":{"start":{"line":18,"column":8},"end":{"line":18,"column":null}},"3":{"start":{"line":20,"column":4},"end":{"line":20,"column":null}},"4":{"start":{"line":21,"column":4},"end":{"line":21,"column":null}},"5":{"start":{"line":23,"column":4},"end":{"line":23,"column":null}},"6":{"start":{"line":25,"column":4},"end":{"line":25,"column":null}},"7":{"start":{"line":27,"column":4},"end":{"line":27,"column":null}},"8":{"start":{"line":29,"column":4},"end":{"line":29,"column":null}}},"fnMap":{"0":{"name":"downloadFile","decl":{"start":{"line":1,"column":16},"end":{"line":1,"column":null}},"loc":{"start":{"line":5,"column":8},"end":{"line":30,"column":null}},"line":5}},"branchMap":{"0":{"loc":{"start":{"line":4,"column":4},"end":{"line":4,"column":null}},"type":"default-arg","locations":[{"start":{"line":4,"column":15},"end":{"line":4,"column":null}}],"line":4}},"s":{"0":1,"1":1,"2":1,"3":1,"4":1,"5":1,"6":1,"7":1,"8":1},"f":{"0":1},"b":{"0":[1]},"meta":{"lastBranch":1,"lastFunction":1,"lastStatement":9,"seen":{"f:1:16:1:Infinity":0,"b:4:15:4:Infinity":0,"s:6:17:11:Infinity":0,"s:13:16:15:Infinity":1,"s:18:8:18:Infinity":2,"s:20:4:20:Infinity":3,"s:21:4:21:Infinity":4,"s:23:4:23:Infinity":5,"s:25:4:25:Infinity":6,"s:27:4:27:Infinity":7,"s:29:4:29:Infinity":8},"fnNames":{}}}
,"/Users/naufalazhar/Documents/PROJECT/QA-WORKSPACE/flowtest-studio/src/features/generator/utils/emitFunction.ts": {"path":"/Users/naufalazhar/Documents/PROJECT/QA-WORKSPACE/flowtest-studio/src/features/generator/utils/emitFunction.ts","statementMap":{"0":{"start":{"line":5,"column":4},"end":{"line":7,"column":null}},"1":{"start":{"line":6,"column":8},"end":{"line":6,"column":null}},"2":{"start":{"line":9,"column":4},"end":{"line":14,"column":null}},"3":{"start":{"line":12,"column":21},"end":{"line":12,"column":null}}},"fnMap":{"0":{"name":"emitFunction","decl":{"start":{"line":1,"column":16},"end":{"line":1,"column":null}},"loc":{"start":{"line":4,"column":10},"end":{"line":16,"column":null}},"line":4},"1":{"name":"(anonymous_1)","decl":{"start":{"line":11,"column":9},"end":{"line":11,"column":null}},"loc":{"start":{"line":12,"column":21},"end":{"line":12,"column":null}},"line":12}},"branchMap":{"0":{"loc":{"start":{"line":5,"column":4},"end":{"line":7,"column":null}},"type":"if","locations":[{"start":{"line":5,"column":4},"end":{"line":7,"column":null}},{"start":{},"end":{}}],"line":5}},"s":{"0":42,"1":8,"2":34,"3":82},"f":{"0":42,"1":82},"b":{"0":[8,34]},"meta":{"lastBranch":1,"lastFunction":2,"lastStatement":4,"seen":{"f:1:16:1:Infinity":0,"b:5:4:7:Infinity:undefined:undefined:undefined:undefined":0,"s:5:4:7:Infinity":0,"s:6:8:6:Infinity":1,"s:9:4:14:Infinity":2,"f:11:9:11:Infinity":1,"s:12:21:12:Infinity":3},"fnNames":{}}}
,"/Users/naufalazhar/Documents/PROJECT/QA-WORKSPACE/flowtest-studio/src/features/generator/utils/indent.ts": {"path":"/Users/naufalazhar/Documents/PROJECT/QA-WORKSPACE/flowtest-studio/src/features/generator/utils/indent.ts","statementMap":{"0":{"start":{"line":6,"column":8},"end":{"line":6,"column":null}},"1":{"start":{"line":8,"column":4},"end":{"line":15,"column":null}},"2":{"start":{"line":11,"column":12},"end":{"line":13,"column":null}}},"fnMap":{"0":{"name":"indent","decl":{"start":{"line":1,"column":16},"end":{"line":1,"column":null}},"loc":{"start":{"line":4,"column":10},"end":{"line":16,"column":null}},"line":4},"1":{"name":"(anonymous_1)","decl":{"start":{"line":10,"column":9},"end":{"line":10,"column":14}},"loc":{"start":{"line":11,"column":12},"end":{"line":13,"column":null}},"line":11}},"branchMap":{"0":{"loc":{"start":{"line":3,"column":4},"end":{"line":3,"column":null}},"type":"default-arg","locations":[{"start":{"line":3,"column":13},"end":{"line":3,"column":null}}],"line":3},"1":{"loc":{"start":{"line":11,"column":12},"end":{"line":13,"column":null}},"type":"cond-expr","locations":[{"start":{"line":12,"column":18},"end":{"line":12,"column":null}},{"start":{"line":13,"column":18},"end":{"line":13,"column":null}}],"line":11}},"s":{"0":2,"1":2,"2":5},"f":{"0":2,"1":5},"b":{"0":[2],"1":[1,4]},"meta":{"lastBranch":2,"lastFunction":2,"lastStatement":3,"seen":{"f:1:16:1:Infinity":0,"b:3:13:3:Infinity":0,"s:6:8:6:Infinity":0,"s:8:4:15:Infinity":1,"f:10:9:10:14":1,"s:11:12:13:Infinity":2,"b:12:18:12:Infinity:13:18:13:Infinity":1},"fnNames":{}}}
,"/Users/naufalazhar/Documents/PROJECT/QA-WORKSPACE/flowtest-studio/src/features/generator/utils/locator.ts": {"path":"/Users/naufalazhar/Documents/PROJECT/QA-WORKSPACE/flowtest-studio/src/features/generator/utils/locator.ts","statementMap":{"0":{"start":{"line":4,"column":4},"end":{"line":4,"column":null}}},"fnMap":{"0":{"name":"locatorStrategy","decl":{"start":{"line":1,"column":16},"end":{"line":1,"column":null}},"loc":{"start":{"line":3,"column":10},"end":{"line":5,"column":null}},"line":3}},"branchMap":{},"s":{"0":27},"f":{"0":27},"b":{},"meta":{"lastBranch":0,"lastFunction":1,"lastStatement":1,"seen":{"f:1:16:1:Infinity":0,"s:4:4:4:Infinity":0},"fnNames":{}}}
,"/Users/naufalazhar/Documents/PROJECT/QA-WORKSPACE/flowtest-studio/src/features/generator/utils/quote.ts": {"path":"/Users/naufalazhar/Documents/PROJECT/QA-WORKSPACE/flowtest-studio/src/features/generator/utils/quote.ts","statementMap":{"0":{"start":{"line":4,"column":4},"end":{"line":4,"column":null}}},"fnMap":{"0":{"name":"quote","decl":{"start":{"line":1,"column":16},"end":{"line":1,"column":null}},"loc":{"start":{"line":3,"column":10},"end":{"line":5,"column":null}},"line":3}},"branchMap":{},"s":{"0":66},"f":{"0":66},"b":{},"meta":{"lastBranch":0,"lastFunction":1,"lastStatement":1,"seen":{"f:1:16:1:Infinity":0,"s:4:4:4:Infinity":0},"fnNames":{}}}
}
